2024-04-24 20:41:33,735 INFO o.s.o.j.AbstractEntityManagerFactoryBean [SpringApplicationShutdownHook] Closing JPA EntityManagerFactory for persistence unit 'default'
2024-04-24 20:41:33,738 INFO c.z.h.HikariDataSource [SpringApplicationShutdownHook] HikariPool-1 - Shutdown initiated...
2024-04-24 20:41:33,744 INFO c.z.h.HikariDataSource [SpringApplicationShutdownHook] HikariPool-1 - Shutdown completed.
2024-04-24 20:41:37,441 INFO o.s.b.StartupInfoLogger [main] Starting Xx2Application using Java 20.0.2.1 with PID 11998 (/home/birruby/Documents/work/binar/sinergy7/git/Chapter4/xx2/target/classes started by birruby in /home/birruby/Documents/work/binar/sinergy7/git/Chapter4/xx2)
2024-04-24 20:41:37,444 INFO o.s.b.SpringApplication [main] No active profile set, falling back to 1 default profile: "default"
2024-04-24 20:41:38,218 INFO o.s.d.r.c.RepositoryConfigurationDelegate [main] Bootstrapping Spring Data JPA repositories in DEFAULT mode.
2024-04-24 20:41:38,242 INFO o.s.d.r.c.RepositoryConfigurationDelegate [main] Finished Spring Data repository scanning in 14 ms. Found 0 JPA repository interfaces.
2024-04-24 20:41:38,877 INFO o.s.b.w.e.t.TomcatWebServer [main] Tomcat initialized with port 8081 (http)
2024-04-24 20:41:38,892 INFO o.a.j.l.DirectJDKLog [main] Initializing ProtocolHandler ["http-nio-8081"]
2024-04-24 20:41:38,894 INFO o.a.j.l.DirectJDKLog [main] Starting service [Tomcat]
2024-04-24 20:41:38,895 INFO o.a.j.l.DirectJDKLog [main] Starting Servlet engine: [Apache Tomcat/10.1.20]
2024-04-24 20:41:38,954 INFO o.a.j.l.DirectJDKLog [main] Initializing Spring embedded WebApplicationContext
2024-04-24 20:41:38,955 INFO o.s.b.w.s.c.ServletWebServerApplicationContext [main] Root WebApplicationContext: initialization completed in 1453 ms
2024-04-24 20:41:39,109 INFO c.z.h.HikariDataSource [main] HikariPool-1 - Starting...
2024-04-24 20:41:39,232 INFO c.z.h.p.HikariPool [main] HikariPool-1 - Added connection org.postgresql.jdbc.PgConnection@4cdba2ed
2024-04-24 20:41:39,234 INFO c.z.h.HikariDataSource [main] HikariPool-1 - Start completed.
2024-04-24 20:41:39,291 INFO o.h.j.i.u.LogHelper [main] HHH000204: Processing PersistenceUnitInfo [name: default]
2024-04-24 20:41:39,361 INFO o.h.Version [main] HHH000412: Hibernate ORM core version 6.4.4.Final
2024-04-24 20:41:39,415 INFO o.h.c.i.RegionFactoryInitiator [main] HHH000026: Second-level cache disabled
2024-04-24 20:41:39,703 INFO o.s.o.j.p.SpringPersistenceUnitInfo [main] No LoadTimeWeaver setup: ignoring JPA class transformer
2024-04-24 20:41:40,170 INFO o.h.e.t.j.p.i.JtaPlatformInitiator [main] HHH000489: No JTA platform available (set 'hibernate.transaction.jta.platform' to enable JTA platform integration)
2024-04-24 20:41:40,176 INFO o.s.o.j.AbstractEntityManagerFactoryBean [main] Initialized JPA EntityManagerFactory for persistence unit 'default'
2024-04-24 20:41:40,249 WARN o.s.b.a.o.j.JpaBaseConfiguration$JpaWebConfiguration [main] spring.jpa.open-in-view is enabled by default. Therefore, database queries may be performed during view rendering. Explicitly configure spring.jpa.open-in-view to disable this warning
2024-04-24 20:41:40,747 INFO o.a.j.l.DirectJDKLog [main] Starting ProtocolHandler ["http-nio-8081"]
2024-04-24 20:41:40,763 INFO o.s.b.w.e.t.TomcatWebServer [main] Tomcat started on port 8081 (http) with context path ''
2024-04-24 20:41:40,776 INFO o.s.b.StartupInfoLogger [main] Started Xx2Application in 4.113 seconds (process running for 5.452)
2024-04-24 20:41:40,780 INFO c.e.x.c.HomeController [main] Info
2024-04-24 20:41:40,781 WARN c.e.x.c.HomeController [main] Warn
2024-04-24 20:41:40,781 ERROR c.e.x.c.HomeController [main] Error
2024-04-24 20:41:40,781 INFO c.e.x.c.HomeController [main] Info
2024-04-24 20:41:40,781 WARN c.e.x.c.HomeController [main] Warn
2024-04-24 20:41:40,781 ERROR c.e.x.c.HomeController [main] Error
2024-04-24 20:41:40,781 INFO c.e.x.c.HomeController [main] Info
2024-04-24 20:41:40,781 WARN c.e.x.c.HomeController [main] Warn
2024-04-24 20:41:40,782 ERROR c.e.x.c.HomeController [main] Error
2024-04-24 20:41:40,782 INFO c.e.x.c.HomeController [main] Info
2024-04-24 20:41:40,782 WARN c.e.x.c.HomeController [main] Warn
2024-04-24 20:41:40,782 ERROR c.e.x.c.HomeController [main] Error
2024-04-24 20:41:40,782 INFO c.e.x.c.HomeController [main] Info
2024-04-24 20:41:40,782 WARN c.e.x.c.HomeController [main] Warn
2024-04-24 20:41:40,782 ERROR c.e.x.c.HomeController [main] Error
2024-04-24 20:41:40,782 INFO c.e.x.c.HomeController [main] Info
2024-04-24 20:41:40,782 WARN c.e.x.c.HomeController [main] Warn
2024-04-24 20:41:40,782 ERROR c.e.x.c.HomeController [main] Error
2024-04-24 20:41:40,783 INFO c.e.x.c.HomeController [main] Info
2024-04-24 20:41:40,783 WARN c.e.x.c.HomeController [main] Warn
2024-04-24 20:41:40,783 ERROR c.e.x.c.HomeController [main] Error
2024-04-24 20:41:40,783 INFO c.e.x.c.HomeController [main] Info
2024-04-24 20:41:40,783 WARN c.e.x.c.HomeController [main] Warn
2024-04-24 20:41:40,783 ERROR c.e.x.c.HomeController [main] Error
2024-04-24 20:41:40,783 INFO c.e.x.c.HomeController [main] Info
2024-04-24 20:41:40,783 WARN c.e.x.c.HomeController [main] Warn
2024-04-24 20:41:40,783 ERROR c.e.x.c.HomeController [main] Error
2024-04-24 20:41:40,783 INFO c.e.x.c.HomeController [main] Info
2024-04-24 20:41:40,783 WARN c.e.x.c.HomeController [main] Warn
2024-04-24 20:41:40,784 ERROR c.e.x.c.HomeController [main] Error
2024-04-24 20:41:40,784 INFO c.e.x.c.HomeController [main] Info
2024-04-24 20:41:40,784 WARN c.e.x.c.HomeController [main] Warn
2024-04-24 20:41:40,784 ERROR c.e.x.c.HomeController [main] Error
2024-04-24 20:41:40,784 INFO c.e.x.c.HomeController [main] Info
2024-04-24 20:41:40,784 WARN c.e.x.c.HomeController [main] Warn
2024-04-24 20:41:40,784 ERROR c.e.x.c.HomeController [main] Error
2024-04-24 20:41:40,784 INFO c.e.x.c.HomeController [main] Info
2024-04-24 20:41:40,784 WARN c.e.x.c.HomeController [main] Warn
2024-04-24 20:41:40,784 ERROR c.e.x.c.HomeController [main] Error
2024-04-24 20:41:40,784 INFO c.e.x.c.HomeController [main] Info
2024-04-24 20:41:40,784 WARN c.e.x.c.HomeController [main] Warn
2024-04-24 20:41:40,785 ERROR c.e.x.c.HomeController [main] Error
2024-04-24 20:41:40,785 INFO c.e.x.c.HomeController [main] Info
2024-04-24 20:41:40,785 WARN c.e.x.c.HomeController [main] Warn
2024-04-24 20:41:40,785 ERROR c.e.x.c.HomeController [main] Error
2024-04-24 20:41:40,785 INFO c.e.x.c.HomeController [main] Info
2024-04-24 20:41:40,785 WARN c.e.x.c.HomeController [main] Warn
2024-04-24 20:41:40,785 ERROR c.e.x.c.HomeController [main] Error
2024-04-24 20:41:40,785 INFO c.e.x.c.HomeController [main] Info
2024-04-24 20:41:40,786 WARN c.e.x.c.HomeController [main] Warn
2024-04-24 20:41:40,786 ERROR c.e.x.c.HomeController [main] Error
2024-04-24 20:41:40,786 INFO c.e.x.c.HomeController [main] Info
2024-04-24 20:41:40,786 WARN c.e.x.c.HomeController [main] Warn
2024-04-24 20:41:40,786 ERROR c.e.x.c.HomeController [main] Error
2024-04-24 20:41:40,786 INFO c.e.x.c.HomeController [main] Info
2024-04-24 20:41:40,786 WARN c.e.x.c.HomeController [main] Warn
2024-04-24 20:41:40,787 ERROR c.e.x.c.HomeController [main] Error
2024-04-24 20:41:40,787 INFO c.e.x.c.HomeController [main] Info
2024-04-24 20:41:40,787 WARN c.e.x.c.HomeController [main] Warn
2024-04-24 20:41:40,787 ERROR c.e.x.c.HomeController [main] Error
2024-04-24 20:41:40,787 INFO c.e.x.c.HomeController [main] Info
2024-04-24 20:41:40,787 WARN c.e.x.c.HomeController [main] Warn
2024-04-24 20:41:40,787 ERROR c.e.x.c.HomeController [main] Error
2024-04-24 20:41:40,788 INFO c.e.x.c.HomeController [main] Info
2024-04-24 20:41:40,788 WARN c.e.x.c.HomeController [main] Warn
2024-04-24 20:41:40,788 ERROR c.e.x.c.HomeController [main] Error
2024-04-24 20:41:40,788 INFO c.e.x.c.HomeController [main] Info
2024-04-24 20:41:40,788 WARN c.e.x.c.HomeController [main] Warn
2024-04-24 20:41:40,788 ERROR c.e.x.c.HomeController [main] Error
2024-04-24 20:41:40,788 INFO c.e.x.c.HomeController [main] Info
2024-04-24 20:41:40,789 WARN c.e.x.c.HomeController [main] Warn
2024-04-24 20:41:40,789 ERROR c.e.x.c.HomeController [main] Error
2024-04-24 20:41:40,789 INFO c.e.x.c.HomeController [main] Info
2024-04-24 20:41:40,789 WARN c.e.x.c.HomeController [main] Warn
2024-04-24 20:41:40,789 ERROR c.e.x.c.HomeController [main] Error
2024-04-24 20:41:40,789 INFO c.e.x.c.HomeController [main] Info
2024-04-24 20:41:40,789 WARN c.e.x.c.HomeController [main] Warn
2024-04-24 20:41:40,790 ERROR c.e.x.c.HomeController [main] Error
2024-04-24 20:41:40,790 INFO c.e.x.c.HomeController [main] Info
2024-04-24 20:41:40,790 WARN c.e.x.c.HomeController [main] Warn
2024-04-24 20:41:40,790 ERROR c.e.x.c.HomeController [main] Error
2024-04-24 20:41:40,790 INFO c.e.x.c.HomeController [main] Info
2024-04-24 20:41:40,790 WARN c.e.x.c.HomeController [main] Warn
2024-04-24 20:41:40,791 ERROR c.e.x.c.HomeController [main] Error
2024-04-24 20:41:40,792 INFO c.e.x.c.HomeController [main] Info
2024-04-24 20:41:40,792 WARN c.e.x.c.HomeController [main] Warn
2024-04-24 20:41:40,792 ERROR c.e.x.c.HomeController [main] Error
2024-04-24 20:41:40,793 INFO c.e.x.c.HomeController [main] Info
2024-04-24 20:41:40,794 WARN c.e.x.c.HomeController [main] Warn
2024-04-24 20:41:40,794 ERROR c.e.x.c.HomeController [main] Error
2024-04-24 20:41:40,794 INFO c.e.x.c.HomeController [main] Info
2024-04-24 20:41:40,795 WARN c.e.x.c.HomeController [main] Warn
2024-04-24 20:41:40,795 ERROR c.e.x.c.HomeController [main] Error
2024-04-24 20:41:40,795 INFO c.e.x.c.HomeController [main] Info
2024-04-24 20:41:40,795 WARN c.e.x.c.HomeController [main] Warn
2024-04-24 20:41:40,795 ERROR c.e.x.c.HomeController [main] Error
2024-04-24 20:41:40,795 INFO c.e.x.c.HomeController [main] Info
2024-04-24 20:41:40,795 WARN c.e.x.c.HomeController [main] Warn
2024-04-24 20:41:40,795 ERROR c.e.x.c.HomeController [main] Error
2024-04-24 20:41:40,796 INFO c.e.x.c.HomeController [main] Info
2024-04-24 20:41:40,796 WARN c.e.x.c.HomeController [main] Warn
2024-04-24 20:41:40,796 ERROR c.e.x.c.HomeController [main] Error
2024-04-24 20:41:40,796 INFO c.e.x.c.HomeController [main] Info
2024-04-24 20:41:40,796 WARN c.e.x.c.HomeController [main] Warn
2024-04-24 20:41:40,796 ERROR c.e.x.c.HomeController [main] Error
2024-04-24 20:41:40,796 INFO c.e.x.c.HomeController [main] Info
2024-04-24 20:41:40,796 WARN c.e.x.c.HomeController [main] Warn
2024-04-24 20:41:40,796 ERROR c.e.x.c.HomeController [main] Error
2024-04-24 20:41:40,797 INFO c.e.x.c.HomeController [main] Info
2024-04-24 20:41:40,797 WARN c.e.x.c.HomeController [main] Warn
2024-04-24 20:41:40,797 ERROR c.e.x.c.HomeController [main] Error
2024-04-24 20:41:40,797 INFO c.e.x.c.HomeController [main] Info
2024-04-24 20:41:40,797 WARN c.e.x.c.HomeController [main] Warn
2024-04-24 20:41:40,797 ERROR c.e.x.c.HomeController [main] Error
2024-04-24 20:41:40,797 INFO c.e.x.c.HomeController [main] Info
2024-04-24 20:41:40,797 WARN c.e.x.c.HomeController [main] Warn
2024-04-24 20:41:40,797 ERROR c.e.x.c.HomeController [main] Error
2024-04-24 20:41:40,797 INFO c.e.x.c.HomeController [main] Info
2024-04-24 20:41:40,798 WARN c.e.x.c.HomeController [main] Warn
2024-04-24 20:41:40,798 ERROR c.e.x.c.HomeController [main] Error
2024-04-24 20:41:40,798 INFO c.e.x.c.HomeController [main] Info
2024-04-24 20:41:40,798 WARN c.e.x.c.HomeController [main] Warn
2024-04-24 20:41:40,798 ERROR c.e.x.c.HomeController [main] Error
2024-04-24 20:41:40,798 INFO c.e.x.c.HomeController [main] Info
2024-04-24 20:41:40,798 WARN c.e.x.c.HomeController [main] Warn
2024-04-24 20:41:40,798 ERROR c.e.x.c.HomeController [main] Error
2024-04-24 20:41:40,798 INFO c.e.x.c.HomeController [main] Info
2024-04-24 20:41:40,798 WARN c.e.x.c.HomeController [main] Warn
2024-04-24 20:41:40,799 ERROR c.e.x.c.HomeController [main] Error
2024-04-24 20:41:40,799 INFO c.e.x.c.HomeController [main] Info
2024-04-24 20:41:40,799 WARN c.e.x.c.HomeController [main] Warn
2024-04-24 20:41:40,799 ERROR c.e.x.c.HomeController [main] Error
2024-04-24 20:41:40,799 INFO c.e.x.c.HomeController [main] Info
2024-04-24 20:41:40,799 WARN c.e.x.c.HomeController [main] Warn
2024-04-24 20:41:40,799 ERROR c.e.x.c.HomeController [main] Error
2024-04-24 20:41:40,799 INFO c.e.x.c.HomeController [main] Info
2024-04-24 20:41:40,799 WARN c.e.x.c.HomeController [main] Warn
2024-04-24 20:41:40,799 ERROR c.e.x.c.HomeController [main] Error
2024-04-24 20:41:40,799 INFO c.e.x.c.HomeController [main] Info
2024-04-24 20:41:40,799 WARN c.e.x.c.HomeController [main] Warn
2024-04-24 20:41:40,800 ERROR c.e.x.c.HomeController [main] Error
2024-04-24 20:41:40,800 INFO c.e.x.c.HomeController [main] Info
2024-04-24 20:41:40,800 WARN c.e.x.c.HomeController [main] Warn
2024-04-24 20:41:40,800 ERROR c.e.x.c.HomeController [main] Error
2024-04-24 20:41:40,800 INFO c.e.x.c.HomeController [main] Info
2024-04-24 20:41:40,800 WARN c.e.x.c.HomeController [main] Warn
2024-04-24 20:41:40,800 ERROR c.e.x.c.HomeController [main] Error
2024-04-24 20:41:40,800 INFO c.e.x.c.HomeController [main] Info
2024-04-24 20:41:40,800 WARN c.e.x.c.HomeController [main] Warn
2024-04-24 20:41:40,800 ERROR c.e.x.c.HomeController [main] Error
2024-04-24 20:41:40,800 INFO c.e.x.c.HomeController [main] Info
2024-04-24 20:41:40,800 WARN c.e.x.c.HomeController [main] Warn
2024-04-24 20:41:40,800 ERROR c.e.x.c.HomeController [main] Error
2024-04-24 20:41:40,801 INFO c.e.x.c.HomeController [main] Info
2024-04-24 20:41:40,801 WARN c.e.x.c.HomeController [main] Warn
2024-04-24 20:41:40,801 ERROR c.e.x.c.HomeController [main] Error
2024-04-24 20:41:40,801 INFO c.e.x.c.HomeController [main] Info
2024-04-24 20:41:40,801 WARN c.e.x.c.HomeController [main] Warn
2024-04-24 20:41:40,801 ERROR c.e.x.c.HomeController [main] Error
2024-04-24 20:41:40,801 INFO c.e.x.c.HomeController [main] Info
2024-04-24 20:41:40,801 WARN c.e.x.c.HomeController [main] Warn
2024-04-24 20:41:40,801 ERROR c.e.x.c.HomeController [main] Error
2024-04-24 20:41:40,801 INFO c.e.x.c.HomeController [main] Info
2024-04-24 20:41:40,801 WARN c.e.x.c.HomeController [main] Warn
2024-04-24 20:41:40,801 ERROR c.e.x.c.HomeController [main] Error
2024-04-24 20:41:40,801 INFO c.e.x.c.HomeController [main] Info
2024-04-24 20:41:40,802 WARN c.e.x.c.HomeController [main] Warn
2024-04-24 20:41:40,802 ERROR c.e.x.c.HomeController [main] Error
2024-04-24 20:41:40,802 INFO c.e.x.c.HomeController [main] Info
2024-04-24 20:41:40,802 WARN c.e.x.c.HomeController [main] Warn
2024-04-24 20:41:40,802 ERROR c.e.x.c.HomeController [main] Error
2024-04-24 20:41:40,802 INFO c.e.x.c.HomeController [main] Info
2024-04-24 20:41:40,802 WARN c.e.x.c.HomeController [main] Warn
2024-04-24 20:41:40,802 ERROR c.e.x.c.HomeController [main] Error
2024-04-24 20:41:40,802 INFO c.e.x.c.HomeController [main] Info
2024-04-24 20:41:40,803 WARN c.e.x.c.HomeController [main] Warn
2024-04-24 20:41:40,803 ERROR c.e.x.c.HomeController [main] Error
2024-04-24 20:41:40,803 INFO c.e.x.c.HomeController [main] Info
2024-04-24 20:41:40,803 WARN c.e.x.c.HomeController [main] Warn
2024-04-24 20:41:40,803 ERROR c.e.x.c.HomeController [main] Error
2024-04-24 20:41:40,803 INFO c.e.x.c.HomeController [main] Info
2024-04-24 20:41:40,803 WARN c.e.x.c.HomeController [main] Warn
2024-04-24 20:41:40,804 ERROR c.e.x.c.HomeController [main] Error
2024-04-24 20:41:40,804 INFO c.e.x.c.HomeController [main] Info
2024-04-24 20:41:40,804 WARN c.e.x.c.HomeController [main] Warn
2024-04-24 20:41:40,804 ERROR c.e.x.c.HomeController [main] Error
2024-04-24 20:41:40,804 INFO c.e.x.c.HomeController [main] Info
2024-04-24 20:41:40,804 WARN c.e.x.c.HomeController [main] Warn
2024-04-24 20:41:40,804 ERROR c.e.x.c.HomeController [main] Error
2024-04-24 20:41:40,804 INFO c.e.x.c.HomeController [main] Info
2024-04-24 20:41:40,804 WARN c.e.x.c.HomeController [main] Warn
2024-04-24 20:41:40,804 ERROR c.e.x.c.HomeController [main] Error
2024-04-24 20:41:40,804 INFO c.e.x.c.HomeController [main] Info
2024-04-24 20:41:40,805 WARN c.e.x.c.HomeController [main] Warn
2024-04-24 20:41:40,805 ERROR c.e.x.c.HomeController [main] Error
2024-04-24 20:41:40,805 INFO c.e.x.c.HomeController [main] Info
2024-04-24 20:41:40,805 WARN c.e.x.c.HomeController [main] Warn
2024-04-24 20:41:40,805 ERROR c.e.x.c.HomeController [main] Error
2024-04-24 20:41:40,805 INFO c.e.x.c.HomeController [main] Info
2024-04-24 20:41:40,805 WARN c.e.x.c.HomeController [main] Warn
2024-04-24 20:41:40,805 ERROR c.e.x.c.HomeController [main] Error
2024-04-24 20:41:40,805 INFO c.e.x.c.HomeController [main] Info
2024-04-24 20:41:40,805 WARN c.e.x.c.HomeController [main] Warn
2024-04-24 20:41:40,805 ERROR c.e.x.c.HomeController [main] Error
2024-04-24 20:41:40,805 INFO c.e.x.c.HomeController [main] Info
2024-04-24 20:41:40,806 WARN c.e.x.c.HomeController [main] Warn
2024-04-24 20:41:40,806 ERROR c.e.x.c.HomeController [main] Error
2024-04-24 20:41:40,806 INFO c.e.x.c.HomeController [main] Info
2024-04-24 20:41:40,806 WARN c.e.x.c.HomeController [main] Warn
2024-04-24 20:41:40,806 ERROR c.e.x.c.HomeController [main] Error
2024-04-24 20:41:40,806 INFO c.e.x.c.HomeController [main] Info
2024-04-24 20:41:40,806 WARN c.e.x.c.HomeController [main] Warn
2024-04-24 20:41:40,806 ERROR c.e.x.c.HomeController [main] Error
2024-04-24 20:41:40,806 INFO c.e.x.c.HomeController [main] Info
2024-04-24 20:41:40,806 WARN c.e.x.c.HomeController [main] Warn
2024-04-24 20:41:40,806 ERROR c.e.x.c.HomeController [main] Error
2024-04-24 20:41:40,806 INFO c.e.x.c.HomeController [main] Info
2024-04-24 20:41:40,806 WARN c.e.x.c.HomeController [main] Warn
2024-04-24 20:41:40,806 ERROR c.e.x.c.HomeController [main] Error
2024-04-24 20:41:40,806 INFO c.e.x.c.HomeController [main] Info
2024-04-24 20:41:40,807 WARN c.e.x.c.HomeController [main] Warn
2024-04-24 20:41:40,807 ERROR c.e.x.c.HomeController [main] Error
2024-04-24 20:41:40,807 INFO c.e.x.c.HomeController [main] Info
2024-04-24 20:41:40,807 WARN c.e.x.c.HomeController [main] Warn
2024-04-24 20:41:40,807 ERROR c.e.x.c.HomeController [main] Error
2024-04-24 20:41:40,807 INFO c.e.x.c.HomeController [main] Info
2024-04-24 20:41:40,807 WARN c.e.x.c.HomeController [main] Warn
2024-04-24 20:41:40,807 ERROR c.e.x.c.HomeController [main] Error
2024-04-24 20:41:40,807 INFO c.e.x.c.HomeController [main] Info
2024-04-24 20:41:40,807 WARN c.e.x.c.HomeController [main] Warn
2024-04-24 20:41:40,807 ERROR c.e.x.c.HomeController [main] Error
2024-04-24 20:41:40,807 INFO c.e.x.c.HomeController [main] Info
2024-04-24 20:41:40,807 WARN c.e.x.c.HomeController [main] Warn
2024-04-24 20:41:40,808 ERROR c.e.x.c.HomeController [main] Error
2024-04-24 20:41:40,808 INFO c.e.x.c.HomeController [main] Info
2024-04-24 20:41:40,808 WARN c.e.x.c.HomeController [main] Warn
2024-04-24 20:41:40,808 ERROR c.e.x.c.HomeController [main] Error
2024-04-24 20:41:40,808 INFO c.e.x.c.HomeController [main] Info
2024-04-24 20:41:40,808 WARN c.e.x.c.HomeController [main] Warn
2024-04-24 20:41:40,808 ERROR c.e.x.c.HomeController [main] Error
2024-04-24 20:41:40,808 INFO c.e.x.c.HomeController [main] Info
2024-04-24 20:41:40,808 WARN c.e.x.c.HomeController [main] Warn
2024-04-24 20:41:40,808 ERROR c.e.x.c.HomeController [main] Error
2024-04-24 20:41:40,808 INFO c.e.x.c.HomeController [main] Info
2024-04-24 20:41:40,809 WARN c.e.x.c.HomeController [main] Warn
2024-04-24 20:41:40,809 ERROR c.e.x.c.HomeController [main] Error
2024-04-24 20:41:40,809 INFO c.e.x.c.HomeController [main] Info
2024-04-24 20:41:40,809 WARN c.e.x.c.HomeController [main] Warn
2024-04-24 20:41:40,809 ERROR c.e.x.c.HomeController [main] Error
2024-04-24 20:41:40,809 INFO c.e.x.c.HomeController [main] Info
2024-04-24 20:41:40,809 WARN c.e.x.c.HomeController [main] Warn
2024-04-24 20:41:40,809 ERROR c.e.x.c.HomeController [main] Error
2024-04-24 20:41:40,809 INFO c.e.x.c.HomeController [main] Info
2024-04-24 20:41:40,809 WARN c.e.x.c.HomeController [main] Warn
2024-04-24 20:41:40,809 ERROR c.e.x.c.HomeController [main] Error
2024-04-24 20:41:40,809 INFO c.e.x.c.HomeController [main] Info
2024-04-24 20:41:40,809 WARN c.e.x.c.HomeController [main] Warn
2024-04-24 20:41:40,809 ERROR c.e.x.c.HomeController [main] Error
2024-04-24 20:41:40,810 INFO c.e.x.c.HomeController [main] Info
2024-04-24 20:41:40,810 WARN c.e.x.c.HomeController [main] Warn
2024-04-24 20:41:40,810 ERROR c.e.x.c.HomeController [main] Error
2024-04-24 20:41:40,810 INFO c.e.x.c.HomeController [main] Info
2024-04-24 20:41:40,810 WARN c.e.x.c.HomeController [main] Warn
2024-04-24 20:41:40,810 ERROR c.e.x.c.HomeController [main] Error
2024-04-24 20:41:40,810 INFO c.e.x.c.HomeController [main] Info
2024-04-24 20:41:40,810 WARN c.e.x.c.HomeController [main] Warn
2024-04-24 20:41:40,810 ERROR c.e.x.c.HomeController [main] Error
2024-04-24 20:41:40,810 INFO c.e.x.c.HomeController [main] Info
2024-04-24 20:41:40,810 WARN c.e.x.c.HomeController [main] Warn
2024-04-24 20:41:40,810 ERROR c.e.x.c.HomeController [main] Error
2024-04-24 20:41:40,810 INFO c.e.x.c.HomeController [main] Info
2024-04-24 20:41:40,810 WARN c.e.x.c.HomeController [main] Warn
2024-04-24 20:41:40,810 ERROR c.e.x.c.HomeController [main] Error
2024-04-24 20:41:40,811 INFO c.e.x.c.HomeController [main] Info
2024-04-24 20:41:40,811 WARN c.e.x.c.HomeController [main] Warn
2024-04-24 20:41:40,811 ERROR c.e.x.c.HomeController [main] Error
2024-04-24 20:41:40,811 INFO c.e.x.c.HomeController [main] Info
2024-04-24 20:41:40,811 WARN c.e.x.c.HomeController [main] Warn
2024-04-24 20:41:40,811 ERROR c.e.x.c.HomeController [main] Error
2024-04-24 20:41:40,811 INFO c.e.x.c.HomeController [main] Info
2024-04-24 20:41:40,811 WARN c.e.x.c.HomeController [main] Warn
2024-04-24 20:41:40,811 ERROR c.e.x.c.HomeController [main] Error
2024-04-24 20:41:40,811 INFO c.e.x.c.HomeController [main] Info
2024-04-24 20:41:40,811 WARN c.e.x.c.HomeController [main] Warn
2024-04-24 20:41:40,811 ERROR c.e.x.c.HomeController [main] Error
2024-04-24 20:41:40,811 INFO c.e.x.c.HomeController [main] Info
2024-04-24 20:41:40,811 WARN c.e.x.c.HomeController [main] Warn
2024-04-24 20:41:40,811 ERROR c.e.x.c.HomeController [main] Error
2024-04-24 20:41:40,811 INFO c.e.x.c.HomeController [main] Info
2024-04-24 20:41:40,812 WARN c.e.x.c.HomeController [main] Warn
2024-04-24 20:41:40,812 ERROR c.e.x.c.HomeController [main] Error
2024-04-24 20:41:40,812 INFO c.e.x.c.HomeController [main] Info
2024-04-24 20:41:40,812 WARN c.e.x.c.HomeController [main] Warn
2024-04-24 20:41:40,812 ERROR c.e.x.c.HomeController [main] Error
2024-04-24 20:41:40,812 INFO c.e.x.c.HomeController [main] Info
2024-04-24 20:41:40,812 WARN c.e.x.c.HomeController [main] Warn
2024-04-24 20:41:40,812 ERROR c.e.x.c.HomeController [main] Error
2024-04-24 20:41:40,812 INFO c.e.x.c.HomeController [main] Info
2024-04-24 20:41:40,812 WARN c.e.x.c.HomeController [main] Warn
2024-04-24 20:41:40,812 ERROR c.e.x.c.HomeController [main] Error
2024-04-24 20:41:40,812 INFO c.e.x.c.HomeController [main] Info
2024-04-24 20:41:40,812 WARN c.e.x.c.HomeController [main] Warn
2024-04-24 20:41:40,812 ERROR c.e.x.c.HomeController [main] Error
