2024-05-31 22:50:06,440 INFO o.s.b.StartupInfoLogger [main] Starting Xx2Application using Java 22.0.1 with PID 20417 (/home/birruby/Documents/work/binar/sinergy7/git/Chapter6/xx2/target/classes started by birruby in /home/birruby/Documents/work/binar/sinergy7/git/Chapter6/xx2)
2024-05-31 22:50:06,443 INFO o.s.b.SpringApplication [main] No active profile set, falling back to 1 default profile: "default"
2024-05-31 22:50:07,128 INFO o.s.d.r.c.RepositoryConfigurationDelegate [main] Bootstrapping Spring Data JPA repositories in DEFAULT mode.
2024-05-31 22:50:07,186 INFO o.s.d.r.c.RepositoryConfigurationDelegate [main] Finished Spring Data repository scanning in 52 ms. Found 6 JPA repository interfaces.
2024-05-31 22:50:07,647 INFO o.s.b.w.e.t.TomcatWebServer [main] Tomcat initialized with port 8080 (http)
2024-05-31 22:50:07,656 INFO o.a.j.l.DirectJDKLog [main] Initializing ProtocolHandler ["http-nio-8080"]
2024-05-31 22:50:07,657 INFO o.a.j.l.DirectJDKLog [main] Starting service [Tomcat]
2024-05-31 22:50:07,657 INFO o.a.j.l.DirectJDKLog [main] Starting Servlet engine: [Apache Tomcat/10.1.20]
2024-05-31 22:50:07,701 INFO o.a.j.l.DirectJDKLog [main] Initializing Spring embedded WebApplicationContext
2024-05-31 22:50:07,701 INFO o.s.b.w.s.c.ServletWebServerApplicationContext [main] Root WebApplicationContext: initialization completed in 1215 ms
2024-05-31 22:50:07,821 INFO o.h.j.i.u.LogHelper [main] HHH000204: Processing PersistenceUnitInfo [name: default]
2024-05-31 22:50:07,862 INFO o.h.Version [main] HHH000412: Hibernate ORM core version 6.4.4.Final
2024-05-31 22:50:07,909 INFO o.h.c.i.RegionFactoryInitiator [main] HHH000026: Second-level cache disabled
2024-05-31 22:50:08,076 INFO o.s.o.j.p.SpringPersistenceUnitInfo [main] No LoadTimeWeaver setup: ignoring JPA class transformer
2024-05-31 22:50:08,096 INFO c.z.h.HikariDataSource [main] HikariPool-1 - Starting...
2024-05-31 22:50:08,160 INFO c.z.h.p.HikariPool [main] HikariPool-1 - Added connection org.postgresql.jdbc.PgConnection@e4b54d3
2024-05-31 22:50:08,162 INFO c.z.h.HikariDataSource [main] HikariPool-1 - Start completed.
2024-05-31 22:50:08,185 WARN o.h.e.j.d.i.DialectFactoryImpl [main] HHH90000025: PostgreSQLDialect does not need to be specified explicitly using 'hibernate.dialect' (remove the property setting and it will be selected by default)
2024-05-31 22:50:08,993 INFO o.h.e.t.j.p.i.JtaPlatformInitiator [main] HHH000489: No JTA platform available (set 'hibernate.transaction.jta.platform' to enable JTA platform integration)
2024-05-31 22:50:09,084 INFO o.s.o.j.AbstractEntityManagerFactoryBean [main] Initialized JPA EntityManagerFactory for persistence unit 'default'
2024-05-31 22:50:09,533 INFO o.s.d.j.r.q.QueryEnhancerFactory [main] Hibernate is in classpath; If applicable, HQL parser will be used.
2024-05-31 22:50:09,662 WARN o.s.b.a.o.j.JpaBaseConfiguration$JpaWebConfiguration [main] spring.jpa.open-in-view is enabled by default. Therefore, database queries may be performed during view rendering. Explicitly configure spring.jpa.open-in-view to disable this warning
2024-05-31 22:50:10,021 INFO o.s.s.w.DefaultSecurityFilterChain [main] Will secure any request with [org.springframework.security.web.session.DisableEncodeUrlFilter@5b9ed77b, org.springframework.security.web.context.request.async.WebAsyncManagerIntegrationFilter@a8177f6, org.springframework.security.web.context.SecurityContextHolderFilter@17baaf07, org.springframework.security.web.header.HeaderWriterFilter@3ce2c454, org.springframework.web.filter.CorsFilter@7b88a2e2, org.springframework.security.web.authentication.logout.LogoutFilter@724e82d9, org.springframework.security.oauth2.client.web.OAuth2AuthorizationRequestRedirectFilter@6d4062fd, org.springframework.security.oauth2.client.web.OAuth2LoginAuthenticationFilter@6426ad0b, com.example.xx2.security.jwt.JwtAuthTokenFilter@2f51b100, org.springframework.security.web.authentication.UsernamePasswordAuthenticationFilter@4fc00158, org.springframework.security.web.savedrequest.RequestCacheAwareFilter@7f478529, org.springframework.security.web.servletapi.SecurityContextHolderAwareRequestFilter@45ed58b, org.springframework.security.web.authentication.AnonymousAuthenticationFilter@664217a8, org.springframework.security.web.access.ExceptionTranslationFilter@4c020e58, org.springframework.security.web.access.intercept.AuthorizationFilter@686ee555]
2024-05-31 22:50:10,308 WARN o.s.s.c.a.w.b.WebSecurity [main] You are asking Spring Security to ignore Mvc [pattern='/webjars/**']. This is not recommended -- please use permitAll via HttpSecurity#authorizeHttpRequests instead.
2024-05-31 22:50:10,308 INFO o.s.s.w.DefaultSecurityFilterChain [main] Will not secure Mvc [pattern='/webjars/**']
2024-05-31 22:50:10,309 WARN o.s.s.c.a.w.b.WebSecurity [main] You are asking Spring Security to ignore Mvc [pattern='/images/**']. This is not recommended -- please use permitAll via HttpSecurity#authorizeHttpRequests instead.
2024-05-31 22:50:10,309 INFO o.s.s.w.DefaultSecurityFilterChain [main] Will not secure Mvc [pattern='/images/**']
2024-05-31 22:50:10,309 WARN o.s.s.c.a.w.b.WebSecurity [main] You are asking Spring Security to ignore Mvc [pattern='/css/**']. This is not recommended -- please use permitAll via HttpSecurity#authorizeHttpRequests instead.
2024-05-31 22:50:10,309 INFO o.s.s.w.DefaultSecurityFilterChain [main] Will not secure Mvc [pattern='/css/**']
2024-05-31 22:50:10,309 WARN o.s.s.c.a.w.b.WebSecurity [main] You are asking Spring Security to ignore Mvc [pattern='/assets/**']. This is not recommended -- please use permitAll via HttpSecurity#authorizeHttpRequests instead.
2024-05-31 22:50:10,309 INFO o.s.s.w.DefaultSecurityFilterChain [main] Will not secure Mvc [pattern='/assets/**']
2024-05-31 22:50:10,309 WARN o.s.s.c.a.w.b.WebSecurity [main] You are asking Spring Security to ignore Mvc [pattern='/favicon.ico']. This is not recommended -- please use permitAll via HttpSecurity#authorizeHttpRequests instead.
2024-05-31 22:50:10,310 INFO o.s.s.w.DefaultSecurityFilterChain [main] Will not secure Mvc [pattern='/favicon.ico']
2024-05-31 22:50:10,357 INFO o.a.j.l.DirectJDKLog [main] Starting ProtocolHandler ["http-nio-8080"]
2024-05-31 22:50:10,367 INFO o.s.b.w.e.t.TomcatWebServer [main] Tomcat started on port 8080 (http) with context path ''
2024-05-31 22:50:10,376 INFO o.s.b.StartupInfoLogger [main] Started Xx2Application in 4.418 seconds (process running for 4.912)
2024-05-31 22:50:12,076 INFO o.a.j.l.DirectJDKLog [http-nio-8080-exec-1] Initializing Spring DispatcherServlet 'dispatcherServlet'
2024-05-31 22:50:12,077 INFO o.s.w.s.FrameworkServlet [http-nio-8080-exec-1] Initializing Servlet 'dispatcherServlet'
2024-05-31 22:50:12,078 INFO o.s.w.s.FrameworkServlet [http-nio-8080-exec-1] Completed initialization in 1 ms
2024-05-31 22:50:12,837 INFO o.s.a.AbstractOpenApiResource [http-nio-8080-exec-1] Init duration for springdoc-openapi is: 300 ms
2024-05-31 22:50:20,615 ERROR c.e.x.s.j.AuthEntryPointJwt [http-nio-8080-exec-2] Unauthorized error:Full authentication is required to access this resource
2024-05-31 22:50:20,652 ERROR c.e.x.s.j.AuthEntryPointJwt [http-nio-8080-exec-4] Unauthorized error:Full authentication is required to access this resource
2024-05-31 22:50:25,190 ERROR c.e.x.s.j.AuthEntryPointJwt [http-nio-8080-exec-3] Unauthorized error:Full authentication is required to access this resource
2024-05-31 22:50:25,238 ERROR c.e.x.s.j.AuthEntryPointJwt [http-nio-8080-exec-5] Unauthorized error:Full authentication is required to access this resource
2024-05-31 22:50:53,957 ERROR c.e.x.s.j.AuthEntryPointJwt [http-nio-8080-exec-6] Unauthorized error:Full authentication is required to access this resource
2024-05-31 22:50:54,001 ERROR c.e.x.s.j.AuthEntryPointJwt [http-nio-8080-exec-7] Unauthorized error:Full authentication is required to access this resource
2024-05-31 22:51:23,391 ERROR c.e.x.s.j.AuthEntryPointJwt [http-nio-8080-exec-1] Unauthorized error:Full authentication is required to access this resource
2024-05-31 22:51:23,431 ERROR c.e.x.s.j.AuthEntryPointJwt [http-nio-8080-exec-2] Unauthorized error:Full authentication is required to access this resource
2024-05-31 22:51:50,183 ERROR c.e.x.s.j.AuthEntryPointJwt [http-nio-8080-exec-1] Unauthorized error:Full authentication is required to access this resource
2024-05-31 22:51:50,426 ERROR c.e.x.s.j.AuthEntryPointJwt [http-nio-8080-exec-2] Unauthorized error:Full authentication is required to access this resource
2024-05-31 22:51:50,462 ERROR c.e.x.s.j.AuthEntryPointJwt [http-nio-8080-exec-3] Unauthorized error:Full authentication is required to access this resource
2024-05-31 22:52:10,444 ERROR c.e.x.s.j.AuthEntryPointJwt [http-nio-8080-exec-6] Unauthorized error:Full authentication is required to access this resource
2024-05-31 22:52:10,486 ERROR c.e.x.s.j.AuthEntryPointJwt [http-nio-8080-exec-5] Unauthorized error:Full authentication is required to access this resource
2024-05-31 22:52:13,146 ERROR c.e.x.s.j.AuthEntryPointJwt [http-nio-8080-exec-4] Unauthorized error:Full authentication is required to access this resource
2024-05-31 22:52:13,189 ERROR c.e.x.s.j.AuthEntryPointJwt [http-nio-8080-exec-7] Unauthorized error:Full authentication is required to access this resource
2024-05-31 22:52:35,268 ERROR c.e.x.s.j.AuthEntryPointJwt [http-nio-8080-exec-8] Unauthorized error:Full authentication is required to access this resource
2024-05-31 22:53:09,310 INFO o.s.o.j.AbstractEntityManagerFactoryBean [SpringApplicationShutdownHook] Closing JPA EntityManagerFactory for persistence unit 'default'
2024-05-31 22:53:09,312 INFO c.z.h.HikariDataSource [SpringApplicationShutdownHook] HikariPool-1 - Shutdown initiated...
2024-05-31 22:53:09,316 INFO c.z.h.HikariDataSource [SpringApplicationShutdownHook] HikariPool-1 - Shutdown completed.
2024-05-31 22:53:12,179 INFO o.s.b.StartupInfoLogger [main] Starting Xx2Application using Java 22.0.1 with PID 20905 (/home/birruby/Documents/work/binar/sinergy7/git/Chapter6/xx2/target/classes started by birruby in /home/birruby/Documents/work/binar/sinergy7/git/Chapter6/xx2)
2024-05-31 22:53:12,181 INFO o.s.b.SpringApplication [main] No active profile set, falling back to 1 default profile: "default"
2024-05-31 22:53:12,850 INFO o.s.d.r.c.RepositoryConfigurationDelegate [main] Bootstrapping Spring Data JPA repositories in DEFAULT mode.
2024-05-31 22:53:12,906 INFO o.s.d.r.c.RepositoryConfigurationDelegate [main] Finished Spring Data repository scanning in 51 ms. Found 6 JPA repository interfaces.
2024-05-31 22:53:13,367 INFO o.s.b.w.e.t.TomcatWebServer [main] Tomcat initialized with port 8080 (http)
2024-05-31 22:53:13,376 INFO o.a.j.l.DirectJDKLog [main] Initializing ProtocolHandler ["http-nio-8080"]
2024-05-31 22:53:13,377 INFO o.a.j.l.DirectJDKLog [main] Starting service [Tomcat]
2024-05-31 22:53:13,377 INFO o.a.j.l.DirectJDKLog [main] Starting Servlet engine: [Apache Tomcat/10.1.20]
2024-05-31 22:53:13,417 INFO o.a.j.l.DirectJDKLog [main] Initializing Spring embedded WebApplicationContext
2024-05-31 22:53:13,417 INFO o.s.b.w.s.c.ServletWebServerApplicationContext [main] Root WebApplicationContext: initialization completed in 1203 ms
2024-05-31 22:53:13,574 INFO o.h.j.i.u.LogHelper [main] HHH000204: Processing PersistenceUnitInfo [name: default]
2024-05-31 22:53:13,638 INFO o.h.Version [main] HHH000412: Hibernate ORM core version 6.4.4.Final
2024-05-31 22:53:13,677 INFO o.h.c.i.RegionFactoryInitiator [main] HHH000026: Second-level cache disabled
2024-05-31 22:53:13,842 INFO o.s.o.j.p.SpringPersistenceUnitInfo [main] No LoadTimeWeaver setup: ignoring JPA class transformer
2024-05-31 22:53:13,860 INFO c.z.h.HikariDataSource [main] HikariPool-1 - Starting...
2024-05-31 22:53:13,924 INFO c.z.h.p.HikariPool [main] HikariPool-1 - Added connection org.postgresql.jdbc.PgConnection@2faf6e4a
2024-05-31 22:53:13,925 INFO c.z.h.HikariDataSource [main] HikariPool-1 - Start completed.
2024-05-31 22:53:13,945 WARN o.h.e.j.d.i.DialectFactoryImpl [main] HHH90000025: PostgreSQLDialect does not need to be specified explicitly using 'hibernate.dialect' (remove the property setting and it will be selected by default)
2024-05-31 22:53:14,767 INFO o.h.e.t.j.p.i.JtaPlatformInitiator [main] HHH000489: No JTA platform available (set 'hibernate.transaction.jta.platform' to enable JTA platform integration)
2024-05-31 22:53:14,864 INFO o.s.o.j.AbstractEntityManagerFactoryBean [main] Initialized JPA EntityManagerFactory for persistence unit 'default'
2024-05-31 22:53:15,328 INFO o.s.d.j.r.q.QueryEnhancerFactory [main] Hibernate is in classpath; If applicable, HQL parser will be used.
2024-05-31 22:53:15,465 WARN o.s.b.a.o.j.JpaBaseConfiguration$JpaWebConfiguration [main] spring.jpa.open-in-view is enabled by default. Therefore, database queries may be performed during view rendering. Explicitly configure spring.jpa.open-in-view to disable this warning
2024-05-31 22:53:15,830 INFO o.s.s.w.DefaultSecurityFilterChain [main] Will secure any request with [org.springframework.security.web.session.DisableEncodeUrlFilter@7f088b5c, org.springframework.security.web.context.request.async.WebAsyncManagerIntegrationFilter@56d189d0, org.springframework.security.web.context.SecurityContextHolderFilter@17fbbf0a, org.springframework.security.web.header.HeaderWriterFilter@3eed0375, org.springframework.web.filter.CorsFilter@14941b06, org.springframework.security.web.authentication.logout.LogoutFilter@5fb392e, org.springframework.security.oauth2.client.web.OAuth2AuthorizationRequestRedirectFilter@7955b4d4, org.springframework.security.oauth2.client.web.OAuth2LoginAuthenticationFilter@6e98fd10, com.example.xx2.security.jwt.JwtAuthTokenFilter@230dd372, org.springframework.security.web.authentication.UsernamePasswordAuthenticationFilter@2cf6dd4d, org.springframework.security.web.savedrequest.RequestCacheAwareFilter@6a28d987, org.springframework.security.web.servletapi.SecurityContextHolderAwareRequestFilter@d41518b, org.springframework.security.web.authentication.AnonymousAuthenticationFilter@7d776105, org.springframework.security.web.access.ExceptionTranslationFilter@16ecdb6d, org.springframework.security.web.access.intercept.AuthorizationFilter@352bea0e]
2024-05-31 22:53:16,164 WARN o.s.s.c.a.w.b.WebSecurity [main] You are asking Spring Security to ignore Mvc [pattern='/webjars/**']. This is not recommended -- please use permitAll via HttpSecurity#authorizeHttpRequests instead.
2024-05-31 22:53:16,164 INFO o.s.s.w.DefaultSecurityFilterChain [main] Will not secure Mvc [pattern='/webjars/**']
2024-05-31 22:53:16,164 WARN o.s.s.c.a.w.b.WebSecurity [main] You are asking Spring Security to ignore Mvc [pattern='/images/**']. This is not recommended -- please use permitAll via HttpSecurity#authorizeHttpRequests instead.
2024-05-31 22:53:16,164 INFO o.s.s.w.DefaultSecurityFilterChain [main] Will not secure Mvc [pattern='/images/**']
2024-05-31 22:53:16,164 WARN o.s.s.c.a.w.b.WebSecurity [main] You are asking Spring Security to ignore Mvc [pattern='/css/**']. This is not recommended -- please use permitAll via HttpSecurity#authorizeHttpRequests instead.
2024-05-31 22:53:16,164 INFO o.s.s.w.DefaultSecurityFilterChain [main] Will not secure Mvc [pattern='/css/**']
2024-05-31 22:53:16,165 WARN o.s.s.c.a.w.b.WebSecurity [main] You are asking Spring Security to ignore Mvc [pattern='/assets/**']. This is not recommended -- please use permitAll via HttpSecurity#authorizeHttpRequests instead.
2024-05-31 22:53:16,165 INFO o.s.s.w.DefaultSecurityFilterChain [main] Will not secure Mvc [pattern='/assets/**']
2024-05-31 22:53:16,165 WARN o.s.s.c.a.w.b.WebSecurity [main] You are asking Spring Security to ignore Mvc [pattern='/favicon.ico']. This is not recommended -- please use permitAll via HttpSecurity#authorizeHttpRequests instead.
2024-05-31 22:53:16,165 INFO o.s.s.w.DefaultSecurityFilterChain [main] Will not secure Mvc [pattern='/favicon.ico']
2024-05-31 22:53:16,214 INFO o.a.j.l.DirectJDKLog [main] Starting ProtocolHandler ["http-nio-8080"]
2024-05-31 22:53:16,225 INFO o.s.b.w.e.t.TomcatWebServer [main] Tomcat started on port 8080 (http) with context path ''
2024-05-31 22:53:16,233 INFO o.s.b.StartupInfoLogger [main] Started Xx2Application in 4.541 seconds (process running for 5.058)
2024-05-31 22:53:17,299 INFO o.a.j.l.DirectJDKLog [http-nio-8080-exec-1] Initializing Spring DispatcherServlet 'dispatcherServlet'
2024-05-31 22:53:17,300 INFO o.s.w.s.FrameworkServlet [http-nio-8080-exec-1] Initializing Servlet 'dispatcherServlet'
2024-05-31 22:53:17,301 INFO o.s.w.s.FrameworkServlet [http-nio-8080-exec-1] Completed initialization in 1 ms
2024-05-31 22:53:17,603 ERROR c.e.x.s.j.AuthEntryPointJwt [http-nio-8080-exec-2] Unauthorized error:Full authentication is required to access this resource
2024-05-31 22:53:19,870 ERROR c.e.x.s.j.AuthEntryPointJwt [http-nio-8080-exec-4] Unauthorized error:Full authentication is required to access this resource
2024-05-31 22:53:21,699 ERROR c.e.x.s.j.AuthEntryPointJwt [http-nio-8080-exec-5] Unauthorized error:Full authentication is required to access this resource
2024-05-31 22:53:57,439 ERROR c.e.x.s.j.AuthEntryPointJwt [http-nio-8080-exec-7] Unauthorized error:Full authentication is required to access this resource
2024-05-31 22:53:57,472 ERROR c.e.x.s.j.AuthEntryPointJwt [http-nio-8080-exec-8] Unauthorized error:Full authentication is required to access this resource
2024-05-31 22:54:09,325 INFO o.s.o.j.AbstractEntityManagerFactoryBean [SpringApplicationShutdownHook] Closing JPA EntityManagerFactory for persistence unit 'default'
2024-05-31 22:54:09,327 INFO c.z.h.HikariDataSource [SpringApplicationShutdownHook] HikariPool-1 - Shutdown initiated...
2024-05-31 22:54:09,330 INFO c.z.h.HikariDataSource [SpringApplicationShutdownHook] HikariPool-1 - Shutdown completed.
2024-05-31 22:54:12,989 INFO o.s.b.StartupInfoLogger [main] Starting Xx2Application using Java 22.0.1 with PID 21149 (/home/birruby/Documents/work/binar/sinergy7/git/Chapter6/xx2/target/classes started by birruby in /home/birruby/Documents/work/binar/sinergy7/git/Chapter6/xx2)
2024-05-31 22:54:12,990 INFO o.s.b.SpringApplication [main] No active profile set, falling back to 1 default profile: "default"
2024-05-31 22:54:13,693 INFO o.s.d.r.c.RepositoryConfigurationDelegate [main] Bootstrapping Spring Data JPA repositories in DEFAULT mode.
2024-05-31 22:54:13,750 INFO o.s.d.r.c.RepositoryConfigurationDelegate [main] Finished Spring Data repository scanning in 52 ms. Found 6 JPA repository interfaces.
2024-05-31 22:54:14,203 INFO o.s.b.w.e.t.TomcatWebServer [main] Tomcat initialized with port 8080 (http)
2024-05-31 22:54:14,212 INFO o.a.j.l.DirectJDKLog [main] Initializing ProtocolHandler ["http-nio-8080"]
2024-05-31 22:54:14,214 INFO o.a.j.l.DirectJDKLog [main] Starting service [Tomcat]
2024-05-31 22:54:14,214 INFO o.a.j.l.DirectJDKLog [main] Starting Servlet engine: [Apache Tomcat/10.1.20]
2024-05-31 22:54:14,254 INFO o.a.j.l.DirectJDKLog [main] Initializing Spring embedded WebApplicationContext
2024-05-31 22:54:14,255 INFO o.s.b.w.s.c.ServletWebServerApplicationContext [main] Root WebApplicationContext: initialization completed in 1224 ms
2024-05-31 22:54:14,375 INFO o.h.j.i.u.LogHelper [main] HHH000204: Processing PersistenceUnitInfo [name: default]
2024-05-31 22:54:14,413 INFO o.h.Version [main] HHH000412: Hibernate ORM core version 6.4.4.Final
2024-05-31 22:54:14,451 INFO o.h.c.i.RegionFactoryInitiator [main] HHH000026: Second-level cache disabled
2024-05-31 22:54:14,605 INFO o.s.o.j.p.SpringPersistenceUnitInfo [main] No LoadTimeWeaver setup: ignoring JPA class transformer
2024-05-31 22:54:14,624 INFO c.z.h.HikariDataSource [main] HikariPool-1 - Starting...
2024-05-31 22:54:14,690 INFO c.z.h.p.HikariPool [main] HikariPool-1 - Added connection org.postgresql.jdbc.PgConnection@3e4f2300
2024-05-31 22:54:14,692 INFO c.z.h.HikariDataSource [main] HikariPool-1 - Start completed.
2024-05-31 22:54:14,712 WARN o.h.e.j.d.i.DialectFactoryImpl [main] HHH90000025: PostgreSQLDialect does not need to be specified explicitly using 'hibernate.dialect' (remove the property setting and it will be selected by default)
2024-05-31 22:54:15,469 INFO o.h.e.t.j.p.i.JtaPlatformInitiator [main] HHH000489: No JTA platform available (set 'hibernate.transaction.jta.platform' to enable JTA platform integration)
2024-05-31 22:54:15,556 INFO o.s.o.j.AbstractEntityManagerFactoryBean [main] Initialized JPA EntityManagerFactory for persistence unit 'default'
2024-05-31 22:54:16,014 INFO o.s.d.j.r.q.QueryEnhancerFactory [main] Hibernate is in classpath; If applicable, HQL parser will be used.
2024-05-31 22:54:16,147 WARN o.s.b.a.o.j.JpaBaseConfiguration$JpaWebConfiguration [main] spring.jpa.open-in-view is enabled by default. Therefore, database queries may be performed during view rendering. Explicitly configure spring.jpa.open-in-view to disable this warning
2024-05-31 22:54:16,505 INFO o.s.s.w.DefaultSecurityFilterChain [main] Will secure any request with [org.springframework.security.web.session.DisableEncodeUrlFilter@4af5c14c, org.springframework.security.web.context.request.async.WebAsyncManagerIntegrationFilter@74d4f542, org.springframework.security.web.context.SecurityContextHolderFilter@7bfd8f92, org.springframework.security.web.header.HeaderWriterFilter@7f478529, org.springframework.web.filter.CorsFilter@25d5327, org.springframework.security.web.authentication.logout.LogoutFilter@791dcda7, org.springframework.security.oauth2.client.web.OAuth2AuthorizationRequestRedirectFilter@5339cdc6, org.springframework.security.oauth2.client.web.OAuth2LoginAuthenticationFilter@7b88a2e2, com.example.xx2.security.jwt.JwtAuthTokenFilter@654dbb78, org.springframework.security.web.authentication.UsernamePasswordAuthenticationFilter@5eba0cc5, org.springframework.security.web.savedrequest.RequestCacheAwareFilter@4ad04b05, org.springframework.security.web.servletapi.SecurityContextHolderAwareRequestFilter@78b888df, org.springframework.security.web.authentication.AnonymousAuthenticationFilter@188500e9, org.springframework.security.web.access.ExceptionTranslationFilter@17baaf07, org.springframework.security.web.access.intercept.AuthorizationFilter@58e46572]
2024-05-31 22:54:16,795 WARN o.s.s.c.a.w.b.WebSecurity [main] You are asking Spring Security to ignore Mvc [pattern='/webjars/**']. This is not recommended -- please use permitAll via HttpSecurity#authorizeHttpRequests instead.
2024-05-31 22:54:16,795 INFO o.s.s.w.DefaultSecurityFilterChain [main] Will not secure Mvc [pattern='/webjars/**']
2024-05-31 22:54:16,795 WARN o.s.s.c.a.w.b.WebSecurity [main] You are asking Spring Security to ignore Mvc [pattern='/images/**']. This is not recommended -- please use permitAll via HttpSecurity#authorizeHttpRequests instead.
2024-05-31 22:54:16,795 INFO o.s.s.w.DefaultSecurityFilterChain [main] Will not secure Mvc [pattern='/images/**']
2024-05-31 22:54:16,795 WARN o.s.s.c.a.w.b.WebSecurity [main] You are asking Spring Security to ignore Mvc [pattern='/css/**']. This is not recommended -- please use permitAll via HttpSecurity#authorizeHttpRequests instead.
2024-05-31 22:54:16,795 INFO o.s.s.w.DefaultSecurityFilterChain [main] Will not secure Mvc [pattern='/css/**']
2024-05-31 22:54:16,796 WARN o.s.s.c.a.w.b.WebSecurity [main] You are asking Spring Security to ignore Mvc [pattern='/assets/**']. This is not recommended -- please use permitAll via HttpSecurity#authorizeHttpRequests instead.
2024-05-31 22:54:16,796 INFO o.s.s.w.DefaultSecurityFilterChain [main] Will not secure Mvc [pattern='/assets/**']
2024-05-31 22:54:16,796 WARN o.s.s.c.a.w.b.WebSecurity [main] You are asking Spring Security to ignore Mvc [pattern='/favicon.ico']. This is not recommended -- please use permitAll via HttpSecurity#authorizeHttpRequests instead.
2024-05-31 22:54:16,796 INFO o.s.s.w.DefaultSecurityFilterChain [main] Will not secure Mvc [pattern='/favicon.ico']
2024-05-31 22:54:16,843 INFO o.a.j.l.DirectJDKLog [main] Starting ProtocolHandler ["http-nio-8080"]
2024-05-31 22:54:16,855 INFO o.s.b.w.e.t.TomcatWebServer [main] Tomcat started on port 8080 (http) with context path ''
2024-05-31 22:54:16,862 INFO o.s.b.StartupInfoLogger [main] Started Xx2Application in 4.342 seconds (process running for 4.885)
2024-05-31 22:54:18,219 INFO o.a.j.l.DirectJDKLog [http-nio-8080-exec-1] Initializing Spring DispatcherServlet 'dispatcherServlet'
2024-05-31 22:54:18,219 INFO o.s.w.s.FrameworkServlet [http-nio-8080-exec-1] Initializing Servlet 'dispatcherServlet'
2024-05-31 22:54:18,220 INFO o.s.w.s.FrameworkServlet [http-nio-8080-exec-1] Completed initialization in 1 ms
2024-05-31 22:54:18,254 ERROR c.e.x.s.j.AuthEntryPointJwt [http-nio-8080-exec-1] Unauthorized error:Full authentication is required to access this resource
2024-05-31 22:54:18,292 ERROR c.e.x.s.j.AuthEntryPointJwt [http-nio-8080-exec-2] Unauthorized error:Full authentication is required to access this resource
2024-05-31 22:54:19,983 ERROR c.e.x.s.j.AuthEntryPointJwt [http-nio-8080-exec-3] Unauthorized error:Full authentication is required to access this resource
2024-05-31 22:54:20,021 ERROR c.e.x.s.j.AuthEntryPointJwt [http-nio-8080-exec-4] Unauthorized error:Full authentication is required to access this resource
2024-05-31 22:54:20,841 ERROR c.e.x.s.j.AuthEntryPointJwt [http-nio-8080-exec-5] Unauthorized error:Full authentication is required to access this resource
2024-05-31 22:54:20,868 ERROR c.e.x.s.j.AuthEntryPointJwt [http-nio-8080-exec-6] Unauthorized error:Full authentication is required to access this resource
2024-05-31 22:54:21,581 ERROR c.e.x.s.j.AuthEntryPointJwt [http-nio-8080-exec-7] Unauthorized error:Full authentication is required to access this resource
2024-05-31 22:54:21,626 ERROR c.e.x.s.j.AuthEntryPointJwt [http-nio-8080-exec-8] Unauthorized error:Full authentication is required to access this resource
2024-05-31 22:54:22,441 ERROR c.e.x.s.j.AuthEntryPointJwt [http-nio-8080-exec-9] Unauthorized error:Full authentication is required to access this resource
2024-05-31 22:54:22,491 ERROR c.e.x.s.j.AuthEntryPointJwt [http-nio-8080-exec-10] Unauthorized error:Full authentication is required to access this resource
2024-05-31 22:54:22,909 ERROR c.e.x.s.j.AuthEntryPointJwt [http-nio-8080-exec-1] Unauthorized error:Full authentication is required to access this resource
2024-05-31 22:54:22,954 ERROR c.e.x.s.j.AuthEntryPointJwt [http-nio-8080-exec-2] Unauthorized error:Full authentication is required to access this resource
2024-05-31 22:54:23,527 ERROR c.e.x.s.j.AuthEntryPointJwt [http-nio-8080-exec-3] Unauthorized error:Full authentication is required to access this resource
2024-05-31 22:54:23,564 ERROR c.e.x.s.j.AuthEntryPointJwt [http-nio-8080-exec-4] Unauthorized error:Full authentication is required to access this resource
2024-05-31 22:54:23,971 ERROR c.e.x.s.j.AuthEntryPointJwt [http-nio-8080-exec-5] Unauthorized error:Full authentication is required to access this resource
2024-05-31 22:54:24,018 ERROR c.e.x.s.j.AuthEntryPointJwt [http-nio-8080-exec-6] Unauthorized error:Full authentication is required to access this resource
2024-05-31 22:54:24,337 ERROR c.e.x.s.j.AuthEntryPointJwt [http-nio-8080-exec-7] Unauthorized error:Full authentication is required to access this resource
2024-05-31 22:54:24,367 ERROR c.e.x.s.j.AuthEntryPointJwt [http-nio-8080-exec-8] Unauthorized error:Full authentication is required to access this resource
2024-05-31 22:54:24,550 ERROR c.e.x.s.j.AuthEntryPointJwt [http-nio-8080-exec-9] Unauthorized error:Full authentication is required to access this resource
2024-05-31 22:54:24,578 ERROR c.e.x.s.j.AuthEntryPointJwt [http-nio-8080-exec-10] Unauthorized error:Full authentication is required to access this resource
2024-05-31 22:54:24,761 ERROR c.e.x.s.j.AuthEntryPointJwt [http-nio-8080-exec-1] Unauthorized error:Full authentication is required to access this resource
2024-05-31 22:54:24,797 ERROR c.e.x.s.j.AuthEntryPointJwt [http-nio-8080-exec-2] Unauthorized error:Full authentication is required to access this resource
2024-05-31 22:54:25,001 ERROR c.e.x.s.j.AuthEntryPointJwt [http-nio-8080-exec-3] Unauthorized error:Full authentication is required to access this resource
2024-05-31 22:54:25,037 ERROR c.e.x.s.j.AuthEntryPointJwt [http-nio-8080-exec-4] Unauthorized error:Full authentication is required to access this resource
2024-05-31 22:54:25,271 ERROR c.e.x.s.j.AuthEntryPointJwt [http-nio-8080-exec-5] Unauthorized error:Full authentication is required to access this resource
2024-05-31 22:54:25,321 ERROR c.e.x.s.j.AuthEntryPointJwt [http-nio-8080-exec-6] Unauthorized error:Full authentication is required to access this resource
2024-05-31 22:54:25,466 ERROR c.e.x.s.j.AuthEntryPointJwt [http-nio-8080-exec-7] Unauthorized error:Full authentication is required to access this resource
2024-05-31 22:54:25,541 ERROR c.e.x.s.j.AuthEntryPointJwt [http-nio-8080-exec-8] Unauthorized error:Full authentication is required to access this resource
2024-05-31 22:54:25,750 ERROR c.e.x.s.j.AuthEntryPointJwt [http-nio-8080-exec-9] Unauthorized error:Full authentication is required to access this resource
2024-05-31 22:54:25,823 ERROR c.e.x.s.j.AuthEntryPointJwt [http-nio-8080-exec-10] Unauthorized error:Full authentication is required to access this resource
2024-05-31 22:54:26,035 ERROR c.e.x.s.j.AuthEntryPointJwt [http-nio-8080-exec-1] Unauthorized error:Full authentication is required to access this resource
2024-05-31 22:54:26,107 ERROR c.e.x.s.j.AuthEntryPointJwt [http-nio-8080-exec-2] Unauthorized error:Full authentication is required to access this resource
2024-05-31 22:54:26,620 ERROR c.e.x.s.j.AuthEntryPointJwt [http-nio-8080-exec-3] Unauthorized error:Full authentication is required to access this resource
2024-05-31 22:54:26,654 ERROR c.e.x.s.j.AuthEntryPointJwt [http-nio-8080-exec-4] Unauthorized error:Full authentication is required to access this resource
2024-05-31 22:54:28,845 ERROR c.e.x.s.j.AuthEntryPointJwt [http-nio-8080-exec-5] Unauthorized error:Full authentication is required to access this resource
2024-05-31 22:54:28,880 ERROR c.e.x.s.j.AuthEntryPointJwt [http-nio-8080-exec-6] Unauthorized error:Full authentication is required to access this resource
2024-05-31 22:55:05,495 ERROR c.e.x.s.j.AuthEntryPointJwt [http-nio-8080-exec-7] Unauthorized error:Full authentication is required to access this resource
2024-05-31 22:55:05,544 ERROR c.e.x.s.j.AuthEntryPointJwt [http-nio-8080-exec-8] Unauthorized error:Full authentication is required to access this resource
2024-05-31 22:55:06,300 ERROR c.e.x.s.j.AuthEntryPointJwt [http-nio-8080-exec-9] Unauthorized error:Full authentication is required to access this resource
2024-05-31 22:55:06,342 ERROR c.e.x.s.j.AuthEntryPointJwt [http-nio-8080-exec-10] Unauthorized error:Full authentication is required to access this resource
2024-05-31 22:55:06,861 ERROR c.e.x.s.j.AuthEntryPointJwt [http-nio-8080-exec-1] Unauthorized error:Full authentication is required to access this resource
2024-05-31 22:55:06,901 ERROR c.e.x.s.j.AuthEntryPointJwt [http-nio-8080-exec-2] Unauthorized error:Full authentication is required to access this resource
2024-05-31 22:55:15,109 ERROR c.e.x.s.j.AuthEntryPointJwt [http-nio-8080-exec-3] Unauthorized error:Full authentication is required to access this resource
2024-05-31 22:55:15,142 ERROR c.e.x.s.j.AuthEntryPointJwt [http-nio-8080-exec-4] Unauthorized error:Full authentication is required to access this resource
2024-05-31 22:55:18,548 INFO o.s.a.AbstractOpenApiResource [http-nio-8080-exec-1] Init duration for springdoc-openapi is: 251 ms
2024-05-31 22:55:58,377 INFO o.s.o.j.AbstractEntityManagerFactoryBean [SpringApplicationShutdownHook] Closing JPA EntityManagerFactory for persistence unit 'default'
2024-05-31 22:55:58,378 INFO c.z.h.HikariDataSource [SpringApplicationShutdownHook] HikariPool-1 - Shutdown initiated...
2024-05-31 22:55:58,380 INFO c.z.h.HikariDataSource [SpringApplicationShutdownHook] HikariPool-1 - Shutdown completed.
