2024-04-26 20:47:55,012 INFO o.s.b.StartupInfoLogger [main] Starting Xx2Application using Java 20.0.2.1 with PID 22031 (/home/birruby/Documents/work/binar/sinergy7/git/Chapter4/xx2/target/classes started by birruby in /home/birruby/Documents/work/binar/sinergy7/git/Chapter4/xx2)
2024-04-26 20:47:55,020 INFO o.s.b.SpringApplication [main] No active profile set, falling back to 1 default profile: "default"
2024-04-26 20:47:56,224 INFO o.s.d.r.c.RepositoryConfigurationDelegate [main] Bootstrapping Spring Data JPA repositories in DEFAULT mode.
2024-04-26 20:47:56,261 INFO o.s.d.r.c.RepositoryConfigurationDelegate [main] Finished Spring Data repository scanning in 22 ms. Found 0 JPA repository interfaces.
2024-04-26 20:47:57,066 INFO o.s.b.w.e.t.TomcatWebServer [main] Tomcat initialized with port 8081 (http)
2024-04-26 20:47:57,083 INFO o.a.j.l.DirectJDKLog [main] Initializing ProtocolHandler ["http-nio-8081"]
2024-04-26 20:47:57,085 INFO o.a.j.l.DirectJDKLog [main] Starting service [Tomcat]
2024-04-26 20:47:57,086 INFO o.a.j.l.DirectJDKLog [main] Starting Servlet engine: [Apache Tomcat/10.1.20]
2024-04-26 20:47:57,158 INFO o.a.j.l.DirectJDKLog [main] Initializing Spring embedded WebApplicationContext
2024-04-26 20:47:57,159 INFO o.s.b.w.s.c.ServletWebServerApplicationContext [main] Root WebApplicationContext: initialization completed in 2036 ms
2024-04-26 20:47:57,431 INFO o.h.j.i.u.LogHelper [main] HHH000204: Processing PersistenceUnitInfo [name: default]
2024-04-26 20:47:57,520 INFO o.h.Version [main] HHH000412: Hibernate ORM core version 6.4.4.Final
2024-04-26 20:47:57,572 INFO o.h.c.i.RegionFactoryInitiator [main] HHH000026: Second-level cache disabled
2024-04-26 20:47:58,031 INFO o.s.o.j.p.SpringPersistenceUnitInfo [main] No LoadTimeWeaver setup: ignoring JPA class transformer
2024-04-26 20:47:58,080 INFO c.z.h.HikariDataSource [main] HikariPool-1 - Starting...
2024-04-26 20:47:58,230 INFO c.z.h.p.HikariPool [main] HikariPool-1 - Added connection org.postgresql.jdbc.PgConnection@23c7cb18
2024-04-26 20:47:58,233 INFO c.z.h.HikariDataSource [main] HikariPool-1 - Start completed.
2024-04-26 20:47:58,287 WARN o.h.e.j.d.i.DialectFactoryImpl [main] HHH90000025: PostgreSQLDialect does not need to be specified explicitly using 'hibernate.dialect' (remove the property setting and it will be selected by default)
2024-04-26 20:47:59,547 INFO o.h.e.t.j.p.i.JtaPlatformInitiator [main] HHH000489: No JTA platform available (set 'hibernate.transaction.jta.platform' to enable JTA platform integration)
2024-04-26 20:47:59,616 INFO o.s.o.j.AbstractEntityManagerFactoryBean [main] Initialized JPA EntityManagerFactory for persistence unit 'default'
2024-04-26 20:47:59,710 WARN o.s.b.a.o.j.JpaBaseConfiguration$JpaWebConfiguration [main] spring.jpa.open-in-view is enabled by default. Therefore, database queries may be performed during view rendering. Explicitly configure spring.jpa.open-in-view to disable this warning
2024-04-26 20:48:00,334 INFO o.a.j.l.DirectJDKLog [main] Starting ProtocolHandler ["http-nio-8081"]
2024-04-26 20:48:00,353 INFO o.s.b.w.e.t.TomcatWebServer [main] Tomcat started on port 8081 (http) with context path ''
2024-04-26 20:48:00,369 INFO o.s.b.StartupInfoLogger [main] Started Xx2Application in 6.544 seconds (process running for 8.922)
2024-04-26 20:50:07,793 INFO o.s.o.j.AbstractEntityManagerFactoryBean [SpringApplicationShutdownHook] Closing JPA EntityManagerFactory for persistence unit 'default'
2024-04-26 20:50:07,795 INFO c.z.h.HikariDataSource [SpringApplicationShutdownHook] HikariPool-1 - Shutdown initiated...
2024-04-26 20:50:07,800 INFO c.z.h.HikariDataSource [SpringApplicationShutdownHook] HikariPool-1 - Shutdown completed.
2024-04-26 20:50:34,972 INFO o.s.b.StartupInfoLogger [main] Starting Xx2Application using Java 20.0.2.1 with PID 22498 (/home/birruby/Documents/work/binar/sinergy7/git/Chapter4/xx2/target/classes started by birruby in /home/birruby/Documents/work/binar/sinergy7/git/Chapter4/xx2)
2024-04-26 20:50:34,976 INFO o.s.b.SpringApplication [main] No active profile set, falling back to 1 default profile: "default"
2024-04-26 20:50:35,968 INFO o.s.d.r.c.RepositoryConfigurationDelegate [main] Bootstrapping Spring Data JPA repositories in DEFAULT mode.
2024-04-26 20:50:35,998 INFO o.s.d.r.c.RepositoryConfigurationDelegate [main] Finished Spring Data repository scanning in 19 ms. Found 0 JPA repository interfaces.
2024-04-26 20:50:36,757 INFO o.s.b.w.e.t.TomcatWebServer [main] Tomcat initialized with port 8081 (http)
2024-04-26 20:50:36,774 INFO o.a.j.l.DirectJDKLog [main] Initializing ProtocolHandler ["http-nio-8081"]
2024-04-26 20:50:36,777 INFO o.a.j.l.DirectJDKLog [main] Starting service [Tomcat]
2024-04-26 20:50:36,778 INFO o.a.j.l.DirectJDKLog [main] Starting Servlet engine: [Apache Tomcat/10.1.20]
2024-04-26 20:50:36,845 INFO o.a.j.l.DirectJDKLog [main] Initializing Spring embedded WebApplicationContext
2024-04-26 20:50:36,846 INFO o.s.b.w.s.c.ServletWebServerApplicationContext [main] Root WebApplicationContext: initialization completed in 1798 ms
2024-04-26 20:50:37,089 INFO o.h.j.i.u.LogHelper [main] HHH000204: Processing PersistenceUnitInfo [name: default]
2024-04-26 20:50:37,174 INFO o.h.Version [main] HHH000412: Hibernate ORM core version 6.4.4.Final
2024-04-26 20:50:37,238 INFO o.h.c.i.RegionFactoryInitiator [main] HHH000026: Second-level cache disabled
2024-04-26 20:50:37,613 INFO o.s.o.j.p.SpringPersistenceUnitInfo [main] No LoadTimeWeaver setup: ignoring JPA class transformer
2024-04-26 20:50:37,669 INFO c.z.h.HikariDataSource [main] HikariPool-1 - Starting...
2024-04-26 20:50:37,835 INFO c.z.h.p.HikariPool [main] HikariPool-1 - Added connection org.postgresql.jdbc.PgConnection@14874a5d
2024-04-26 20:50:37,838 INFO c.z.h.HikariDataSource [main] HikariPool-1 - Start completed.
2024-04-26 20:50:37,884 WARN o.h.e.j.d.i.DialectFactoryImpl [main] HHH90000025: PostgreSQLDialect does not need to be specified explicitly using 'hibernate.dialect' (remove the property setting and it will be selected by default)
2024-04-26 20:50:39,100 INFO o.h.e.t.j.p.i.JtaPlatformInitiator [main] HHH000489: No JTA platform available (set 'hibernate.transaction.jta.platform' to enable JTA platform integration)
2024-04-26 20:50:39,187 INFO o.s.o.j.AbstractEntityManagerFactoryBean [main] Initialized JPA EntityManagerFactory for persistence unit 'default'
2024-04-26 20:50:39,268 WARN o.s.b.a.o.j.JpaBaseConfiguration$JpaWebConfiguration [main] spring.jpa.open-in-view is enabled by default. Therefore, database queries may be performed during view rendering. Explicitly configure spring.jpa.open-in-view to disable this warning
2024-04-26 20:50:40,287 INFO o.a.j.l.DirectJDKLog [main] Starting ProtocolHandler ["http-nio-8081"]
2024-04-26 20:50:40,308 INFO o.s.b.w.e.t.TomcatWebServer [main] Tomcat started on port 8081 (http) with context path ''
2024-04-26 20:50:40,331 INFO o.s.b.StartupInfoLogger [main] Started Xx2Application in 6.406 seconds (process running for 8.036)
2024-04-26 20:59:11,701 INFO o.s.o.j.AbstractEntityManagerFactoryBean [SpringApplicationShutdownHook] Closing JPA EntityManagerFactory for persistence unit 'default'
2024-04-26 20:59:11,705 INFO c.z.h.HikariDataSource [SpringApplicationShutdownHook] HikariPool-1 - Shutdown initiated...
2024-04-26 20:59:11,709 INFO c.z.h.HikariDataSource [SpringApplicationShutdownHook] HikariPool-1 - Shutdown completed.
2024-04-26 20:59:46,431 INFO o.s.b.StartupInfoLogger [main] Starting Xx2Application using Java 20.0.2.1 with PID 23186 (/home/birruby/Documents/work/binar/sinergy7/git/Chapter4/xx2/target/classes started by birruby in /home/birruby/Documents/work/binar/sinergy7/git/Chapter4/xx2)
2024-04-26 20:59:46,436 INFO o.s.b.SpringApplication [main] No active profile set, falling back to 1 default profile: "default"
2024-04-26 20:59:47,410 INFO o.s.d.r.c.RepositoryConfigurationDelegate [main] Bootstrapping Spring Data JPA repositories in DEFAULT mode.
2024-04-26 20:59:47,447 INFO o.s.d.r.c.RepositoryConfigurationDelegate [main] Finished Spring Data repository scanning in 23 ms. Found 0 JPA repository interfaces.
2024-04-26 20:59:48,215 INFO o.s.b.w.e.t.TomcatWebServer [main] Tomcat initialized with port 8081 (http)
2024-04-26 20:59:48,231 INFO o.a.j.l.DirectJDKLog [main] Initializing ProtocolHandler ["http-nio-8081"]
2024-04-26 20:59:48,234 INFO o.a.j.l.DirectJDKLog [main] Starting service [Tomcat]
2024-04-26 20:59:48,235 INFO o.a.j.l.DirectJDKLog [main] Starting Servlet engine: [Apache Tomcat/10.1.20]
2024-04-26 20:59:48,316 INFO o.a.j.l.DirectJDKLog [main] Initializing Spring embedded WebApplicationContext
2024-04-26 20:59:48,317 INFO o.s.b.w.s.c.ServletWebServerApplicationContext [main] Root WebApplicationContext: initialization completed in 1808 ms
2024-04-26 20:59:48,563 INFO o.h.j.i.u.LogHelper [main] HHH000204: Processing PersistenceUnitInfo [name: default]
2024-04-26 20:59:48,643 INFO o.h.Version [main] HHH000412: Hibernate ORM core version 6.4.4.Final
2024-04-26 20:59:48,693 INFO o.h.c.i.RegionFactoryInitiator [main] HHH000026: Second-level cache disabled
2024-04-26 20:59:49,054 INFO o.s.o.j.p.SpringPersistenceUnitInfo [main] No LoadTimeWeaver setup: ignoring JPA class transformer
2024-04-26 20:59:49,094 INFO c.z.h.HikariDataSource [main] HikariPool-1 - Starting...
2024-04-26 20:59:49,238 INFO c.z.h.p.HikariPool [main] HikariPool-1 - Added connection org.postgresql.jdbc.PgConnection@85ab964
2024-04-26 20:59:49,240 INFO c.z.h.HikariDataSource [main] HikariPool-1 - Start completed.
2024-04-26 20:59:49,284 WARN o.h.e.j.d.i.DialectFactoryImpl [main] HHH90000025: PostgreSQLDialect does not need to be specified explicitly using 'hibernate.dialect' (remove the property setting and it will be selected by default)
2024-04-26 20:59:50,583 INFO o.h.e.t.j.p.i.JtaPlatformInitiator [main] HHH000489: No JTA platform available (set 'hibernate.transaction.jta.platform' to enable JTA platform integration)
2024-04-26 20:59:50,688 INFO o.s.o.j.AbstractEntityManagerFactoryBean [main] Initialized JPA EntityManagerFactory for persistence unit 'default'
2024-04-26 20:59:50,776 WARN o.s.b.a.o.j.JpaBaseConfiguration$JpaWebConfiguration [main] spring.jpa.open-in-view is enabled by default. Therefore, database queries may be performed during view rendering. Explicitly configure spring.jpa.open-in-view to disable this warning
2024-04-26 20:59:51,369 INFO o.a.j.l.DirectJDKLog [main] Starting ProtocolHandler ["http-nio-8081"]
2024-04-26 20:59:51,388 INFO o.s.b.w.e.t.TomcatWebServer [main] Tomcat started on port 8081 (http) with context path ''
2024-04-26 20:59:51,407 INFO o.s.b.StartupInfoLogger [main] Started Xx2Application in 6.016 seconds (process running for 7.094)
2024-04-26 21:16:56,590 INFO o.s.o.j.AbstractEntityManagerFactoryBean [SpringApplicationShutdownHook] Closing JPA EntityManagerFactory for persistence unit 'default'
2024-04-26 21:16:56,592 INFO c.z.h.HikariDataSource [SpringApplicationShutdownHook] HikariPool-1 - Shutdown initiated...
2024-04-26 21:16:56,597 INFO c.z.h.HikariDataSource [SpringApplicationShutdownHook] HikariPool-1 - Shutdown completed.
2024-04-26 21:17:04,297 INFO o.s.b.StartupInfoLogger [main] Starting Xx2Application using Java 20.0.2.1 with PID 24581 (/home/birruby/Documents/work/binar/sinergy7/git/Chapter4/xx2/target/classes started by birruby in /home/birruby/Documents/work/binar/sinergy7/git/Chapter4/xx2)
2024-04-26 21:17:04,305 INFO o.s.b.SpringApplication [main] No active profile set, falling back to 1 default profile: "default"
2024-04-26 21:17:05,315 INFO o.s.d.r.c.RepositoryConfigurationDelegate [main] Bootstrapping Spring Data JPA repositories in DEFAULT mode.
2024-04-26 21:17:05,420 INFO o.s.d.r.c.RepositoryConfigurationDelegate [main] Finished Spring Data repository scanning in 93 ms. Found 3 JPA repository interfaces.
2024-04-26 21:17:06,200 INFO o.s.b.w.e.t.TomcatWebServer [main] Tomcat initialized with port 8081 (http)
2024-04-26 21:17:06,215 INFO o.a.j.l.DirectJDKLog [main] Initializing ProtocolHandler ["http-nio-8081"]
2024-04-26 21:17:06,218 INFO o.a.j.l.DirectJDKLog [main] Starting service [Tomcat]
2024-04-26 21:17:06,218 INFO o.a.j.l.DirectJDKLog [main] Starting Servlet engine: [Apache Tomcat/10.1.20]
2024-04-26 21:17:06,286 INFO o.a.j.l.DirectJDKLog [main] Initializing Spring embedded WebApplicationContext
2024-04-26 21:17:06,287 INFO o.s.b.w.s.c.ServletWebServerApplicationContext [main] Root WebApplicationContext: initialization completed in 1901 ms
2024-04-26 21:17:06,521 INFO o.h.j.i.u.LogHelper [main] HHH000204: Processing PersistenceUnitInfo [name: default]
2024-04-26 21:17:06,593 INFO o.h.Version [main] HHH000412: Hibernate ORM core version 6.4.4.Final
2024-04-26 21:17:06,639 INFO o.h.c.i.RegionFactoryInitiator [main] HHH000026: Second-level cache disabled
2024-04-26 21:17:07,034 INFO o.s.o.j.p.SpringPersistenceUnitInfo [main] No LoadTimeWeaver setup: ignoring JPA class transformer
2024-04-26 21:17:07,070 INFO c.z.h.HikariDataSource [main] HikariPool-1 - Starting...
2024-04-26 21:17:07,211 INFO c.z.h.p.HikariPool [main] HikariPool-1 - Added connection org.postgresql.jdbc.PgConnection@2037f12b
2024-04-26 21:17:07,213 INFO c.z.h.HikariDataSource [main] HikariPool-1 - Start completed.
2024-04-26 21:17:07,257 WARN o.h.e.j.d.i.DialectFactoryImpl [main] HHH90000025: PostgreSQLDialect does not need to be specified explicitly using 'hibernate.dialect' (remove the property setting and it will be selected by default)
2024-04-26 21:17:08,604 INFO o.h.e.t.j.p.i.JtaPlatformInitiator [main] HHH000489: No JTA platform available (set 'hibernate.transaction.jta.platform' to enable JTA platform integration)
2024-04-26 21:17:08,718 INFO o.s.o.j.AbstractEntityManagerFactoryBean [main] Initialized JPA EntityManagerFactory for persistence unit 'default'
2024-04-26 21:17:09,102 WARN o.s.b.a.o.j.JpaBaseConfiguration$JpaWebConfiguration [main] spring.jpa.open-in-view is enabled by default. Therefore, database queries may be performed during view rendering. Explicitly configure spring.jpa.open-in-view to disable this warning
2024-04-26 21:17:09,645 INFO o.a.j.l.DirectJDKLog [main] Starting ProtocolHandler ["http-nio-8081"]
2024-04-26 21:17:09,678 INFO o.s.b.w.e.t.TomcatWebServer [main] Tomcat started on port 8081 (http) with context path ''
2024-04-26 21:17:09,711 INFO o.s.b.StartupInfoLogger [main] Started Xx2Application in 6.439 seconds (process running for 8.123)
2024-04-26 21:17:36,330 INFO c.e.x.s.MovieServiceImpl [main] Poor Thing berhasil di tambahkan
2024-04-26 21:17:36,332 WARN c.e.x.c.HomeController [main] Method running selama >1 detik: 26613
2024-04-26 21:18:55,060 INFO o.s.o.j.AbstractEntityManagerFactoryBean [SpringApplicationShutdownHook] Closing JPA EntityManagerFactory for persistence unit 'default'
2024-04-26 21:18:55,063 INFO c.z.h.HikariDataSource [SpringApplicationShutdownHook] HikariPool-1 - Shutdown initiated...
2024-04-26 21:18:55,072 INFO c.z.h.HikariDataSource [SpringApplicationShutdownHook] HikariPool-1 - Shutdown completed.
2024-04-26 21:19:01,613 INFO o.s.b.StartupInfoLogger [main] Starting Xx2Application using Java 20.0.2.1 with PID 24841 (/home/birruby/Documents/work/binar/sinergy7/git/Chapter4/xx2/target/classes started by birruby in /home/birruby/Documents/work/binar/sinergy7/git/Chapter4/xx2)
2024-04-26 21:19:01,617 INFO o.s.b.SpringApplication [main] No active profile set, falling back to 1 default profile: "default"
2024-04-26 21:19:02,672 INFO o.s.d.r.c.RepositoryConfigurationDelegate [main] Bootstrapping Spring Data JPA repositories in DEFAULT mode.
2024-04-26 21:19:02,770 INFO o.s.d.r.c.RepositoryConfigurationDelegate [main] Finished Spring Data repository scanning in 85 ms. Found 3 JPA repository interfaces.
2024-04-26 21:19:03,520 INFO o.s.b.w.e.t.TomcatWebServer [main] Tomcat initialized with port 8081 (http)
2024-04-26 21:19:03,539 INFO o.a.j.l.DirectJDKLog [main] Initializing ProtocolHandler ["http-nio-8081"]
2024-04-26 21:19:03,542 INFO o.a.j.l.DirectJDKLog [main] Starting service [Tomcat]
2024-04-26 21:19:03,542 INFO o.a.j.l.DirectJDKLog [main] Starting Servlet engine: [Apache Tomcat/10.1.20]
2024-04-26 21:19:03,616 INFO o.a.j.l.DirectJDKLog [main] Initializing Spring embedded WebApplicationContext
2024-04-26 21:19:03,617 INFO o.s.b.w.s.c.ServletWebServerApplicationContext [main] Root WebApplicationContext: initialization completed in 1894 ms
2024-04-26 21:19:03,904 INFO o.h.j.i.u.LogHelper [main] HHH000204: Processing PersistenceUnitInfo [name: default]
2024-04-26 21:19:03,979 INFO o.h.Version [main] HHH000412: Hibernate ORM core version 6.4.4.Final
2024-04-26 21:19:04,026 INFO o.h.c.i.RegionFactoryInitiator [main] HHH000026: Second-level cache disabled
2024-04-26 21:19:04,428 INFO o.s.o.j.p.SpringPersistenceUnitInfo [main] No LoadTimeWeaver setup: ignoring JPA class transformer
2024-04-26 21:19:04,471 INFO c.z.h.HikariDataSource [main] HikariPool-1 - Starting...
2024-04-26 21:19:04,607 INFO c.z.h.p.HikariPool [main] HikariPool-1 - Added connection org.postgresql.jdbc.PgConnection@e795a1d
2024-04-26 21:19:04,610 INFO c.z.h.HikariDataSource [main] HikariPool-1 - Start completed.
2024-04-26 21:19:04,658 WARN o.h.e.j.d.i.DialectFactoryImpl [main] HHH90000025: PostgreSQLDialect does not need to be specified explicitly using 'hibernate.dialect' (remove the property setting and it will be selected by default)
2024-04-26 21:19:06,045 INFO o.h.e.t.j.p.i.JtaPlatformInitiator [main] HHH000489: No JTA platform available (set 'hibernate.transaction.jta.platform' to enable JTA platform integration)
2024-04-26 21:19:06,147 INFO o.s.o.j.AbstractEntityManagerFactoryBean [main] Initialized JPA EntityManagerFactory for persistence unit 'default'
2024-04-26 21:19:06,552 WARN o.s.b.a.o.j.JpaBaseConfiguration$JpaWebConfiguration [main] spring.jpa.open-in-view is enabled by default. Therefore, database queries may be performed during view rendering. Explicitly configure spring.jpa.open-in-view to disable this warning
2024-04-26 21:19:07,115 INFO o.a.j.l.DirectJDKLog [main] Starting ProtocolHandler ["http-nio-8081"]
2024-04-26 21:19:07,135 INFO o.s.b.w.e.t.TomcatWebServer [main] Tomcat started on port 8081 (http) with context path ''
2024-04-26 21:19:07,159 INFO o.s.b.StartupInfoLogger [main] Started Xx2Application in 6.699 seconds (process running for 7.86)
2024-04-26 21:19:35,138 INFO c.e.x.s.MovieServiceImpl [main] Dune 2023 berhasil di tambahkan
2024-04-26 21:19:35,140 WARN c.e.x.c.HomeController [main] Method running selama >1 detik: 27974
2024-04-26 21:24:08,037 INFO o.s.o.j.AbstractEntityManagerFactoryBean [SpringApplicationShutdownHook] Closing JPA EntityManagerFactory for persistence unit 'default'
2024-04-26 21:24:08,039 INFO c.z.h.HikariDataSource [SpringApplicationShutdownHook] HikariPool-1 - Shutdown initiated...
2024-04-26 21:24:08,045 INFO c.z.h.HikariDataSource [SpringApplicationShutdownHook] HikariPool-1 - Shutdown completed.
2024-04-26 21:24:14,542 INFO o.s.b.StartupInfoLogger [main] Starting Xx2Application using Java 20.0.2.1 with PID 25440 (/home/birruby/Documents/work/binar/sinergy7/git/Chapter4/xx2/target/classes started by birruby in /home/birruby/Documents/work/binar/sinergy7/git/Chapter4/xx2)
2024-04-26 21:24:14,546 INFO o.s.b.SpringApplication [main] No active profile set, falling back to 1 default profile: "default"
2024-04-26 21:24:15,338 INFO o.s.d.r.c.RepositoryConfigurationDelegate [main] Bootstrapping Spring Data JPA repositories in DEFAULT mode.
2024-04-26 21:24:15,417 INFO o.s.d.r.c.RepositoryConfigurationDelegate [main] Finished Spring Data repository scanning in 68 ms. Found 3 JPA repository interfaces.
2024-04-26 21:24:16,097 INFO o.s.b.w.e.t.TomcatWebServer [main] Tomcat initialized with port 8081 (http)
2024-04-26 21:24:16,109 INFO o.a.j.l.DirectJDKLog [main] Initializing ProtocolHandler ["http-nio-8081"]
2024-04-26 21:24:16,111 INFO o.a.j.l.DirectJDKLog [main] Starting service [Tomcat]
2024-04-26 21:24:16,111 INFO o.a.j.l.DirectJDKLog [main] Starting Servlet engine: [Apache Tomcat/10.1.20]
2024-04-26 21:24:16,164 INFO o.a.j.l.DirectJDKLog [main] Initializing Spring embedded WebApplicationContext
2024-04-26 21:24:16,165 INFO o.s.b.w.s.c.ServletWebServerApplicationContext [main] Root WebApplicationContext: initialization completed in 1568 ms
2024-04-26 21:24:16,364 INFO o.h.j.i.u.LogHelper [main] HHH000204: Processing PersistenceUnitInfo [name: default]
2024-04-26 21:24:16,433 INFO o.h.Version [main] HHH000412: Hibernate ORM core version 6.4.4.Final
2024-04-26 21:24:16,486 INFO o.h.c.i.RegionFactoryInitiator [main] HHH000026: Second-level cache disabled
2024-04-26 21:24:16,772 INFO o.s.o.j.p.SpringPersistenceUnitInfo [main] No LoadTimeWeaver setup: ignoring JPA class transformer
2024-04-26 21:24:16,805 INFO c.z.h.HikariDataSource [main] HikariPool-1 - Starting...
2024-04-26 21:24:16,911 INFO c.z.h.p.HikariPool [main] HikariPool-1 - Added connection org.postgresql.jdbc.PgConnection@1f45db49
2024-04-26 21:24:16,914 INFO c.z.h.HikariDataSource [main] HikariPool-1 - Start completed.
2024-04-26 21:24:16,954 WARN o.h.e.j.d.i.DialectFactoryImpl [main] HHH90000025: PostgreSQLDialect does not need to be specified explicitly using 'hibernate.dialect' (remove the property setting and it will be selected by default)
2024-04-26 21:24:17,192 ERROR o.s.o.j.AbstractEntityManagerFactoryBean [main] Failed to initialize JPA EntityManagerFactory: Collection 'com.example.xx2.model.Cinema.cinemaMovies' is 'mappedBy' a property named 'cinema' which does not exist in the target entity 'com.example.xx2.model.CinemaMovie'
2024-04-26 21:24:17,193 WARN o.s.c.s.AbstractApplicationContext [main] Exception encountered during context initialization - cancelling refresh attempt: org.springframework.beans.factory.BeanCreationException: Error creating bean with name 'entityManagerFactory' defined in class path resource [org/springframework/boot/autoconfigure/orm/jpa/HibernateJpaConfiguration.class]: Collection 'com.example.xx2.model.Cinema.cinemaMovies' is 'mappedBy' a property named 'cinema' which does not exist in the target entity 'com.example.xx2.model.CinemaMovie'
2024-04-26 21:24:17,194 INFO c.z.h.HikariDataSource [main] HikariPool-1 - Shutdown initiated...
2024-04-26 21:24:17,199 INFO c.z.h.HikariDataSource [main] HikariPool-1 - Shutdown completed.
2024-04-26 21:24:17,204 INFO o.a.j.l.DirectJDKLog [main] Stopping service [Tomcat]
2024-04-26 21:24:17,224 INFO o.s.b.a.l.ConditionEvaluationReportLogger [main] 

Error starting ApplicationContext. To display the condition evaluation report re-run your application with 'debug' enabled.
2024-04-26 21:24:17,249 ERROR o.s.b.SpringApplication [main] Application run failed
org.springframework.beans.factory.BeanCreationException: Error creating bean with name 'entityManagerFactory' defined in class path resource [org/springframework/boot/autoconfigure/orm/jpa/HibernateJpaConfiguration.class]: Collection 'com.example.xx2.model.Cinema.cinemaMovies' is 'mappedBy' a property named 'cinema' which does not exist in the target entity 'com.example.xx2.model.CinemaMovie'
	at org.springframework.beans.factory.support.AbstractAutowireCapableBeanFactory.initializeBean(AbstractAutowireCapableBeanFactory.java:1786)
	at org.springframework.beans.factory.support.AbstractAutowireCapableBeanFactory.doCreateBean(AbstractAutowireCapableBeanFactory.java:600)
	at org.springframework.beans.factory.support.AbstractAutowireCapableBeanFactory.createBean(AbstractAutowireCapableBeanFactory.java:522)
	at org.springframework.beans.factory.support.AbstractBeanFactory.lambda$doGetBean$0(AbstractBeanFactory.java:326)
	at org.springframework.beans.factory.support.DefaultSingletonBeanRegistry.getSingleton(DefaultSingletonBeanRegistry.java:234)
	at org.springframework.beans.factory.support.AbstractBeanFactory.doGetBean(AbstractBeanFactory.java:324)
	at org.springframework.beans.factory.support.AbstractBeanFactory.getBean(AbstractBeanFactory.java:200)
	at org.springframework.context.support.AbstractApplicationContext.getBean(AbstractApplicationContext.java:1234)
	at org.springframework.context.support.AbstractApplicationContext.finishBeanFactoryInitialization(AbstractApplicationContext.java:952)
	at org.springframework.context.support.AbstractApplicationContext.refresh(AbstractApplicationContext.java:624)
	at org.springframework.boot.web.servlet.context.ServletWebServerApplicationContext.refresh(ServletWebServerApplicationContext.java:146)
	at org.springframework.boot.SpringApplication.refresh(SpringApplication.java:754)
	at org.springframework.boot.SpringApplication.refreshContext(SpringApplication.java:456)
	at org.springframework.boot.SpringApplication.run(SpringApplication.java:334)
	at org.springframework.boot.SpringApplication.run(SpringApplication.java:1354)
	at org.springframework.boot.SpringApplication.run(SpringApplication.java:1343)
	at com.example.xx2.Xx2Application.main(Xx2Application.java:11)
Caused by: org.hibernate.AnnotationException: Collection 'com.example.xx2.model.Cinema.cinemaMovies' is 'mappedBy' a property named 'cinema' which does not exist in the target entity 'com.example.xx2.model.CinemaMovie'
	at org.hibernate.boot.model.internal.CollectionBinder.isReversePropertyInJoin(CollectionBinder.java:1622)
	at org.hibernate.boot.model.internal.CollectionBinder.noAssociationTable(CollectionBinder.java:1636)
	at org.hibernate.boot.model.internal.CollectionBinder.bindStarToManySecondPass(CollectionBinder.java:1597)
	at org.hibernate.boot.model.internal.CollectionBinder$1.secondPass(CollectionBinder.java:1588)
	at org.hibernate.boot.model.internal.CollectionSecondPass.doSecondPass(CollectionSecondPass.java:45)
	at org.hibernate.boot.internal.InFlightMetadataCollectorImpl.processSecondPasses(InFlightMetadataCollectorImpl.java:1815)
	at org.hibernate.boot.internal.InFlightMetadataCollectorImpl.processSecondPasses(InFlightMetadataCollectorImpl.java:1774)
	at org.hibernate.boot.model.process.spi.MetadataBuildingProcess.complete(MetadataBuildingProcess.java:332)
	at org.hibernate.jpa.boot.internal.EntityManagerFactoryBuilderImpl.metadata(EntityManagerFactoryBuilderImpl.java:1432)
	at org.hibernate.jpa.boot.internal.EntityManagerFactoryBuilderImpl.build(EntityManagerFactoryBuilderImpl.java:1503)
	at org.springframework.orm.jpa.vendor.SpringHibernateJpaPersistenceProvider.createContainerEntityManagerFactory(SpringHibernateJpaPersistenceProvider.java:75)
	at org.springframework.orm.jpa.LocalContainerEntityManagerFactoryBean.createNativeEntityManagerFactory(LocalContainerEntityManagerFactoryBean.java:390)
	at org.springframework.orm.jpa.AbstractEntityManagerFactoryBean.buildNativeEntityManagerFactory(AbstractEntityManagerFactoryBean.java:409)
	at org.springframework.orm.jpa.AbstractEntityManagerFactoryBean.afterPropertiesSet(AbstractEntityManagerFactoryBean.java:396)
	at org.springframework.orm.jpa.LocalContainerEntityManagerFactoryBean.afterPropertiesSet(LocalContainerEntityManagerFactoryBean.java:366)
	at org.springframework.beans.factory.support.AbstractAutowireCapableBeanFactory.invokeInitMethods(AbstractAutowireCapableBeanFactory.java:1833)
	at org.springframework.beans.factory.support.AbstractAutowireCapableBeanFactory.initializeBean(AbstractAutowireCapableBeanFactory.java:1782)
	... 16 common frames omitted
2024-04-26 21:24:31,283 INFO o.s.b.StartupInfoLogger [main] Starting Xx2Application using Java 20.0.2.1 with PID 25603 (/home/birruby/Documents/work/binar/sinergy7/git/Chapter4/xx2/target/classes started by birruby in /home/birruby/Documents/work/binar/sinergy7/git/Chapter4/xx2)
2024-04-26 21:24:31,287 INFO o.s.b.SpringApplication [main] No active profile set, falling back to 1 default profile: "default"
2024-04-26 21:24:32,319 INFO o.s.d.r.c.RepositoryConfigurationDelegate [main] Bootstrapping Spring Data JPA repositories in DEFAULT mode.
2024-04-26 21:24:32,410 INFO o.s.d.r.c.RepositoryConfigurationDelegate [main] Finished Spring Data repository scanning in 80 ms. Found 3 JPA repository interfaces.
2024-04-26 21:24:33,206 INFO o.s.b.w.e.t.TomcatWebServer [main] Tomcat initialized with port 8081 (http)
2024-04-26 21:24:33,224 INFO o.a.j.l.DirectJDKLog [main] Initializing ProtocolHandler ["http-nio-8081"]
2024-04-26 21:24:33,227 INFO o.a.j.l.DirectJDKLog [main] Starting service [Tomcat]
2024-04-26 21:24:33,227 INFO o.a.j.l.DirectJDKLog [main] Starting Servlet engine: [Apache Tomcat/10.1.20]
2024-04-26 21:24:33,302 INFO o.a.j.l.DirectJDKLog [main] Initializing Spring embedded WebApplicationContext
2024-04-26 21:24:33,304 INFO o.s.b.w.s.c.ServletWebServerApplicationContext [main] Root WebApplicationContext: initialization completed in 1941 ms
2024-04-26 21:24:33,577 INFO o.h.j.i.u.LogHelper [main] HHH000204: Processing PersistenceUnitInfo [name: default]
2024-04-26 21:24:33,652 INFO o.h.Version [main] HHH000412: Hibernate ORM core version 6.4.4.Final
2024-04-26 21:24:33,703 INFO o.h.c.i.RegionFactoryInitiator [main] HHH000026: Second-level cache disabled
2024-04-26 21:24:34,088 INFO o.s.o.j.p.SpringPersistenceUnitInfo [main] No LoadTimeWeaver setup: ignoring JPA class transformer
2024-04-26 21:24:34,126 INFO c.z.h.HikariDataSource [main] HikariPool-1 - Starting...
2024-04-26 21:24:34,258 INFO c.z.h.p.HikariPool [main] HikariPool-1 - Added connection org.postgresql.jdbc.PgConnection@2499b971
2024-04-26 21:24:34,260 INFO c.z.h.HikariDataSource [main] HikariPool-1 - Start completed.
2024-04-26 21:24:34,300 WARN o.h.e.j.d.i.DialectFactoryImpl [main] HHH90000025: PostgreSQLDialect does not need to be specified explicitly using 'hibernate.dialect' (remove the property setting and it will be selected by default)
2024-04-26 21:24:35,658 INFO o.h.e.t.j.p.i.JtaPlatformInitiator [main] HHH000489: No JTA platform available (set 'hibernate.transaction.jta.platform' to enable JTA platform integration)
2024-04-26 21:24:35,758 INFO o.s.o.j.AbstractEntityManagerFactoryBean [main] Initialized JPA EntityManagerFactory for persistence unit 'default'
2024-04-26 21:24:36,165 WARN o.s.b.a.o.j.JpaBaseConfiguration$JpaWebConfiguration [main] spring.jpa.open-in-view is enabled by default. Therefore, database queries may be performed during view rendering. Explicitly configure spring.jpa.open-in-view to disable this warning
2024-04-26 21:24:36,720 INFO o.a.j.l.DirectJDKLog [main] Starting ProtocolHandler ["http-nio-8081"]
2024-04-26 21:24:36,739 INFO o.s.b.w.e.t.TomcatWebServer [main] Tomcat started on port 8081 (http) with context path ''
2024-04-26 21:24:36,755 INFO o.s.b.StartupInfoLogger [main] Started Xx2Application in 6.552 seconds (process running for 8.493)
2024-04-26 21:24:40,299 INFO c.e.x.s.MovieServiceImpl [main] Dune 2023 berhasil di tambahkan
2024-04-26 21:24:40,300 WARN c.e.x.c.HomeController [main] Method running selama >1 detik: 3540
2024-04-26 21:28:26,185 INFO o.s.o.j.AbstractEntityManagerFactoryBean [SpringApplicationShutdownHook] Closing JPA EntityManagerFactory for persistence unit 'default'
2024-04-26 21:28:26,188 INFO c.z.h.HikariDataSource [SpringApplicationShutdownHook] HikariPool-1 - Shutdown initiated...
2024-04-26 21:28:26,194 INFO c.z.h.HikariDataSource [SpringApplicationShutdownHook] HikariPool-1 - Shutdown completed.
2024-04-26 21:28:33,068 INFO o.s.b.StartupInfoLogger [main] Starting Xx2Application using Java 20.0.2.1 with PID 25916 (/home/birruby/Documents/work/binar/sinergy7/git/Chapter4/xx2/target/classes started by birruby in /home/birruby/Documents/work/binar/sinergy7/git/Chapter4/xx2)
2024-04-26 21:28:33,072 INFO o.s.b.SpringApplication [main] No active profile set, falling back to 1 default profile: "default"
2024-04-26 21:28:33,862 INFO o.s.d.r.c.RepositoryConfigurationDelegate [main] Bootstrapping Spring Data JPA repositories in DEFAULT mode.
2024-04-26 21:28:33,950 INFO o.s.d.r.c.RepositoryConfigurationDelegate [main] Finished Spring Data repository scanning in 76 ms. Found 3 JPA repository interfaces.
2024-04-26 21:28:34,846 INFO o.s.b.w.e.t.TomcatWebServer [main] Tomcat initialized with port 8081 (http)
2024-04-26 21:28:34,874 INFO o.a.j.l.DirectJDKLog [main] Initializing ProtocolHandler ["http-nio-8081"]
2024-04-26 21:28:34,878 INFO o.a.j.l.DirectJDKLog [main] Starting service [Tomcat]
2024-04-26 21:28:34,879 INFO o.a.j.l.DirectJDKLog [main] Starting Servlet engine: [Apache Tomcat/10.1.20]
2024-04-26 21:28:34,993 INFO o.a.j.l.DirectJDKLog [main] Initializing Spring embedded WebApplicationContext
2024-04-26 21:28:34,995 INFO o.s.b.w.s.c.ServletWebServerApplicationContext [main] Root WebApplicationContext: initialization completed in 1864 ms
2024-04-26 21:28:35,380 INFO o.h.j.i.u.LogHelper [main] HHH000204: Processing PersistenceUnitInfo [name: default]
2024-04-26 21:28:35,480 INFO o.h.Version [main] HHH000412: Hibernate ORM core version 6.4.4.Final
2024-04-26 21:28:35,534 INFO o.h.c.i.RegionFactoryInitiator [main] HHH000026: Second-level cache disabled
2024-04-26 21:28:35,916 INFO o.s.o.j.p.SpringPersistenceUnitInfo [main] No LoadTimeWeaver setup: ignoring JPA class transformer
2024-04-26 21:28:35,959 INFO c.z.h.HikariDataSource [main] HikariPool-1 - Starting...
2024-04-26 21:28:36,081 INFO c.z.h.p.HikariPool [main] HikariPool-1 - Added connection org.postgresql.jdbc.PgConnection@5ab7ac02
2024-04-26 21:28:36,084 INFO c.z.h.HikariDataSource [main] HikariPool-1 - Start completed.
2024-04-26 21:28:36,128 WARN o.h.e.j.d.i.DialectFactoryImpl [main] HHH90000025: PostgreSQLDialect does not need to be specified explicitly using 'hibernate.dialect' (remove the property setting and it will be selected by default)
2024-04-26 21:28:37,483 INFO o.h.e.t.j.p.i.JtaPlatformInitiator [main] HHH000489: No JTA platform available (set 'hibernate.transaction.jta.platform' to enable JTA platform integration)
2024-04-26 21:28:37,590 INFO o.s.o.j.AbstractEntityManagerFactoryBean [main] Initialized JPA EntityManagerFactory for persistence unit 'default'
2024-04-26 21:28:38,008 WARN o.s.b.a.o.j.JpaBaseConfiguration$JpaWebConfiguration [main] spring.jpa.open-in-view is enabled by default. Therefore, database queries may be performed during view rendering. Explicitly configure spring.jpa.open-in-view to disable this warning
2024-04-26 21:28:38,629 INFO o.a.j.l.DirectJDKLog [main] Starting ProtocolHandler ["http-nio-8081"]
2024-04-26 21:28:38,648 INFO o.s.b.w.e.t.TomcatWebServer [main] Tomcat started on port 8081 (http) with context path ''
2024-04-26 21:28:38,667 INFO o.s.b.StartupInfoLogger [main] Started Xx2Application in 6.45 seconds (process running for 7.537)
2024-04-26 21:28:41,479 INFO c.e.x.s.MovieServiceImpl [main] Dune 2023 berhasil di tambahkan
2024-04-26 21:28:41,480 WARN c.e.x.c.HomeController [main] Method running selama >1 detik: 2806
2024-04-26 21:41:54,988 INFO o.s.o.j.AbstractEntityManagerFactoryBean [SpringApplicationShutdownHook] Closing JPA EntityManagerFactory for persistence unit 'default'
2024-04-26 21:41:54,990 INFO c.z.h.HikariDataSource [SpringApplicationShutdownHook] HikariPool-1 - Shutdown initiated...
2024-04-26 21:41:54,996 INFO c.z.h.HikariDataSource [SpringApplicationShutdownHook] HikariPool-1 - Shutdown completed.
2024-04-26 21:42:02,044 INFO o.s.b.StartupInfoLogger [main] Starting Xx2Application using Java 20.0.2.1 with PID 26793 (/home/birruby/Documents/work/binar/sinergy7/git/Chapter4/xx2/target/classes started by birruby in /home/birruby/Documents/work/binar/sinergy7/git/Chapter4/xx2)
2024-04-26 21:42:02,047 INFO o.s.b.SpringApplication [main] No active profile set, falling back to 1 default profile: "default"
2024-04-26 21:42:02,845 INFO o.s.d.r.c.RepositoryConfigurationDelegate [main] Bootstrapping Spring Data JPA repositories in DEFAULT mode.
2024-04-26 21:42:02,937 INFO o.s.d.r.c.RepositoryConfigurationDelegate [main] Finished Spring Data repository scanning in 78 ms. Found 3 JPA repository interfaces.
2024-04-26 21:42:04,031 INFO o.s.b.w.e.t.TomcatWebServer [main] Tomcat initialized with port 8081 (http)
2024-04-26 21:42:04,059 INFO o.a.j.l.DirectJDKLog [main] Initializing ProtocolHandler ["http-nio-8081"]
2024-04-26 21:42:04,069 INFO o.a.j.l.DirectJDKLog [main] Starting service [Tomcat]
2024-04-26 21:42:04,073 INFO o.a.j.l.DirectJDKLog [main] Starting Servlet engine: [Apache Tomcat/10.1.20]
2024-04-26 21:42:04,189 INFO o.a.j.l.DirectJDKLog [main] Initializing Spring embedded WebApplicationContext
2024-04-26 21:42:04,194 INFO o.s.b.w.s.c.ServletWebServerApplicationContext [main] Root WebApplicationContext: initialization completed in 2086 ms
2024-04-26 21:42:04,633 INFO o.h.j.i.u.LogHelper [main] HHH000204: Processing PersistenceUnitInfo [name: default]
2024-04-26 21:42:04,744 INFO o.h.Version [main] HHH000412: Hibernate ORM core version 6.4.4.Final
2024-04-26 21:42:04,866 INFO o.h.c.i.RegionFactoryInitiator [main] HHH000026: Second-level cache disabled
2024-04-26 21:42:05,391 INFO o.s.o.j.p.SpringPersistenceUnitInfo [main] No LoadTimeWeaver setup: ignoring JPA class transformer
2024-04-26 21:42:05,435 INFO c.z.h.HikariDataSource [main] HikariPool-1 - Starting...
2024-04-26 21:42:05,575 INFO c.z.h.p.HikariPool [main] HikariPool-1 - Added connection org.postgresql.jdbc.PgConnection@2037f12b
2024-04-26 21:42:05,578 INFO c.z.h.HikariDataSource [main] HikariPool-1 - Start completed.
2024-04-26 21:42:05,623 WARN o.h.e.j.d.i.DialectFactoryImpl [main] HHH90000025: PostgreSQLDialect does not need to be specified explicitly using 'hibernate.dialect' (remove the property setting and it will be selected by default)
2024-04-26 21:42:07,074 INFO o.h.e.t.j.p.i.JtaPlatformInitiator [main] HHH000489: No JTA platform available (set 'hibernate.transaction.jta.platform' to enable JTA platform integration)
2024-04-26 21:42:07,144 WARN o.h.t.s.i.ExceptionHandlerLoggedImpl [main] GenerationTarget encountered exception accepting command : Error executing DDL "alter table if exists movie add column created_date timestamp(6) not null" via JDBC [ERROR: column "created_date" of relation "movie" contains null values]
org.hibernate.tool.schema.spi.CommandAcceptanceException: Error executing DDL "alter table if exists movie add column created_date timestamp(6) not null" via JDBC [ERROR: column "created_date" of relation "movie" contains null values]
	at org.hibernate.tool.schema.internal.exec.GenerationTargetToDatabase.accept(GenerationTargetToDatabase.java:94)
	at org.hibernate.tool.schema.internal.AbstractSchemaMigrator.applySqlString(AbstractSchemaMigrator.java:574)
	at org.hibernate.tool.schema.internal.AbstractSchemaMigrator.applySqlStrings(AbstractSchemaMigrator.java:514)
	at org.hibernate.tool.schema.internal.AbstractSchemaMigrator.migrateTable(AbstractSchemaMigrator.java:333)
	at org.hibernate.tool.schema.internal.GroupedSchemaMigratorImpl.performTablesMigration(GroupedSchemaMigratorImpl.java:84)
	at org.hibernate.tool.schema.internal.AbstractSchemaMigrator.performMigration(AbstractSchemaMigrator.java:232)
	at org.hibernate.tool.schema.internal.AbstractSchemaMigrator.doMigration(AbstractSchemaMigrator.java:117)
	at org.hibernate.tool.schema.spi.SchemaManagementToolCoordinator.performDatabaseAction(SchemaManagementToolCoordinator.java:286)
	at org.hibernate.tool.schema.spi.SchemaManagementToolCoordinator.lambda$process$5(SchemaManagementToolCoordinator.java:145)
	at java.base/java.util.HashMap.forEach(HashMap.java:1429)
	at org.hibernate.tool.schema.spi.SchemaManagementToolCoordinator.process(SchemaManagementToolCoordinator.java:142)
	at org.hibernate.boot.internal.SessionFactoryObserverForSchemaExport.sessionFactoryCreated(SessionFactoryObserverForSchemaExport.java:37)
	at org.hibernate.internal.SessionFactoryObserverChain.sessionFactoryCreated(SessionFactoryObserverChain.java:35)
	at org.hibernate.internal.SessionFactoryImpl.<init>(SessionFactoryImpl.java:315)
	at org.hibernate.boot.internal.SessionFactoryBuilderImpl.build(SessionFactoryBuilderImpl.java:450)
	at org.hibernate.jpa.boot.internal.EntityManagerFactoryBuilderImpl.build(EntityManagerFactoryBuilderImpl.java:1507)
	at org.springframework.orm.jpa.vendor.SpringHibernateJpaPersistenceProvider.createContainerEntityManagerFactory(SpringHibernateJpaPersistenceProvider.java:75)
	at org.springframework.orm.jpa.LocalContainerEntityManagerFactoryBean.createNativeEntityManagerFactory(LocalContainerEntityManagerFactoryBean.java:390)
	at org.springframework.orm.jpa.AbstractEntityManagerFactoryBean.buildNativeEntityManagerFactory(AbstractEntityManagerFactoryBean.java:409)
	at org.springframework.orm.jpa.AbstractEntityManagerFactoryBean.afterPropertiesSet(AbstractEntityManagerFactoryBean.java:396)
	at org.springframework.orm.jpa.LocalContainerEntityManagerFactoryBean.afterPropertiesSet(LocalContainerEntityManagerFactoryBean.java:366)
	at org.springframework.beans.factory.support.AbstractAutowireCapableBeanFactory.invokeInitMethods(AbstractAutowireCapableBeanFactory.java:1833)
	at org.springframework.beans.factory.support.AbstractAutowireCapableBeanFactory.initializeBean(AbstractAutowireCapableBeanFactory.java:1782)
	at org.springframework.beans.factory.support.AbstractAutowireCapableBeanFactory.doCreateBean(AbstractAutowireCapableBeanFactory.java:600)
	at org.springframework.beans.factory.support.AbstractAutowireCapableBeanFactory.createBean(AbstractAutowireCapableBeanFactory.java:522)
	at org.springframework.beans.factory.support.AbstractBeanFactory.lambda$doGetBean$0(AbstractBeanFactory.java:326)
	at org.springframework.beans.factory.support.DefaultSingletonBeanRegistry.getSingleton(DefaultSingletonBeanRegistry.java:234)
	at org.springframework.beans.factory.support.AbstractBeanFactory.doGetBean(AbstractBeanFactory.java:324)
	at org.springframework.beans.factory.support.AbstractBeanFactory.getBean(AbstractBeanFactory.java:200)
	at org.springframework.context.support.AbstractApplicationContext.getBean(AbstractApplicationContext.java:1234)
	at org.springframework.context.support.AbstractApplicationContext.finishBeanFactoryInitialization(AbstractApplicationContext.java:952)
	at org.springframework.context.support.AbstractApplicationContext.refresh(AbstractApplicationContext.java:624)
	at org.springframework.boot.web.servlet.context.ServletWebServerApplicationContext.refresh(ServletWebServerApplicationContext.java:146)
	at org.springframework.boot.SpringApplication.refresh(SpringApplication.java:754)
	at org.springframework.boot.SpringApplication.refreshContext(SpringApplication.java:456)
	at org.springframework.boot.SpringApplication.run(SpringApplication.java:334)
	at org.springframework.boot.SpringApplication.run(SpringApplication.java:1354)
	at org.springframework.boot.SpringApplication.run(SpringApplication.java:1343)
	at com.example.xx2.Xx2Application.main(Xx2Application.java:11)
Caused by: org.postgresql.util.PSQLException: ERROR: column "created_date" of relation "movie" contains null values
	at org.postgresql.core.v3.QueryExecutorImpl.receiveErrorResponse(QueryExecutorImpl.java:2713)
	at org.postgresql.core.v3.QueryExecutorImpl.processResults(QueryExecutorImpl.java:2401)
	at org.postgresql.core.v3.QueryExecutorImpl.execute(QueryExecutorImpl.java:368)
	at org.postgresql.jdbc.PgStatement.executeInternal(PgStatement.java:498)
	at org.postgresql.jdbc.PgStatement.execute(PgStatement.java:415)
	at org.postgresql.jdbc.PgStatement.executeWithFlags(PgStatement.java:335)
	at org.postgresql.jdbc.PgStatement.executeCachedSql(PgStatement.java:321)
	at org.postgresql.jdbc.PgStatement.executeWithFlags(PgStatement.java:297)
	at org.postgresql.jdbc.PgStatement.execute(PgStatement.java:292)
	at com.zaxxer.hikari.pool.ProxyStatement.execute(ProxyStatement.java:94)
	at com.zaxxer.hikari.pool.HikariProxyStatement.execute(HikariProxyStatement.java)
	at org.hibernate.tool.schema.internal.exec.GenerationTargetToDatabase.accept(GenerationTargetToDatabase.java:80)
	... 38 common frames omitted
2024-04-26 21:42:07,149 WARN o.h.t.s.i.ExceptionHandlerLoggedImpl [main] GenerationTarget encountered exception accepting command : Error executing DDL "alter table if exists movie add column updated_date timestamp(6) not null" via JDBC [ERROR: column "updated_date" of relation "movie" contains null values]
org.hibernate.tool.schema.spi.CommandAcceptanceException: Error executing DDL "alter table if exists movie add column updated_date timestamp(6) not null" via JDBC [ERROR: column "updated_date" of relation "movie" contains null values]
	at org.hibernate.tool.schema.internal.exec.GenerationTargetToDatabase.accept(GenerationTargetToDatabase.java:94)
	at org.hibernate.tool.schema.internal.AbstractSchemaMigrator.applySqlString(AbstractSchemaMigrator.java:574)
	at org.hibernate.tool.schema.internal.AbstractSchemaMigrator.applySqlStrings(AbstractSchemaMigrator.java:514)
	at org.hibernate.tool.schema.internal.AbstractSchemaMigrator.migrateTable(AbstractSchemaMigrator.java:333)
	at org.hibernate.tool.schema.internal.GroupedSchemaMigratorImpl.performTablesMigration(GroupedSchemaMigratorImpl.java:84)
	at org.hibernate.tool.schema.internal.AbstractSchemaMigrator.performMigration(AbstractSchemaMigrator.java:232)
	at org.hibernate.tool.schema.internal.AbstractSchemaMigrator.doMigration(AbstractSchemaMigrator.java:117)
	at org.hibernate.tool.schema.spi.SchemaManagementToolCoordinator.performDatabaseAction(SchemaManagementToolCoordinator.java:286)
	at org.hibernate.tool.schema.spi.SchemaManagementToolCoordinator.lambda$process$5(SchemaManagementToolCoordinator.java:145)
	at java.base/java.util.HashMap.forEach(HashMap.java:1429)
	at org.hibernate.tool.schema.spi.SchemaManagementToolCoordinator.process(SchemaManagementToolCoordinator.java:142)
	at org.hibernate.boot.internal.SessionFactoryObserverForSchemaExport.sessionFactoryCreated(SessionFactoryObserverForSchemaExport.java:37)
	at org.hibernate.internal.SessionFactoryObserverChain.sessionFactoryCreated(SessionFactoryObserverChain.java:35)
	at org.hibernate.internal.SessionFactoryImpl.<init>(SessionFactoryImpl.java:315)
	at org.hibernate.boot.internal.SessionFactoryBuilderImpl.build(SessionFactoryBuilderImpl.java:450)
	at org.hibernate.jpa.boot.internal.EntityManagerFactoryBuilderImpl.build(EntityManagerFactoryBuilderImpl.java:1507)
	at org.springframework.orm.jpa.vendor.SpringHibernateJpaPersistenceProvider.createContainerEntityManagerFactory(SpringHibernateJpaPersistenceProvider.java:75)
	at org.springframework.orm.jpa.LocalContainerEntityManagerFactoryBean.createNativeEntityManagerFactory(LocalContainerEntityManagerFactoryBean.java:390)
	at org.springframework.orm.jpa.AbstractEntityManagerFactoryBean.buildNativeEntityManagerFactory(AbstractEntityManagerFactoryBean.java:409)
	at org.springframework.orm.jpa.AbstractEntityManagerFactoryBean.afterPropertiesSet(AbstractEntityManagerFactoryBean.java:396)
	at org.springframework.orm.jpa.LocalContainerEntityManagerFactoryBean.afterPropertiesSet(LocalContainerEntityManagerFactoryBean.java:366)
	at org.springframework.beans.factory.support.AbstractAutowireCapableBeanFactory.invokeInitMethods(AbstractAutowireCapableBeanFactory.java:1833)
	at org.springframework.beans.factory.support.AbstractAutowireCapableBeanFactory.initializeBean(AbstractAutowireCapableBeanFactory.java:1782)
	at org.springframework.beans.factory.support.AbstractAutowireCapableBeanFactory.doCreateBean(AbstractAutowireCapableBeanFactory.java:600)
	at org.springframework.beans.factory.support.AbstractAutowireCapableBeanFactory.createBean(AbstractAutowireCapableBeanFactory.java:522)
	at org.springframework.beans.factory.support.AbstractBeanFactory.lambda$doGetBean$0(AbstractBeanFactory.java:326)
	at org.springframework.beans.factory.support.DefaultSingletonBeanRegistry.getSingleton(DefaultSingletonBeanRegistry.java:234)
	at org.springframework.beans.factory.support.AbstractBeanFactory.doGetBean(AbstractBeanFactory.java:324)
	at org.springframework.beans.factory.support.AbstractBeanFactory.getBean(AbstractBeanFactory.java:200)
	at org.springframework.context.support.AbstractApplicationContext.getBean(AbstractApplicationContext.java:1234)
	at org.springframework.context.support.AbstractApplicationContext.finishBeanFactoryInitialization(AbstractApplicationContext.java:952)
	at org.springframework.context.support.AbstractApplicationContext.refresh(AbstractApplicationContext.java:624)
	at org.springframework.boot.web.servlet.context.ServletWebServerApplicationContext.refresh(ServletWebServerApplicationContext.java:146)
	at org.springframework.boot.SpringApplication.refresh(SpringApplication.java:754)
	at org.springframework.boot.SpringApplication.refreshContext(SpringApplication.java:456)
	at org.springframework.boot.SpringApplication.run(SpringApplication.java:334)
	at org.springframework.boot.SpringApplication.run(SpringApplication.java:1354)
	at org.springframework.boot.SpringApplication.run(SpringApplication.java:1343)
	at com.example.xx2.Xx2Application.main(Xx2Application.java:11)
Caused by: org.postgresql.util.PSQLException: ERROR: column "updated_date" of relation "movie" contains null values
	at org.postgresql.core.v3.QueryExecutorImpl.receiveErrorResponse(QueryExecutorImpl.java:2713)
	at org.postgresql.core.v3.QueryExecutorImpl.processResults(QueryExecutorImpl.java:2401)
	at org.postgresql.core.v3.QueryExecutorImpl.execute(QueryExecutorImpl.java:368)
	at org.postgresql.jdbc.PgStatement.executeInternal(PgStatement.java:498)
	at org.postgresql.jdbc.PgStatement.execute(PgStatement.java:415)
	at org.postgresql.jdbc.PgStatement.executeWithFlags(PgStatement.java:335)
	at org.postgresql.jdbc.PgStatement.executeCachedSql(PgStatement.java:321)
	at org.postgresql.jdbc.PgStatement.executeWithFlags(PgStatement.java:297)
	at org.postgresql.jdbc.PgStatement.execute(PgStatement.java:292)
	at com.zaxxer.hikari.pool.ProxyStatement.execute(ProxyStatement.java:94)
	at com.zaxxer.hikari.pool.HikariProxyStatement.execute(HikariProxyStatement.java)
	at org.hibernate.tool.schema.internal.exec.GenerationTargetToDatabase.accept(GenerationTargetToDatabase.java:80)
	... 38 common frames omitted
2024-04-26 21:42:07,151 WARN o.h.t.s.i.ExceptionHandlerLoggedImpl [main] GenerationTarget encountered exception accepting command : Error executing DDL "alter table if exists movie add column type integer not null" via JDBC [ERROR: column "type" of relation "movie" contains null values]
org.hibernate.tool.schema.spi.CommandAcceptanceException: Error executing DDL "alter table if exists movie add column type integer not null" via JDBC [ERROR: column "type" of relation "movie" contains null values]
	at org.hibernate.tool.schema.internal.exec.GenerationTargetToDatabase.accept(GenerationTargetToDatabase.java:94)
	at org.hibernate.tool.schema.internal.AbstractSchemaMigrator.applySqlString(AbstractSchemaMigrator.java:574)
	at org.hibernate.tool.schema.internal.AbstractSchemaMigrator.applySqlStrings(AbstractSchemaMigrator.java:514)
	at org.hibernate.tool.schema.internal.AbstractSchemaMigrator.migrateTable(AbstractSchemaMigrator.java:333)
	at org.hibernate.tool.schema.internal.GroupedSchemaMigratorImpl.performTablesMigration(GroupedSchemaMigratorImpl.java:84)
	at org.hibernate.tool.schema.internal.AbstractSchemaMigrator.performMigration(AbstractSchemaMigrator.java:232)
	at org.hibernate.tool.schema.internal.AbstractSchemaMigrator.doMigration(AbstractSchemaMigrator.java:117)
	at org.hibernate.tool.schema.spi.SchemaManagementToolCoordinator.performDatabaseAction(SchemaManagementToolCoordinator.java:286)
	at org.hibernate.tool.schema.spi.SchemaManagementToolCoordinator.lambda$process$5(SchemaManagementToolCoordinator.java:145)
	at java.base/java.util.HashMap.forEach(HashMap.java:1429)
	at org.hibernate.tool.schema.spi.SchemaManagementToolCoordinator.process(SchemaManagementToolCoordinator.java:142)
	at org.hibernate.boot.internal.SessionFactoryObserverForSchemaExport.sessionFactoryCreated(SessionFactoryObserverForSchemaExport.java:37)
	at org.hibernate.internal.SessionFactoryObserverChain.sessionFactoryCreated(SessionFactoryObserverChain.java:35)
	at org.hibernate.internal.SessionFactoryImpl.<init>(SessionFactoryImpl.java:315)
	at org.hibernate.boot.internal.SessionFactoryBuilderImpl.build(SessionFactoryBuilderImpl.java:450)
	at org.hibernate.jpa.boot.internal.EntityManagerFactoryBuilderImpl.build(EntityManagerFactoryBuilderImpl.java:1507)
	at org.springframework.orm.jpa.vendor.SpringHibernateJpaPersistenceProvider.createContainerEntityManagerFactory(SpringHibernateJpaPersistenceProvider.java:75)
	at org.springframework.orm.jpa.LocalContainerEntityManagerFactoryBean.createNativeEntityManagerFactory(LocalContainerEntityManagerFactoryBean.java:390)
	at org.springframework.orm.jpa.AbstractEntityManagerFactoryBean.buildNativeEntityManagerFactory(AbstractEntityManagerFactoryBean.java:409)
	at org.springframework.orm.jpa.AbstractEntityManagerFactoryBean.afterPropertiesSet(AbstractEntityManagerFactoryBean.java:396)
	at org.springframework.orm.jpa.LocalContainerEntityManagerFactoryBean.afterPropertiesSet(LocalContainerEntityManagerFactoryBean.java:366)
	at org.springframework.beans.factory.support.AbstractAutowireCapableBeanFactory.invokeInitMethods(AbstractAutowireCapableBeanFactory.java:1833)
	at org.springframework.beans.factory.support.AbstractAutowireCapableBeanFactory.initializeBean(AbstractAutowireCapableBeanFactory.java:1782)
	at org.springframework.beans.factory.support.AbstractAutowireCapableBeanFactory.doCreateBean(AbstractAutowireCapableBeanFactory.java:600)
	at org.springframework.beans.factory.support.AbstractAutowireCapableBeanFactory.createBean(AbstractAutowireCapableBeanFactory.java:522)
	at org.springframework.beans.factory.support.AbstractBeanFactory.lambda$doGetBean$0(AbstractBeanFactory.java:326)
	at org.springframework.beans.factory.support.DefaultSingletonBeanRegistry.getSingleton(DefaultSingletonBeanRegistry.java:234)
	at org.springframework.beans.factory.support.AbstractBeanFactory.doGetBean(AbstractBeanFactory.java:324)
	at org.springframework.beans.factory.support.AbstractBeanFactory.getBean(AbstractBeanFactory.java:200)
	at org.springframework.context.support.AbstractApplicationContext.getBean(AbstractApplicationContext.java:1234)
	at org.springframework.context.support.AbstractApplicationContext.finishBeanFactoryInitialization(AbstractApplicationContext.java:952)
	at org.springframework.context.support.AbstractApplicationContext.refresh(AbstractApplicationContext.java:624)
	at org.springframework.boot.web.servlet.context.ServletWebServerApplicationContext.refresh(ServletWebServerApplicationContext.java:146)
	at org.springframework.boot.SpringApplication.refresh(SpringApplication.java:754)
	at org.springframework.boot.SpringApplication.refreshContext(SpringApplication.java:456)
	at org.springframework.boot.SpringApplication.run(SpringApplication.java:334)
	at org.springframework.boot.SpringApplication.run(SpringApplication.java:1354)
	at org.springframework.boot.SpringApplication.run(SpringApplication.java:1343)
	at com.example.xx2.Xx2Application.main(Xx2Application.java:11)
Caused by: org.postgresql.util.PSQLException: ERROR: column "type" of relation "movie" contains null values
	at org.postgresql.core.v3.QueryExecutorImpl.receiveErrorResponse(QueryExecutorImpl.java:2713)
	at org.postgresql.core.v3.QueryExecutorImpl.processResults(QueryExecutorImpl.java:2401)
	at org.postgresql.core.v3.QueryExecutorImpl.execute(QueryExecutorImpl.java:368)
	at org.postgresql.jdbc.PgStatement.executeInternal(PgStatement.java:498)
	at org.postgresql.jdbc.PgStatement.execute(PgStatement.java:415)
	at org.postgresql.jdbc.PgStatement.executeWithFlags(PgStatement.java:335)
	at org.postgresql.jdbc.PgStatement.executeCachedSql(PgStatement.java:321)
	at org.postgresql.jdbc.PgStatement.executeWithFlags(PgStatement.java:297)
	at org.postgresql.jdbc.PgStatement.execute(PgStatement.java:292)
	at com.zaxxer.hikari.pool.ProxyStatement.execute(ProxyStatement.java:94)
	at com.zaxxer.hikari.pool.HikariProxyStatement.execute(HikariProxyStatement.java)
	at org.hibernate.tool.schema.internal.exec.GenerationTargetToDatabase.accept(GenerationTargetToDatabase.java:80)
	... 38 common frames omitted
2024-04-26 21:42:07,195 INFO o.s.o.j.AbstractEntityManagerFactoryBean [main] Initialized JPA EntityManagerFactory for persistence unit 'default'
2024-04-26 21:42:07,683 WARN o.s.b.a.o.j.JpaBaseConfiguration$JpaWebConfiguration [main] spring.jpa.open-in-view is enabled by default. Therefore, database queries may be performed during view rendering. Explicitly configure spring.jpa.open-in-view to disable this warning
2024-04-26 21:42:08,317 INFO o.a.j.l.DirectJDKLog [main] Starting ProtocolHandler ["http-nio-8081"]
2024-04-26 21:42:08,344 INFO o.s.b.w.e.t.TomcatWebServer [main] Tomcat started on port 8081 (http) with context path ''
2024-04-26 21:42:08,370 INFO o.s.b.StartupInfoLogger [main] Started Xx2Application in 7.182 seconds (process running for 8.195)
2024-04-26 21:43:00,067 INFO o.s.o.j.AbstractEntityManagerFactoryBean [SpringApplicationShutdownHook] Closing JPA EntityManagerFactory for persistence unit 'default'
2024-04-26 21:43:00,071 INFO c.z.h.HikariDataSource [SpringApplicationShutdownHook] HikariPool-1 - Shutdown initiated...
2024-04-26 21:43:00,077 INFO c.z.h.HikariDataSource [SpringApplicationShutdownHook] HikariPool-1 - Shutdown completed.
2024-04-26 21:43:03,100 INFO o.s.b.StartupInfoLogger [main] Starting Xx2Application using Java 20.0.2.1 with PID 26963 (/home/birruby/Documents/work/binar/sinergy7/git/Chapter4/xx2/target/classes started by birruby in /home/birruby/Documents/work/binar/sinergy7/git/Chapter4/xx2)
2024-04-26 21:43:03,103 INFO o.s.b.SpringApplication [main] No active profile set, falling back to 1 default profile: "default"
2024-04-26 21:43:03,912 INFO o.s.d.r.c.RepositoryConfigurationDelegate [main] Bootstrapping Spring Data JPA repositories in DEFAULT mode.
2024-04-26 21:43:03,989 INFO o.s.d.r.c.RepositoryConfigurationDelegate [main] Finished Spring Data repository scanning in 67 ms. Found 3 JPA repository interfaces.
2024-04-26 21:43:04,591 INFO o.s.b.w.e.t.TomcatWebServer [main] Tomcat initialized with port 8081 (http)
2024-04-26 21:43:04,604 INFO o.a.j.l.DirectJDKLog [main] Initializing ProtocolHandler ["http-nio-8081"]
2024-04-26 21:43:04,606 INFO o.a.j.l.DirectJDKLog [main] Starting service [Tomcat]
2024-04-26 21:43:04,606 INFO o.a.j.l.DirectJDKLog [main] Starting Servlet engine: [Apache Tomcat/10.1.20]
2024-04-26 21:43:04,656 INFO o.a.j.l.DirectJDKLog [main] Initializing Spring embedded WebApplicationContext
2024-04-26 21:43:04,657 INFO o.s.b.w.s.c.ServletWebServerApplicationContext [main] Root WebApplicationContext: initialization completed in 1504 ms
2024-04-26 21:43:04,865 INFO o.h.j.i.u.LogHelper [main] HHH000204: Processing PersistenceUnitInfo [name: default]
2024-04-26 21:43:04,931 INFO o.h.Version [main] HHH000412: Hibernate ORM core version 6.4.4.Final
2024-04-26 21:43:04,977 INFO o.h.c.i.RegionFactoryInitiator [main] HHH000026: Second-level cache disabled
2024-04-26 21:43:05,252 INFO o.s.o.j.p.SpringPersistenceUnitInfo [main] No LoadTimeWeaver setup: ignoring JPA class transformer
2024-04-26 21:43:05,287 INFO c.z.h.HikariDataSource [main] HikariPool-1 - Starting...
2024-04-26 21:43:05,413 INFO c.z.h.p.HikariPool [main] HikariPool-1 - Added connection org.postgresql.jdbc.PgConnection@273dec10
2024-04-26 21:43:05,415 INFO c.z.h.HikariDataSource [main] HikariPool-1 - Start completed.
2024-04-26 21:43:05,447 WARN o.h.e.j.d.i.DialectFactoryImpl [main] HHH90000025: PostgreSQLDialect does not need to be specified explicitly using 'hibernate.dialect' (remove the property setting and it will be selected by default)
2024-04-26 21:43:06,583 INFO o.h.e.t.j.p.i.JtaPlatformInitiator [main] HHH000489: No JTA platform available (set 'hibernate.transaction.jta.platform' to enable JTA platform integration)
2024-04-26 21:43:06,679 INFO o.s.o.j.AbstractEntityManagerFactoryBean [main] Initialized JPA EntityManagerFactory for persistence unit 'default'
2024-04-26 21:43:07,020 WARN o.s.b.a.o.j.JpaBaseConfiguration$JpaWebConfiguration [main] spring.jpa.open-in-view is enabled by default. Therefore, database queries may be performed during view rendering. Explicitly configure spring.jpa.open-in-view to disable this warning
2024-04-26 21:43:07,497 INFO o.a.j.l.DirectJDKLog [main] Starting ProtocolHandler ["http-nio-8081"]
2024-04-26 21:43:07,515 INFO o.s.b.w.e.t.TomcatWebServer [main] Tomcat started on port 8081 (http) with context path ''
2024-04-26 21:43:07,531 INFO o.s.b.StartupInfoLogger [main] Started Xx2Application in 5.294 seconds (process running for 6.382)
2024-04-26 21:44:55,499 INFO o.s.o.j.AbstractEntityManagerFactoryBean [SpringApplicationShutdownHook] Closing JPA EntityManagerFactory for persistence unit 'default'
2024-04-26 21:44:55,502 INFO c.z.h.HikariDataSource [SpringApplicationShutdownHook] HikariPool-1 - Shutdown initiated...
2024-04-26 21:44:55,507 INFO c.z.h.HikariDataSource [SpringApplicationShutdownHook] HikariPool-1 - Shutdown completed.
2024-04-26 21:45:01,721 INFO o.s.b.StartupInfoLogger [main] Starting Xx2Application using Java 20.0.2.1 with PID 27237 (/home/birruby/Documents/work/binar/sinergy7/git/Chapter4/xx2/target/classes started by birruby in /home/birruby/Documents/work/binar/sinergy7/git/Chapter4/xx2)
2024-04-26 21:45:01,724 INFO o.s.b.SpringApplication [main] No active profile set, falling back to 1 default profile: "default"
2024-04-26 21:45:02,580 INFO o.s.d.r.c.RepositoryConfigurationDelegate [main] Bootstrapping Spring Data JPA repositories in DEFAULT mode.
2024-04-26 21:45:02,653 INFO o.s.d.r.c.RepositoryConfigurationDelegate [main] Finished Spring Data repository scanning in 65 ms. Found 3 JPA repository interfaces.
2024-04-26 21:45:03,269 INFO o.s.b.w.e.t.TomcatWebServer [main] Tomcat initialized with port 8081 (http)
2024-04-26 21:45:03,285 INFO o.a.j.l.DirectJDKLog [main] Initializing ProtocolHandler ["http-nio-8081"]
2024-04-26 21:45:03,288 INFO o.a.j.l.DirectJDKLog [main] Starting service [Tomcat]
2024-04-26 21:45:03,288 INFO o.a.j.l.DirectJDKLog [main] Starting Servlet engine: [Apache Tomcat/10.1.20]
2024-04-26 21:45:03,351 INFO o.a.j.l.DirectJDKLog [main] Initializing Spring embedded WebApplicationContext
2024-04-26 21:45:03,352 INFO o.s.b.w.s.c.ServletWebServerApplicationContext [main] Root WebApplicationContext: initialization completed in 1562 ms
2024-04-26 21:45:03,554 INFO o.h.j.i.u.LogHelper [main] HHH000204: Processing PersistenceUnitInfo [name: default]
2024-04-26 21:45:03,615 INFO o.h.Version [main] HHH000412: Hibernate ORM core version 6.4.4.Final
2024-04-26 21:45:03,655 INFO o.h.c.i.RegionFactoryInitiator [main] HHH000026: Second-level cache disabled
2024-04-26 21:45:03,955 INFO o.s.o.j.p.SpringPersistenceUnitInfo [main] No LoadTimeWeaver setup: ignoring JPA class transformer
2024-04-26 21:45:03,985 INFO c.z.h.HikariDataSource [main] HikariPool-1 - Starting...
2024-04-26 21:45:04,081 INFO c.z.h.p.HikariPool [main] HikariPool-1 - Added connection org.postgresql.jdbc.PgConnection@720a1fd0
2024-04-26 21:45:04,083 INFO c.z.h.HikariDataSource [main] HikariPool-1 - Start completed.
2024-04-26 21:45:04,112 WARN o.h.e.j.d.i.DialectFactoryImpl [main] HHH90000025: PostgreSQLDialect does not need to be specified explicitly using 'hibernate.dialect' (remove the property setting and it will be selected by default)
2024-04-26 21:45:05,239 INFO o.h.e.t.j.p.i.JtaPlatformInitiator [main] HHH000489: No JTA platform available (set 'hibernate.transaction.jta.platform' to enable JTA platform integration)
2024-04-26 21:45:05,325 INFO o.s.o.j.AbstractEntityManagerFactoryBean [main] Initialized JPA EntityManagerFactory for persistence unit 'default'
2024-04-26 21:45:05,660 WARN o.s.b.a.o.j.JpaBaseConfiguration$JpaWebConfiguration [main] spring.jpa.open-in-view is enabled by default. Therefore, database queries may be performed during view rendering. Explicitly configure spring.jpa.open-in-view to disable this warning
2024-04-26 21:45:06,142 INFO o.a.j.l.DirectJDKLog [main] Starting ProtocolHandler ["http-nio-8081"]
2024-04-26 21:45:06,159 INFO o.s.b.w.e.t.TomcatWebServer [main] Tomcat started on port 8081 (http) with context path ''
2024-04-26 21:45:06,172 INFO o.s.b.StartupInfoLogger [main] Started Xx2Application in 5.276 seconds (process running for 6.271)
2024-04-26 21:47:38,528 INFO o.s.o.j.AbstractEntityManagerFactoryBean [SpringApplicationShutdownHook] Closing JPA EntityManagerFactory for persistence unit 'default'
2024-04-26 21:47:38,532 INFO c.z.h.HikariDataSource [SpringApplicationShutdownHook] HikariPool-1 - Shutdown initiated...
2024-04-26 21:47:38,538 INFO c.z.h.HikariDataSource [SpringApplicationShutdownHook] HikariPool-1 - Shutdown completed.
2024-04-26 21:47:43,777 INFO o.s.b.StartupInfoLogger [main] Starting Xx2Application using Java 20.0.2.1 with PID 27488 (/home/birruby/Documents/work/binar/sinergy7/git/Chapter4/xx2/target/classes started by birruby in /home/birruby/Documents/work/binar/sinergy7/git/Chapter4/xx2)
2024-04-26 21:47:43,780 INFO o.s.b.SpringApplication [main] No active profile set, falling back to 1 default profile: "default"
2024-04-26 21:47:44,608 INFO o.s.d.r.c.RepositoryConfigurationDelegate [main] Bootstrapping Spring Data JPA repositories in DEFAULT mode.
2024-04-26 21:47:44,694 INFO o.s.d.r.c.RepositoryConfigurationDelegate [main] Finished Spring Data repository scanning in 77 ms. Found 3 JPA repository interfaces.
2024-04-26 21:47:45,367 INFO o.s.b.w.e.t.TomcatWebServer [main] Tomcat initialized with port 8081 (http)
2024-04-26 21:47:45,385 INFO o.a.j.l.DirectJDKLog [main] Initializing ProtocolHandler ["http-nio-8081"]
2024-04-26 21:47:45,387 INFO o.a.j.l.DirectJDKLog [main] Starting service [Tomcat]
2024-04-26 21:47:45,388 INFO o.a.j.l.DirectJDKLog [main] Starting Servlet engine: [Apache Tomcat/10.1.20]
2024-04-26 21:47:45,443 INFO o.a.j.l.DirectJDKLog [main] Initializing Spring embedded WebApplicationContext
2024-04-26 21:47:45,443 INFO o.s.b.w.s.c.ServletWebServerApplicationContext [main] Root WebApplicationContext: initialization completed in 1597 ms
2024-04-26 21:47:45,633 INFO o.h.j.i.u.LogHelper [main] HHH000204: Processing PersistenceUnitInfo [name: default]
2024-04-26 21:47:45,699 INFO o.h.Version [main] HHH000412: Hibernate ORM core version 6.4.4.Final
2024-04-26 21:47:45,740 INFO o.h.c.i.RegionFactoryInitiator [main] HHH000026: Second-level cache disabled
2024-04-26 21:47:46,045 INFO o.s.o.j.p.SpringPersistenceUnitInfo [main] No LoadTimeWeaver setup: ignoring JPA class transformer
2024-04-26 21:47:46,075 INFO c.z.h.HikariDataSource [main] HikariPool-1 - Starting...
2024-04-26 21:47:46,180 INFO c.z.h.p.HikariPool [main] HikariPool-1 - Added connection org.postgresql.jdbc.PgConnection@4fad51a3
2024-04-26 21:47:46,183 INFO c.z.h.HikariDataSource [main] HikariPool-1 - Start completed.
2024-04-26 21:47:46,215 WARN o.h.e.j.d.i.DialectFactoryImpl [main] HHH90000025: PostgreSQLDialect does not need to be specified explicitly using 'hibernate.dialect' (remove the property setting and it will be selected by default)
2024-04-26 21:47:47,379 INFO o.h.e.t.j.p.i.JtaPlatformInitiator [main] HHH000489: No JTA platform available (set 'hibernate.transaction.jta.platform' to enable JTA platform integration)
2024-04-26 21:47:47,463 INFO o.s.o.j.AbstractEntityManagerFactoryBean [main] Initialized JPA EntityManagerFactory for persistence unit 'default'
2024-04-26 21:47:47,783 WARN o.s.b.a.o.j.JpaBaseConfiguration$JpaWebConfiguration [main] spring.jpa.open-in-view is enabled by default. Therefore, database queries may be performed during view rendering. Explicitly configure spring.jpa.open-in-view to disable this warning
2024-04-26 21:47:48,322 INFO o.a.j.l.DirectJDKLog [main] Starting ProtocolHandler ["http-nio-8081"]
2024-04-26 21:47:48,347 INFO o.s.b.w.e.t.TomcatWebServer [main] Tomcat started on port 8081 (http) with context path ''
2024-04-26 21:47:48,381 INFO o.s.b.StartupInfoLogger [main] Started Xx2Application in 5.409 seconds (process running for 6.424)
2024-04-26 21:50:23,910 INFO o.s.o.j.AbstractEntityManagerFactoryBean [SpringApplicationShutdownHook] Closing JPA EntityManagerFactory for persistence unit 'default'
2024-04-26 21:50:23,913 INFO c.z.h.HikariDataSource [SpringApplicationShutdownHook] HikariPool-1 - Shutdown initiated...
2024-04-26 21:50:23,918 INFO c.z.h.HikariDataSource [SpringApplicationShutdownHook] HikariPool-1 - Shutdown completed.
2024-04-26 21:50:29,827 INFO o.s.b.StartupInfoLogger [main] Starting Xx2Application using Java 20.0.2.1 with PID 27944 (/home/birruby/Documents/work/binar/sinergy7/git/Chapter4/xx2/target/classes started by birruby in /home/birruby/Documents/work/binar/sinergy7/git/Chapter4/xx2)
2024-04-26 21:50:29,833 INFO o.s.b.SpringApplication [main] No active profile set, falling back to 1 default profile: "default"
2024-04-26 21:50:30,664 INFO o.s.d.r.c.RepositoryConfigurationDelegate [main] Bootstrapping Spring Data JPA repositories in DEFAULT mode.
2024-04-26 21:50:30,740 INFO o.s.d.r.c.RepositoryConfigurationDelegate [main] Finished Spring Data repository scanning in 66 ms. Found 3 JPA repository interfaces.
2024-04-26 21:50:31,376 INFO o.s.b.w.e.t.TomcatWebServer [main] Tomcat initialized with port 8081 (http)
2024-04-26 21:50:31,395 INFO o.a.j.l.DirectJDKLog [main] Initializing ProtocolHandler ["http-nio-8081"]
2024-04-26 21:50:31,397 INFO o.a.j.l.DirectJDKLog [main] Starting service [Tomcat]
2024-04-26 21:50:31,397 INFO o.a.j.l.DirectJDKLog [main] Starting Servlet engine: [Apache Tomcat/10.1.20]
2024-04-26 21:50:31,451 INFO o.a.j.l.DirectJDKLog [main] Initializing Spring embedded WebApplicationContext
2024-04-26 21:50:31,451 INFO o.s.b.w.s.c.ServletWebServerApplicationContext [main] Root WebApplicationContext: initialization completed in 1541 ms
2024-04-26 21:50:31,637 INFO o.h.j.i.u.LogHelper [main] HHH000204: Processing PersistenceUnitInfo [name: default]
2024-04-26 21:50:31,704 INFO o.h.Version [main] HHH000412: Hibernate ORM core version 6.4.4.Final
2024-04-26 21:50:31,739 INFO o.h.c.i.RegionFactoryInitiator [main] HHH000026: Second-level cache disabled
2024-04-26 21:50:32,032 INFO o.s.o.j.p.SpringPersistenceUnitInfo [main] No LoadTimeWeaver setup: ignoring JPA class transformer
2024-04-26 21:50:32,062 INFO c.z.h.HikariDataSource [main] HikariPool-1 - Starting...
2024-04-26 21:50:32,160 INFO c.z.h.p.HikariPool [main] HikariPool-1 - Added connection org.postgresql.jdbc.PgConnection@a9e8da1
2024-04-26 21:50:32,162 INFO c.z.h.HikariDataSource [main] HikariPool-1 - Start completed.
2024-04-26 21:50:32,193 WARN o.h.e.j.d.i.DialectFactoryImpl [main] HHH90000025: PostgreSQLDialect does not need to be specified explicitly using 'hibernate.dialect' (remove the property setting and it will be selected by default)
2024-04-26 21:50:33,355 INFO o.h.e.t.j.p.i.JtaPlatformInitiator [main] HHH000489: No JTA platform available (set 'hibernate.transaction.jta.platform' to enable JTA platform integration)
2024-04-26 21:50:33,448 INFO o.s.o.j.AbstractEntityManagerFactoryBean [main] Initialized JPA EntityManagerFactory for persistence unit 'default'
2024-04-26 21:50:33,770 WARN o.s.b.a.o.j.JpaBaseConfiguration$JpaWebConfiguration [main] spring.jpa.open-in-view is enabled by default. Therefore, database queries may be performed during view rendering. Explicitly configure spring.jpa.open-in-view to disable this warning
2024-04-26 21:50:34,245 INFO o.a.j.l.DirectJDKLog [main] Starting ProtocolHandler ["http-nio-8081"]
2024-04-26 21:50:34,261 INFO o.s.b.w.e.t.TomcatWebServer [main] Tomcat started on port 8081 (http) with context path ''
2024-04-26 21:50:34,277 INFO o.s.b.StartupInfoLogger [main] Started Xx2Application in 5.312 seconds (process running for 6.319)
2024-04-26 21:51:59,771 INFO o.s.o.j.AbstractEntityManagerFactoryBean [SpringApplicationShutdownHook] Closing JPA EntityManagerFactory for persistence unit 'default'
2024-04-26 21:51:59,773 INFO c.z.h.HikariDataSource [SpringApplicationShutdownHook] HikariPool-1 - Shutdown initiated...
2024-04-26 21:51:59,780 INFO c.z.h.HikariDataSource [SpringApplicationShutdownHook] HikariPool-1 - Shutdown completed.
2024-04-26 21:52:02,706 INFO o.s.b.StartupInfoLogger [main] Starting Xx2Application using Java 20.0.2.1 with PID 28128 (/home/birruby/Documents/work/binar/sinergy7/git/Chapter4/xx2/target/classes started by birruby in /home/birruby/Documents/work/binar/sinergy7/git/Chapter4/xx2)
2024-04-26 21:52:02,709 INFO o.s.b.SpringApplication [main] No active profile set, falling back to 1 default profile: "default"
2024-04-26 21:52:03,520 INFO o.s.d.r.c.RepositoryConfigurationDelegate [main] Bootstrapping Spring Data JPA repositories in DEFAULT mode.
2024-04-26 21:52:03,597 INFO o.s.d.r.c.RepositoryConfigurationDelegate [main] Finished Spring Data repository scanning in 68 ms. Found 3 JPA repository interfaces.
2024-04-26 21:52:04,246 INFO o.s.b.w.e.t.TomcatWebServer [main] Tomcat initialized with port 8081 (http)
2024-04-26 21:52:04,259 INFO o.a.j.l.DirectJDKLog [main] Initializing ProtocolHandler ["http-nio-8081"]
2024-04-26 21:52:04,261 INFO o.a.j.l.DirectJDKLog [main] Starting service [Tomcat]
2024-04-26 21:52:04,262 INFO o.a.j.l.DirectJDKLog [main] Starting Servlet engine: [Apache Tomcat/10.1.20]
2024-04-26 21:52:04,319 INFO o.a.j.l.DirectJDKLog [main] Initializing Spring embedded WebApplicationContext
2024-04-26 21:52:04,320 INFO o.s.b.w.s.c.ServletWebServerApplicationContext [main] Root WebApplicationContext: initialization completed in 1560 ms
2024-04-26 21:52:04,554 INFO o.h.j.i.u.LogHelper [main] HHH000204: Processing PersistenceUnitInfo [name: default]
2024-04-26 21:52:04,610 INFO o.h.Version [main] HHH000412: Hibernate ORM core version 6.4.4.Final
2024-04-26 21:52:04,649 INFO o.h.c.i.RegionFactoryInitiator [main] HHH000026: Second-level cache disabled
2024-04-26 21:52:04,950 INFO o.s.o.j.p.SpringPersistenceUnitInfo [main] No LoadTimeWeaver setup: ignoring JPA class transformer
2024-04-26 21:52:04,980 INFO c.z.h.HikariDataSource [main] HikariPool-1 - Starting...
2024-04-26 21:52:05,083 INFO c.z.h.p.HikariPool [main] HikariPool-1 - Added connection org.postgresql.jdbc.PgConnection@720a1fd0
2024-04-26 21:52:05,085 INFO c.z.h.HikariDataSource [main] HikariPool-1 - Start completed.
2024-04-26 21:52:05,113 WARN o.h.e.j.d.i.DialectFactoryImpl [main] HHH90000025: PostgreSQLDialect does not need to be specified explicitly using 'hibernate.dialect' (remove the property setting and it will be selected by default)
2024-04-26 21:52:06,317 INFO o.h.e.t.j.p.i.JtaPlatformInitiator [main] HHH000489: No JTA platform available (set 'hibernate.transaction.jta.platform' to enable JTA platform integration)
2024-04-26 21:52:06,420 INFO o.s.o.j.AbstractEntityManagerFactoryBean [main] Initialized JPA EntityManagerFactory for persistence unit 'default'
2024-04-26 21:52:06,773 WARN o.s.b.a.o.j.JpaBaseConfiguration$JpaWebConfiguration [main] spring.jpa.open-in-view is enabled by default. Therefore, database queries may be performed during view rendering. Explicitly configure spring.jpa.open-in-view to disable this warning
2024-04-26 21:52:07,260 INFO o.a.j.l.DirectJDKLog [main] Starting ProtocolHandler ["http-nio-8081"]
2024-04-26 21:52:07,278 INFO o.s.b.w.e.t.TomcatWebServer [main] Tomcat started on port 8081 (http) with context path ''
2024-04-26 21:52:07,295 INFO o.s.b.StartupInfoLogger [main] Started Xx2Application in 5.396 seconds (process running for 6.517)
2024-04-26 21:55:54,950 WARN c.z.h.p.HikariPool$HouseKeeper [HikariPool-1 housekeeper] HikariPool-1 - Thread starvation or clock leap detected (housekeeper delta=3m49s764ms659s395ns).
2024-04-26 21:55:55,000 INFO o.s.o.j.AbstractEntityManagerFactoryBean [SpringApplicationShutdownHook] Closing JPA EntityManagerFactory for persistence unit 'default'
2024-04-26 21:55:55,003 INFO c.z.h.HikariDataSource [SpringApplicationShutdownHook] HikariPool-1 - Shutdown initiated...
2024-04-26 21:55:55,011 INFO c.z.h.HikariDataSource [SpringApplicationShutdownHook] HikariPool-1 - Shutdown completed.
2024-04-26 21:56:04,908 INFO o.s.b.StartupInfoLogger [main] Starting Xx2Application using Java 20.0.2.1 with PID 28737 (/home/birruby/Documents/work/binar/sinergy7/git/Chapter4/xx2/target/classes started by birruby in /home/birruby/Documents/work/binar/sinergy7/git/Chapter4/xx2)
2024-04-26 21:56:04,912 INFO o.s.b.SpringApplication [main] No active profile set, falling back to 1 default profile: "default"
2024-04-26 21:56:05,935 INFO o.s.d.r.c.RepositoryConfigurationDelegate [main] Bootstrapping Spring Data JPA repositories in DEFAULT mode.
2024-04-26 21:56:06,025 INFO o.s.d.r.c.RepositoryConfigurationDelegate [main] Finished Spring Data repository scanning in 78 ms. Found 3 JPA repository interfaces.
2024-04-26 21:56:06,816 INFO o.s.b.w.e.t.TomcatWebServer [main] Tomcat initialized with port 8081 (http)
2024-04-26 21:56:06,835 INFO o.a.j.l.DirectJDKLog [main] Initializing ProtocolHandler ["http-nio-8081"]
2024-04-26 21:56:06,838 INFO o.a.j.l.DirectJDKLog [main] Starting service [Tomcat]
2024-04-26 21:56:06,840 INFO o.a.j.l.DirectJDKLog [main] Starting Servlet engine: [Apache Tomcat/10.1.20]
2024-04-26 21:56:06,915 INFO o.a.j.l.DirectJDKLog [main] Initializing Spring embedded WebApplicationContext
2024-04-26 21:56:06,916 INFO o.s.b.w.s.c.ServletWebServerApplicationContext [main] Root WebApplicationContext: initialization completed in 1924 ms
2024-04-26 21:56:07,171 INFO o.h.j.i.u.LogHelper [main] HHH000204: Processing PersistenceUnitInfo [name: default]
2024-04-26 21:56:07,255 INFO o.h.Version [main] HHH000412: Hibernate ORM core version 6.4.4.Final
2024-04-26 21:56:07,322 INFO o.h.c.i.RegionFactoryInitiator [main] HHH000026: Second-level cache disabled
2024-04-26 21:56:07,686 INFO o.s.o.j.p.SpringPersistenceUnitInfo [main] No LoadTimeWeaver setup: ignoring JPA class transformer
2024-04-26 21:56:07,729 INFO c.z.h.HikariDataSource [main] HikariPool-1 - Starting...
2024-04-26 21:56:07,882 INFO c.z.h.p.HikariPool [main] HikariPool-1 - Added connection org.postgresql.jdbc.PgConnection@62faf77
2024-04-26 21:56:07,886 INFO c.z.h.HikariDataSource [main] HikariPool-1 - Start completed.
2024-04-26 21:56:07,951 WARN o.h.e.j.d.i.DialectFactoryImpl [main] HHH90000025: PostgreSQLDialect does not need to be specified explicitly using 'hibernate.dialect' (remove the property setting and it will be selected by default)
2024-04-26 21:56:10,340 INFO o.h.e.t.j.p.i.JtaPlatformInitiator [main] HHH000489: No JTA platform available (set 'hibernate.transaction.jta.platform' to enable JTA platform integration)
2024-04-26 21:56:10,451 INFO o.s.o.j.AbstractEntityManagerFactoryBean [main] Initialized JPA EntityManagerFactory for persistence unit 'default'
2024-04-26 21:56:10,802 WARN o.s.c.s.AbstractApplicationContext [main] Exception encountered during context initialization - cancelling refresh attempt: org.springframework.beans.factory.BeanCreationException: Error creating bean with name 'jpaAuditingHandler': Cannot create inner bean '(inner bean)#380e3122' of type [org.springframework.aop.framework.ProxyFactoryBean] while setting bean property 'auditorAware'
2024-04-26 21:56:10,803 INFO o.s.o.j.AbstractEntityManagerFactoryBean [main] Closing JPA EntityManagerFactory for persistence unit 'default'
2024-04-26 21:56:10,806 INFO c.z.h.HikariDataSource [main] HikariPool-1 - Shutdown initiated...
2024-04-26 21:56:10,811 INFO c.z.h.HikariDataSource [main] HikariPool-1 - Shutdown completed.
2024-04-26 21:56:10,815 INFO o.a.j.l.DirectJDKLog [main] Stopping service [Tomcat]
2024-04-26 21:56:10,846 INFO o.s.b.a.l.ConditionEvaluationReportLogger [main] 

Error starting ApplicationContext. To display the condition evaluation report re-run your application with 'debug' enabled.
2024-04-26 21:56:10,879 ERROR o.s.b.d.LoggingFailureAnalysisReporter [main] 

***************************
APPLICATION FAILED TO START
***************************

Description:

A component required a bean named 'auditorAware' that could not be found.


Action:

Consider defining a bean named 'auditorAware' in your configuration.

2024-04-26 21:58:22,655 INFO o.s.b.StartupInfoLogger [main] Starting Xx2Application using Java 20.0.2.1 with PID 29026 (/home/birruby/Documents/work/binar/sinergy7/git/Chapter4/xx2/target/classes started by birruby in /home/birruby/Documents/work/binar/sinergy7/git/Chapter4/xx2)
2024-04-26 21:58:22,660 INFO o.s.b.SpringApplication [main] No active profile set, falling back to 1 default profile: "default"
2024-04-26 21:58:23,480 INFO o.s.d.r.c.RepositoryConfigurationDelegate [main] Bootstrapping Spring Data JPA repositories in DEFAULT mode.
2024-04-26 21:58:23,555 INFO o.s.d.r.c.RepositoryConfigurationDelegate [main] Finished Spring Data repository scanning in 65 ms. Found 3 JPA repository interfaces.
2024-04-26 21:58:24,265 INFO o.s.b.w.e.t.TomcatWebServer [main] Tomcat initialized with port 8081 (http)
2024-04-26 21:58:24,281 INFO o.a.j.l.DirectJDKLog [main] Initializing ProtocolHandler ["http-nio-8081"]
2024-04-26 21:58:24,284 INFO o.a.j.l.DirectJDKLog [main] Starting service [Tomcat]
2024-04-26 21:58:24,285 INFO o.a.j.l.DirectJDKLog [main] Starting Servlet engine: [Apache Tomcat/10.1.20]
2024-04-26 21:58:24,362 INFO o.a.j.l.DirectJDKLog [main] Initializing Spring embedded WebApplicationContext
2024-04-26 21:58:24,363 INFO o.s.b.w.s.c.ServletWebServerApplicationContext [main] Root WebApplicationContext: initialization completed in 1649 ms
2024-04-26 21:58:24,605 INFO o.h.j.i.u.LogHelper [main] HHH000204: Processing PersistenceUnitInfo [name: default]
2024-04-26 21:58:24,680 INFO o.h.Version [main] HHH000412: Hibernate ORM core version 6.4.4.Final
2024-04-26 21:58:24,740 INFO o.h.c.i.RegionFactoryInitiator [main] HHH000026: Second-level cache disabled
2024-04-26 21:58:25,145 INFO o.s.o.j.p.SpringPersistenceUnitInfo [main] No LoadTimeWeaver setup: ignoring JPA class transformer
2024-04-26 21:58:25,189 INFO c.z.h.HikariDataSource [main] HikariPool-1 - Starting...
2024-04-26 21:58:25,324 INFO c.z.h.p.HikariPool [main] HikariPool-1 - Added connection org.postgresql.jdbc.PgConnection@687a0e40
2024-04-26 21:58:25,327 INFO c.z.h.HikariDataSource [main] HikariPool-1 - Start completed.
2024-04-26 21:58:25,384 WARN o.h.e.j.d.i.DialectFactoryImpl [main] HHH90000025: PostgreSQLDialect does not need to be specified explicitly using 'hibernate.dialect' (remove the property setting and it will be selected by default)
2024-04-26 21:58:26,778 INFO o.h.e.t.j.p.i.JtaPlatformInitiator [main] HHH000489: No JTA platform available (set 'hibernate.transaction.jta.platform' to enable JTA platform integration)
2024-04-26 21:58:26,896 INFO o.s.o.j.AbstractEntityManagerFactoryBean [main] Initialized JPA EntityManagerFactory for persistence unit 'default'
2024-04-26 21:58:27,267 WARN o.s.b.a.o.j.JpaBaseConfiguration$JpaWebConfiguration [main] spring.jpa.open-in-view is enabled by default. Therefore, database queries may be performed during view rendering. Explicitly configure spring.jpa.open-in-view to disable this warning
2024-04-26 21:58:27,822 INFO o.a.j.l.DirectJDKLog [main] Starting ProtocolHandler ["http-nio-8081"]
2024-04-26 21:58:27,842 INFO o.s.b.w.e.t.TomcatWebServer [main] Tomcat started on port 8081 (http) with context path ''
2024-04-26 21:58:27,863 INFO o.s.b.StartupInfoLogger [main] Started Xx2Application in 6.058 seconds (process running for 7.165)
2024-04-26 21:58:35,315 WARN o.h.e.j.s.SqlExceptionHelper [main] SQL Error: 0, SQLState: 23502
2024-04-26 21:58:35,316 ERROR o.h.e.j.s.SqlExceptionHelper [main] ERROR: null value in column "created_date" of relation "movie" violates not-null constraint
  Detail: Failing row contains (da4a9a32-7bff-44a7-b163-efa7720574fc, Dune 2023, null, null, null, 1).
2024-04-26 22:00:23,986 INFO o.s.o.j.AbstractEntityManagerFactoryBean [SpringApplicationShutdownHook] Closing JPA EntityManagerFactory for persistence unit 'default'
2024-04-26 22:00:23,988 INFO c.z.h.HikariDataSource [SpringApplicationShutdownHook] HikariPool-1 - Shutdown initiated...
2024-04-26 22:00:23,995 INFO c.z.h.HikariDataSource [SpringApplicationShutdownHook] HikariPool-1 - Shutdown completed.
2024-04-26 22:00:30,171 INFO o.s.b.StartupInfoLogger [main] Starting Xx2Application using Java 20.0.2.1 with PID 29474 (/home/birruby/Documents/work/binar/sinergy7/git/Chapter4/xx2/target/classes started by birruby in /home/birruby/Documents/work/binar/sinergy7/git/Chapter4/xx2)
2024-04-26 22:00:30,175 INFO o.s.b.SpringApplication [main] No active profile set, falling back to 1 default profile: "default"
2024-04-26 22:00:31,027 INFO o.s.d.r.c.RepositoryConfigurationDelegate [main] Bootstrapping Spring Data JPA repositories in DEFAULT mode.
2024-04-26 22:00:31,103 INFO o.s.d.r.c.RepositoryConfigurationDelegate [main] Finished Spring Data repository scanning in 68 ms. Found 3 JPA repository interfaces.
2024-04-26 22:00:31,705 INFO o.s.b.w.e.t.TomcatWebServer [main] Tomcat initialized with port 8081 (http)
2024-04-26 22:00:31,718 INFO o.a.j.l.DirectJDKLog [main] Initializing ProtocolHandler ["http-nio-8081"]
2024-04-26 22:00:31,719 INFO o.a.j.l.DirectJDKLog [main] Starting service [Tomcat]
2024-04-26 22:00:31,720 INFO o.a.j.l.DirectJDKLog [main] Starting Servlet engine: [Apache Tomcat/10.1.20]
2024-04-26 22:00:31,774 INFO o.a.j.l.DirectJDKLog [main] Initializing Spring embedded WebApplicationContext
2024-04-26 22:00:31,774 INFO o.s.b.w.s.c.ServletWebServerApplicationContext [main] Root WebApplicationContext: initialization completed in 1544 ms
2024-04-26 22:00:31,986 INFO o.h.j.i.u.LogHelper [main] HHH000204: Processing PersistenceUnitInfo [name: default]
2024-04-26 22:00:32,038 INFO o.h.Version [main] HHH000412: Hibernate ORM core version 6.4.4.Final
2024-04-26 22:00:32,074 INFO o.h.c.i.RegionFactoryInitiator [main] HHH000026: Second-level cache disabled
2024-04-26 22:00:32,366 INFO o.s.o.j.p.SpringPersistenceUnitInfo [main] No LoadTimeWeaver setup: ignoring JPA class transformer
2024-04-26 22:00:32,399 INFO c.z.h.HikariDataSource [main] HikariPool-1 - Starting...
2024-04-26 22:00:32,505 INFO c.z.h.p.HikariPool [main] HikariPool-1 - Added connection org.postgresql.jdbc.PgConnection@67a8bcbb
2024-04-26 22:00:32,507 INFO c.z.h.HikariDataSource [main] HikariPool-1 - Start completed.
2024-04-26 22:00:32,536 WARN o.h.e.j.d.i.DialectFactoryImpl [main] HHH90000025: PostgreSQLDialect does not need to be specified explicitly using 'hibernate.dialect' (remove the property setting and it will be selected by default)
2024-04-26 22:00:33,659 INFO o.h.e.t.j.p.i.JtaPlatformInitiator [main] HHH000489: No JTA platform available (set 'hibernate.transaction.jta.platform' to enable JTA platform integration)
2024-04-26 22:00:33,738 INFO o.s.o.j.AbstractEntityManagerFactoryBean [main] Initialized JPA EntityManagerFactory for persistence unit 'default'
2024-04-26 22:00:34,068 WARN o.s.b.a.o.j.JpaBaseConfiguration$JpaWebConfiguration [main] spring.jpa.open-in-view is enabled by default. Therefore, database queries may be performed during view rendering. Explicitly configure spring.jpa.open-in-view to disable this warning
2024-04-26 22:00:34,540 INFO o.a.j.l.DirectJDKLog [main] Starting ProtocolHandler ["http-nio-8081"]
2024-04-26 22:00:34,557 INFO o.s.b.w.e.t.TomcatWebServer [main] Tomcat started on port 8081 (http) with context path ''
2024-04-26 22:00:34,570 INFO o.s.b.StartupInfoLogger [main] Started Xx2Application in 5.452 seconds (process running for 6.587)
2024-04-26 22:00:50,997 INFO o.s.o.j.AbstractEntityManagerFactoryBean [SpringApplicationShutdownHook] Closing JPA EntityManagerFactory for persistence unit 'default'
2024-04-26 22:00:50,999 INFO c.z.h.HikariDataSource [SpringApplicationShutdownHook] HikariPool-1 - Shutdown initiated...
2024-04-26 22:00:51,004 INFO c.z.h.HikariDataSource [SpringApplicationShutdownHook] HikariPool-1 - Shutdown completed.
2024-04-26 22:00:57,424 INFO o.s.b.StartupInfoLogger [main] Starting Xx2Application using Java 20.0.2.1 with PID 29671 (/home/birruby/Documents/work/binar/sinergy7/git/Chapter4/xx2/target/classes started by birruby in /home/birruby/Documents/work/binar/sinergy7/git/Chapter4/xx2)
2024-04-26 22:00:57,428 INFO o.s.b.SpringApplication [main] No active profile set, falling back to 1 default profile: "default"
2024-04-26 22:00:58,313 INFO o.s.d.r.c.RepositoryConfigurationDelegate [main] Bootstrapping Spring Data JPA repositories in DEFAULT mode.
2024-04-26 22:00:58,415 INFO o.s.d.r.c.RepositoryConfigurationDelegate [main] Finished Spring Data repository scanning in 88 ms. Found 3 JPA repository interfaces.
2024-04-26 22:00:59,158 INFO o.s.b.w.e.t.TomcatWebServer [main] Tomcat initialized with port 8081 (http)
2024-04-26 22:00:59,175 INFO o.a.j.l.DirectJDKLog [main] Initializing ProtocolHandler ["http-nio-8081"]
2024-04-26 22:00:59,178 INFO o.a.j.l.DirectJDKLog [main] Starting service [Tomcat]
2024-04-26 22:00:59,179 INFO o.a.j.l.DirectJDKLog [main] Starting Servlet engine: [Apache Tomcat/10.1.20]
2024-04-26 22:00:59,251 INFO o.a.j.l.DirectJDKLog [main] Initializing Spring embedded WebApplicationContext
2024-04-26 22:00:59,252 INFO o.s.b.w.s.c.ServletWebServerApplicationContext [main] Root WebApplicationContext: initialization completed in 1770 ms
2024-04-26 22:00:59,507 INFO o.h.j.i.u.LogHelper [main] HHH000204: Processing PersistenceUnitInfo [name: default]
2024-04-26 22:00:59,582 INFO o.h.Version [main] HHH000412: Hibernate ORM core version 6.4.4.Final
2024-04-26 22:00:59,634 INFO o.h.c.i.RegionFactoryInitiator [main] HHH000026: Second-level cache disabled
2024-04-26 22:01:00,013 INFO o.s.o.j.p.SpringPersistenceUnitInfo [main] No LoadTimeWeaver setup: ignoring JPA class transformer
2024-04-26 22:01:00,048 INFO c.z.h.HikariDataSource [main] HikariPool-1 - Starting...
2024-04-26 22:01:00,176 INFO c.z.h.p.HikariPool [main] HikariPool-1 - Added connection org.postgresql.jdbc.PgConnection@4d290757
2024-04-26 22:01:00,179 INFO c.z.h.HikariDataSource [main] HikariPool-1 - Start completed.
2024-04-26 22:01:00,217 WARN o.h.e.j.d.i.DialectFactoryImpl [main] HHH90000025: PostgreSQLDialect does not need to be specified explicitly using 'hibernate.dialect' (remove the property setting and it will be selected by default)
2024-04-26 22:01:01,565 INFO o.h.e.t.j.p.i.JtaPlatformInitiator [main] HHH000489: No JTA platform available (set 'hibernate.transaction.jta.platform' to enable JTA platform integration)
2024-04-26 22:01:01,657 INFO o.s.o.j.AbstractEntityManagerFactoryBean [main] Initialized JPA EntityManagerFactory for persistence unit 'default'
2024-04-26 22:01:02,049 WARN o.s.b.a.o.j.JpaBaseConfiguration$JpaWebConfiguration [main] spring.jpa.open-in-view is enabled by default. Therefore, database queries may be performed during view rendering. Explicitly configure spring.jpa.open-in-view to disable this warning
2024-04-26 22:01:02,587 INFO o.a.j.l.DirectJDKLog [main] Starting ProtocolHandler ["http-nio-8081"]
2024-04-26 22:01:02,606 INFO o.s.b.w.e.t.TomcatWebServer [main] Tomcat started on port 8081 (http) with context path ''
2024-04-26 22:01:02,624 INFO o.s.b.StartupInfoLogger [main] Started Xx2Application in 6.224 seconds (process running for 7.418)
