2024-06-05 14:07:37,755 INFO o.s.b.StartupInfoLogger [main] Starting Xx2Application using Java 22.0.1 with PID 24618 (/home/birruby/Documents/Work/binar/sinergy7/git/Chapter4/xx2/target/classes started by birruby in /home/birruby/Documents/Work/binar/sinergy7/git/Chapter4/xx2)
2024-06-05 14:07:37,759 INFO o.s.b.SpringApplication [main] No active profile set, falling back to 1 default profile: "default"
2024-06-05 14:07:38,532 INFO o.s.d.r.c.RepositoryConfigurationDelegate [main] Bootstrapping Spring Data JPA repositories in DEFAULT mode.
2024-06-05 14:07:38,603 INFO o.s.d.r.c.RepositoryConfigurationDelegate [main] Finished Spring Data repository scanning in 62 ms. Found 3 JPA repository interfaces.
2024-06-05 14:07:39,107 INFO o.s.b.w.e.t.TomcatWebServer [main] Tomcat initialized with port 8081 (http)
2024-06-05 14:07:39,118 INFO o.a.j.l.DirectJDKLog [main] Initializing ProtocolHandler ["http-nio-8081"]
2024-06-05 14:07:39,120 INFO o.a.j.l.DirectJDKLog [main] Starting service [Tomcat]
2024-06-05 14:07:39,120 INFO o.a.j.l.DirectJDKLog [main] Starting Servlet engine: [Apache Tomcat/10.1.20]
2024-06-05 14:07:39,167 INFO o.a.j.l.DirectJDKLog [main] Initializing Spring embedded WebApplicationContext
2024-06-05 14:07:39,168 INFO o.s.b.w.s.c.ServletWebServerApplicationContext [main] Root WebApplicationContext: initialization completed in 1318 ms
2024-06-05 14:07:39,340 INFO o.h.j.i.u.LogHelper [main] HHH000204: Processing PersistenceUnitInfo [name: default]
2024-06-05 14:07:39,389 INFO o.h.Version [main] HHH000412: Hibernate ORM core version 6.4.4.Final
2024-06-05 14:07:39,420 INFO o.h.c.i.RegionFactoryInitiator [main] HHH000026: Second-level cache disabled
2024-06-05 14:07:39,664 INFO o.s.o.j.p.SpringPersistenceUnitInfo [main] No LoadTimeWeaver setup: ignoring JPA class transformer
2024-06-05 14:07:39,690 INFO c.z.h.HikariDataSource [main] HikariPool-1 - Starting...
2024-06-05 14:07:40,055 INFO c.z.h.p.HikariPool [main] HikariPool-1 - Added connection org.postgresql.jdbc.PgConnection@61e14b53
2024-06-05 14:07:40,057 INFO c.z.h.HikariDataSource [main] HikariPool-1 - Start completed.
2024-06-05 14:07:40,086 WARN o.h.e.j.d.i.DialectFactoryImpl [main] HHH90000025: PostgreSQLDialect does not need to be specified explicitly using 'hibernate.dialect' (remove the property setting and it will be selected by default)
2024-06-05 14:07:41,086 INFO o.h.e.t.j.p.i.JtaPlatformInitiator [main] HHH000489: No JTA platform available (set 'hibernate.transaction.jta.platform' to enable JTA platform integration)
2024-06-05 14:07:41,157 WARN o.h.e.j.s.SqlExceptionHelper$StandardWarningHandler [main] SQL Warning Code: 0, SQLState: 00000
2024-06-05 14:07:41,157 WARN o.h.e.j.s.SqlExceptionHelper$StandardWarningHandler [main] constraint "uk_csf2p6fwtbx5tslo9mfd0qwcx" of relation "movie_detail" does not exist, skipping
2024-06-05 14:07:41,167 INFO o.s.o.j.AbstractEntityManagerFactoryBean [main] Initialized JPA EntityManagerFactory for persistence unit 'default'
2024-06-05 14:07:41,511 INFO o.s.d.j.r.q.QueryEnhancerFactory [main] Hibernate is in classpath; If applicable, HQL parser will be used.
2024-06-05 14:07:41,610 WARN o.s.b.a.o.j.JpaBaseConfiguration$JpaWebConfiguration [main] spring.jpa.open-in-view is enabled by default. Therefore, database queries may be performed during view rendering. Explicitly configure spring.jpa.open-in-view to disable this warning
2024-06-05 14:07:41,978 INFO o.a.j.l.DirectJDKLog [main] Starting ProtocolHandler ["http-nio-8081"]
2024-06-05 14:07:41,994 INFO o.s.b.w.e.t.TomcatWebServer [main] Tomcat started on port 8081 (http) with context path ''
2024-06-05 14:07:42,005 INFO o.s.b.StartupInfoLogger [main] Started Xx2Application in 5.1 seconds (process running for 5.99)
2024-06-05 14:07:42,218 WARN o.h.e.j.s.SqlExceptionHelper [main] SQL Error: 0, SQLState: 42883
2024-06-05 14:07:42,218 ERROR o.h.e.j.s.SqlExceptionHelper [main] ERROR: procedure movie_delete_data(uuid) does not exist
  Hint: No procedure matches the given name and argument types. You might need to add explicit type casts.
  Position: 6
2024-06-05 14:07:59,876 INFO o.s.o.j.AbstractEntityManagerFactoryBean [SpringApplicationShutdownHook] Closing JPA EntityManagerFactory for persistence unit 'default'
2024-06-05 14:07:59,883 INFO c.z.h.HikariDataSource [SpringApplicationShutdownHook] HikariPool-1 - Shutdown initiated...
2024-06-05 14:07:59,915 INFO c.z.h.HikariDataSource [SpringApplicationShutdownHook] HikariPool-1 - Shutdown completed.
2024-06-05 14:08:03,966 INFO o.s.b.StartupInfoLogger [main] Starting Xx2Application using Java 22.0.1 with PID 24754 (/home/birruby/Documents/Work/binar/sinergy7/git/Chapter4/xx2/target/classes started by birruby in /home/birruby/Documents/Work/binar/sinergy7/git/Chapter4/xx2)
2024-06-05 14:08:03,968 INFO o.s.b.SpringApplication [main] No active profile set, falling back to 1 default profile: "default"
2024-06-05 14:08:04,691 INFO o.s.d.r.c.RepositoryConfigurationDelegate [main] Bootstrapping Spring Data JPA repositories in DEFAULT mode.
2024-06-05 14:08:04,792 INFO o.s.d.r.c.RepositoryConfigurationDelegate [main] Finished Spring Data repository scanning in 91 ms. Found 3 JPA repository interfaces.
2024-06-05 14:08:05,377 INFO o.s.b.w.e.t.TomcatWebServer [main] Tomcat initialized with port 8081 (http)
2024-06-05 14:08:05,388 INFO o.a.j.l.DirectJDKLog [main] Initializing ProtocolHandler ["http-nio-8081"]
2024-06-05 14:08:05,391 INFO o.a.j.l.DirectJDKLog [main] Starting service [Tomcat]
2024-06-05 14:08:05,391 INFO o.a.j.l.DirectJDKLog [main] Starting Servlet engine: [Apache Tomcat/10.1.20]
2024-06-05 14:08:05,450 INFO o.a.j.l.DirectJDKLog [main] Initializing Spring embedded WebApplicationContext
2024-06-05 14:08:05,451 INFO o.s.b.w.s.c.ServletWebServerApplicationContext [main] Root WebApplicationContext: initialization completed in 1431 ms
2024-06-05 14:08:05,631 INFO o.h.j.i.u.LogHelper [main] HHH000204: Processing PersistenceUnitInfo [name: default]
2024-06-05 14:08:05,691 INFO o.h.Version [main] HHH000412: Hibernate ORM core version 6.4.4.Final
2024-06-05 14:08:05,724 INFO o.h.c.i.RegionFactoryInitiator [main] HHH000026: Second-level cache disabled
2024-06-05 14:08:05,954 INFO o.s.o.j.p.SpringPersistenceUnitInfo [main] No LoadTimeWeaver setup: ignoring JPA class transformer
2024-06-05 14:08:05,979 INFO c.z.h.HikariDataSource [main] HikariPool-1 - Starting...
2024-06-05 14:08:06,349 INFO c.z.h.p.HikariPool [main] HikariPool-1 - Added connection org.postgresql.jdbc.PgConnection@c4cceb
2024-06-05 14:08:06,350 INFO c.z.h.HikariDataSource [main] HikariPool-1 - Start completed.
2024-06-05 14:08:06,381 WARN o.h.e.j.d.i.DialectFactoryImpl [main] HHH90000025: PostgreSQLDialect does not need to be specified explicitly using 'hibernate.dialect' (remove the property setting and it will be selected by default)
2024-06-05 14:08:07,376 INFO o.h.e.t.j.p.i.JtaPlatformInitiator [main] HHH000489: No JTA platform available (set 'hibernate.transaction.jta.platform' to enable JTA platform integration)
2024-06-05 14:08:07,470 INFO o.s.o.j.AbstractEntityManagerFactoryBean [main] Initialized JPA EntityManagerFactory for persistence unit 'default'
2024-06-05 14:08:07,831 INFO o.s.d.j.r.q.QueryEnhancerFactory [main] Hibernate is in classpath; If applicable, HQL parser will be used.
2024-06-05 14:08:07,928 WARN o.s.b.a.o.j.JpaBaseConfiguration$JpaWebConfiguration [main] spring.jpa.open-in-view is enabled by default. Therefore, database queries may be performed during view rendering. Explicitly configure spring.jpa.open-in-view to disable this warning
2024-06-05 14:08:08,296 INFO o.a.j.l.DirectJDKLog [main] Starting ProtocolHandler ["http-nio-8081"]
2024-06-05 14:08:08,310 INFO o.s.b.w.e.t.TomcatWebServer [main] Tomcat started on port 8081 (http) with context path ''
2024-06-05 14:08:08,322 INFO o.s.b.StartupInfoLogger [main] Started Xx2Application in 5.05 seconds (process running for 5.977)
2024-06-05 14:08:08,564 WARN o.h.e.j.s.SqlExceptionHelper [main] SQL Error: 0, SQLState: 42883
2024-06-05 14:08:08,565 ERROR o.h.e.j.s.SqlExceptionHelper [main] ERROR: procedure movie_delete_data(uuid) does not exist
  Hint: No procedure matches the given name and argument types. You might need to add explicit type casts.
  Position: 6
2024-06-05 14:10:06,649 INFO o.a.j.l.DirectJDKLog [http-nio-8081-exec-1] Initializing Spring DispatcherServlet 'dispatcherServlet'
2024-06-05 14:10:06,650 INFO o.s.w.s.FrameworkServlet [http-nio-8081-exec-1] Initializing Servlet 'dispatcherServlet'
2024-06-05 14:10:06,651 INFO o.s.w.s.FrameworkServlet [http-nio-8081-exec-1] Completed initialization in 1 ms
2024-06-05 19:13:30,936 INFO o.s.o.j.AbstractEntityManagerFactoryBean [SpringApplicationShutdownHook] Closing JPA EntityManagerFactory for persistence unit 'default'
2024-06-05 19:13:30,939 INFO c.z.h.HikariDataSource [SpringApplicationShutdownHook] HikariPool-1 - Shutdown initiated...
2024-06-05 19:13:30,944 INFO c.z.h.HikariDataSource [SpringApplicationShutdownHook] HikariPool-1 - Shutdown completed.
