2024-04-24 21:23:25,075 INFO o.s.b.StartupInfoLogger [main] Starting Xx2Application using Java 20.0.2.1 with PID 14978 (/home/birruby/Documents/work/binar/sinergy7/git/Chapter4/xx2/target/classes started by birruby in /home/birruby/Documents/work/binar/sinergy7/git/Chapter4/xx2)
2024-04-24 21:23:25,080 INFO o.s.b.SpringApplication [main] No active profile set, falling back to 1 default profile: "default"
2024-04-24 21:23:25,863 INFO o.s.d.r.c.RepositoryConfigurationDelegate [main] Bootstrapping Spring Data JPA repositories in DEFAULT mode.
2024-04-24 21:23:25,889 INFO o.s.d.r.c.RepositoryConfigurationDelegate [main] Finished Spring Data repository scanning in 18 ms. Found 0 JPA repository interfaces.
2024-04-24 21:23:26,535 INFO o.s.b.w.e.t.TomcatWebServer [main] Tomcat initialized with port 8081 (http)
2024-04-24 21:23:26,550 INFO o.a.j.l.DirectJDKLog [main] Initializing ProtocolHandler ["http-nio-8081"]
2024-04-24 21:23:26,554 INFO o.a.j.l.DirectJDKLog [main] Starting service [Tomcat]
2024-04-24 21:23:26,554 INFO o.a.j.l.DirectJDKLog [main] Starting Servlet engine: [Apache Tomcat/10.1.20]
2024-04-24 21:23:26,620 INFO o.a.j.l.DirectJDKLog [main] Initializing Spring embedded WebApplicationContext
2024-04-24 21:23:26,621 INFO o.s.b.w.s.c.ServletWebServerApplicationContext [main] Root WebApplicationContext: initialization completed in 1485 ms
2024-04-24 21:23:26,790 INFO c.z.h.HikariDataSource [main] HikariPool-1 - Starting...
2024-04-24 21:23:26,896 INFO c.z.h.p.HikariPool [main] HikariPool-1 - Added connection org.postgresql.jdbc.PgConnection@335f5c69
2024-04-24 21:23:26,898 INFO c.z.h.HikariDataSource [main] HikariPool-1 - Start completed.
2024-04-24 21:23:26,943 INFO o.h.j.i.u.LogHelper [main] HHH000204: Processing PersistenceUnitInfo [name: default]
2024-04-24 21:23:27,022 INFO o.h.Version [main] HHH000412: Hibernate ORM core version 6.4.4.Final
2024-04-24 21:23:27,075 INFO o.h.c.i.RegionFactoryInitiator [main] HHH000026: Second-level cache disabled
2024-04-24 21:23:27,403 INFO o.s.o.j.p.SpringPersistenceUnitInfo [main] No LoadTimeWeaver setup: ignoring JPA class transformer
2024-04-24 21:23:27,848 INFO o.h.e.t.j.p.i.JtaPlatformInitiator [main] HHH000489: No JTA platform available (set 'hibernate.transaction.jta.platform' to enable JTA platform integration)
2024-04-24 21:23:27,854 INFO o.s.o.j.AbstractEntityManagerFactoryBean [main] Initialized JPA EntityManagerFactory for persistence unit 'default'
2024-04-24 21:23:27,922 WARN o.s.b.a.o.j.JpaBaseConfiguration$JpaWebConfiguration [main] spring.jpa.open-in-view is enabled by default. Therefore, database queries may be performed during view rendering. Explicitly configure spring.jpa.open-in-view to disable this warning
2024-04-24 21:23:28,394 INFO o.a.j.l.DirectJDKLog [main] Starting ProtocolHandler ["http-nio-8081"]
2024-04-24 21:23:28,409 INFO o.s.b.w.e.t.TomcatWebServer [main] Tomcat started on port 8081 (http) with context path ''
2024-04-24 21:23:28,424 INFO o.s.b.StartupInfoLogger [main] Started Xx2Application in 4.285 seconds (process running for 5.402)
2024-04-24 21:23:28,427 INFO c.e.x.c.HomeController [main] Info
2024-04-24 21:23:28,428 WARN c.e.x.c.HomeController [main] Warn
2024-04-24 21:23:28,428 ERROR c.e.x.c.HomeController [main] Error
2024-04-24 21:23:28,428 INFO c.e.x.c.HomeController [main] Info
2024-04-24 21:23:28,428 WARN c.e.x.c.HomeController [main] Warn
2024-04-24 21:23:28,428 ERROR c.e.x.c.HomeController [main] Error
2024-04-24 21:23:28,428 INFO c.e.x.c.HomeController [main] Info
2024-04-24 21:23:28,428 WARN c.e.x.c.HomeController [main] Warn
2024-04-24 21:23:28,428 ERROR c.e.x.c.HomeController [main] Error
2024-04-24 21:23:28,429 INFO c.e.x.c.HomeController [main] Info
2024-04-24 21:23:28,429 WARN c.e.x.c.HomeController [main] Warn
2024-04-24 21:23:28,429 ERROR c.e.x.c.HomeController [main] Error
2024-04-24 21:23:28,429 INFO c.e.x.c.HomeController [main] Info
2024-04-24 21:23:28,429 WARN c.e.x.c.HomeController [main] Warn
2024-04-24 21:23:28,429 ERROR c.e.x.c.HomeController [main] Error
2024-04-24 21:23:28,429 INFO c.e.x.c.HomeController [main] Info
2024-04-24 21:23:28,429 WARN c.e.x.c.HomeController [main] Warn
2024-04-24 21:23:28,429 ERROR c.e.x.c.HomeController [main] Error
2024-04-24 21:23:28,430 INFO c.e.x.c.HomeController [main] Info
2024-04-24 21:23:28,430 WARN c.e.x.c.HomeController [main] Warn
2024-04-24 21:23:28,430 ERROR c.e.x.c.HomeController [main] Error
2024-04-24 21:23:28,430 INFO c.e.x.c.HomeController [main] Info
2024-04-24 21:23:28,430 WARN c.e.x.c.HomeController [main] Warn
2024-04-24 21:23:28,430 ERROR c.e.x.c.HomeController [main] Error
2024-04-24 21:23:28,430 INFO c.e.x.c.HomeController [main] Info
2024-04-24 21:23:28,430 WARN c.e.x.c.HomeController [main] Warn
2024-04-24 21:23:28,431 ERROR c.e.x.c.HomeController [main] Error
2024-04-24 21:23:28,431 INFO c.e.x.c.HomeController [main] Info
2024-04-24 21:23:28,431 WARN c.e.x.c.HomeController [main] Warn
2024-04-24 21:23:28,431 ERROR c.e.x.c.HomeController [main] Error
2024-04-24 21:23:28,431 INFO c.e.x.c.HomeController [main] Info
2024-04-24 21:23:28,431 WARN c.e.x.c.HomeController [main] Warn
2024-04-24 21:23:28,431 ERROR c.e.x.c.HomeController [main] Error
2024-04-24 21:23:28,431 INFO c.e.x.c.HomeController [main] Info
2024-04-24 21:23:28,431 WARN c.e.x.c.HomeController [main] Warn
2024-04-24 21:23:28,432 ERROR c.e.x.c.HomeController [main] Error
2024-04-24 21:23:28,432 INFO c.e.x.c.HomeController [main] Info
2024-04-24 21:23:28,432 WARN c.e.x.c.HomeController [main] Warn
2024-04-24 21:23:28,432 ERROR c.e.x.c.HomeController [main] Error
2024-04-24 21:23:28,432 INFO c.e.x.c.HomeController [main] Info
2024-04-24 21:23:28,432 WARN c.e.x.c.HomeController [main] Warn
2024-04-24 21:23:28,432 ERROR c.e.x.c.HomeController [main] Error
2024-04-24 21:23:28,432 INFO c.e.x.c.HomeController [main] Info
2024-04-24 21:23:28,432 WARN c.e.x.c.HomeController [main] Warn
2024-04-24 21:23:28,433 ERROR c.e.x.c.HomeController [main] Error
2024-04-24 21:23:28,433 INFO c.e.x.c.HomeController [main] Info
2024-04-24 21:23:28,433 WARN c.e.x.c.HomeController [main] Warn
2024-04-24 21:23:28,433 ERROR c.e.x.c.HomeController [main] Error
2024-04-24 21:23:28,433 INFO c.e.x.c.HomeController [main] Info
2024-04-24 21:23:28,433 WARN c.e.x.c.HomeController [main] Warn
2024-04-24 21:23:28,433 ERROR c.e.x.c.HomeController [main] Error
2024-04-24 21:23:28,433 INFO c.e.x.c.HomeController [main] Info
2024-04-24 21:23:28,433 WARN c.e.x.c.HomeController [main] Warn
2024-04-24 21:23:28,434 ERROR c.e.x.c.HomeController [main] Error
2024-04-24 21:23:28,434 INFO c.e.x.c.HomeController [main] Info
2024-04-24 21:23:28,434 WARN c.e.x.c.HomeController [main] Warn
2024-04-24 21:23:28,434 ERROR c.e.x.c.HomeController [main] Error
2024-04-24 21:23:28,434 INFO c.e.x.c.HomeController [main] Info
2024-04-24 21:23:28,434 WARN c.e.x.c.HomeController [main] Warn
2024-04-24 21:23:28,434 ERROR c.e.x.c.HomeController [main] Error
2024-04-24 21:23:28,434 INFO c.e.x.c.HomeController [main] Info
2024-04-24 21:23:28,434 WARN c.e.x.c.HomeController [main] Warn
2024-04-24 21:23:28,434 ERROR c.e.x.c.HomeController [main] Error
2024-04-24 21:23:28,435 INFO c.e.x.c.HomeController [main] Info
2024-04-24 21:23:28,435 WARN c.e.x.c.HomeController [main] Warn
2024-04-24 21:23:28,436 ERROR c.e.x.c.HomeController [main] Error
2024-04-24 21:23:28,436 INFO c.e.x.c.HomeController [main] Info
2024-04-24 21:23:28,436 WARN c.e.x.c.HomeController [main] Warn
2024-04-24 21:23:28,436 ERROR c.e.x.c.HomeController [main] Error
2024-04-24 21:23:28,436 INFO c.e.x.c.HomeController [main] Info
2024-04-24 21:23:28,436 WARN c.e.x.c.HomeController [main] Warn
2024-04-24 21:23:28,436 ERROR c.e.x.c.HomeController [main] Error
2024-04-24 21:23:28,436 INFO c.e.x.c.HomeController [main] Info
2024-04-24 21:23:28,436 WARN c.e.x.c.HomeController [main] Warn
2024-04-24 21:23:28,437 ERROR c.e.x.c.HomeController [main] Error
2024-04-24 21:23:28,437 INFO c.e.x.c.HomeController [main] Info
2024-04-24 21:23:28,437 WARN c.e.x.c.HomeController [main] Warn
2024-04-24 21:23:28,437 ERROR c.e.x.c.HomeController [main] Error
2024-04-24 21:23:28,437 INFO c.e.x.c.HomeController [main] Info
2024-04-24 21:23:28,437 WARN c.e.x.c.HomeController [main] Warn
2024-04-24 21:23:28,437 ERROR c.e.x.c.HomeController [main] Error
2024-04-24 21:23:28,437 INFO c.e.x.c.HomeController [main] Info
2024-04-24 21:23:28,437 WARN c.e.x.c.HomeController [main] Warn
2024-04-24 21:23:28,437 ERROR c.e.x.c.HomeController [main] Error
2024-04-24 21:23:28,438 INFO c.e.x.c.HomeController [main] Info
2024-04-24 21:23:28,438 WARN c.e.x.c.HomeController [main] Warn
2024-04-24 21:23:28,438 ERROR c.e.x.c.HomeController [main] Error
2024-04-24 21:23:28,438 INFO c.e.x.c.HomeController [main] Info
2024-04-24 21:23:28,438 WARN c.e.x.c.HomeController [main] Warn
2024-04-24 21:23:28,438 ERROR c.e.x.c.HomeController [main] Error
2024-04-24 21:23:28,439 INFO c.e.x.c.HomeController [main] Info
2024-04-24 21:23:28,439 WARN c.e.x.c.HomeController [main] Warn
2024-04-24 21:23:28,439 ERROR c.e.x.c.HomeController [main] Error
2024-04-24 21:23:28,439 INFO c.e.x.c.HomeController [main] Info
2024-04-24 21:23:28,439 WARN c.e.x.c.HomeController [main] Warn
2024-04-24 21:23:28,439 ERROR c.e.x.c.HomeController [main] Error
2024-04-24 21:23:28,439 INFO c.e.x.c.HomeController [main] Info
2024-04-24 21:23:28,440 WARN c.e.x.c.HomeController [main] Warn
2024-04-24 21:23:28,440 ERROR c.e.x.c.HomeController [main] Error
2024-04-24 21:23:28,440 INFO c.e.x.c.HomeController [main] Info
2024-04-24 21:23:28,440 WARN c.e.x.c.HomeController [main] Warn
2024-04-24 21:23:28,440 ERROR c.e.x.c.HomeController [main] Error
2024-04-24 21:23:28,440 INFO c.e.x.c.HomeController [main] Info
2024-04-24 21:23:28,441 WARN c.e.x.c.HomeController [main] Warn
2024-04-24 21:23:28,441 ERROR c.e.x.c.HomeController [main] Error
2024-04-24 21:23:28,442 INFO c.e.x.c.HomeController [main] Info
2024-04-24 21:23:28,442 WARN c.e.x.c.HomeController [main] Warn
2024-04-24 21:23:28,442 ERROR c.e.x.c.HomeController [main] Error
2024-04-24 21:23:28,442 INFO c.e.x.c.HomeController [main] Info
2024-04-24 21:23:28,442 WARN c.e.x.c.HomeController [main] Warn
2024-04-24 21:23:28,443 ERROR c.e.x.c.HomeController [main] Error
2024-04-24 21:23:28,443 INFO c.e.x.c.HomeController [main] Info
2024-04-24 21:23:28,443 WARN c.e.x.c.HomeController [main] Warn
2024-04-24 21:23:28,443 ERROR c.e.x.c.HomeController [main] Error
2024-04-24 21:23:28,443 INFO c.e.x.c.HomeController [main] Info
2024-04-24 21:23:28,443 WARN c.e.x.c.HomeController [main] Warn
2024-04-24 21:23:28,443 ERROR c.e.x.c.HomeController [main] Error
2024-04-24 21:23:28,443 INFO c.e.x.c.HomeController [main] Info
2024-04-24 21:23:28,443 WARN c.e.x.c.HomeController [main] Warn
2024-04-24 21:23:28,443 ERROR c.e.x.c.HomeController [main] Error
2024-04-24 21:23:28,444 INFO c.e.x.c.HomeController [main] Info
2024-04-24 21:23:28,444 WARN c.e.x.c.HomeController [main] Warn
2024-04-24 21:23:28,444 ERROR c.e.x.c.HomeController [main] Error
2024-04-24 21:23:28,444 INFO c.e.x.c.HomeController [main] Info
2024-04-24 21:23:28,444 WARN c.e.x.c.HomeController [main] Warn
2024-04-24 21:23:28,444 ERROR c.e.x.c.HomeController [main] Error
2024-04-24 21:23:28,444 INFO c.e.x.c.HomeController [main] Info
2024-04-24 21:23:28,445 WARN c.e.x.c.HomeController [main] Warn
2024-04-24 21:23:28,445 ERROR c.e.x.c.HomeController [main] Error
2024-04-24 21:23:28,445 INFO c.e.x.c.HomeController [main] Info
2024-04-24 21:23:28,445 WARN c.e.x.c.HomeController [main] Warn
2024-04-24 21:23:28,445 ERROR c.e.x.c.HomeController [main] Error
2024-04-24 21:23:28,445 INFO c.e.x.c.HomeController [main] Info
2024-04-24 21:23:28,445 WARN c.e.x.c.HomeController [main] Warn
2024-04-24 21:23:28,445 ERROR c.e.x.c.HomeController [main] Error
2024-04-24 21:23:28,445 INFO c.e.x.c.HomeController [main] Info
2024-04-24 21:23:28,445 WARN c.e.x.c.HomeController [main] Warn
2024-04-24 21:23:28,446 ERROR c.e.x.c.HomeController [main] Error
2024-04-24 21:23:28,446 INFO c.e.x.c.HomeController [main] Info
2024-04-24 21:23:28,446 WARN c.e.x.c.HomeController [main] Warn
2024-04-24 21:23:28,446 ERROR c.e.x.c.HomeController [main] Error
2024-04-24 21:23:28,446 INFO c.e.x.c.HomeController [main] Info
2024-04-24 21:23:28,446 WARN c.e.x.c.HomeController [main] Warn
2024-04-24 21:23:28,446 ERROR c.e.x.c.HomeController [main] Error
2024-04-24 21:23:28,446 INFO c.e.x.c.HomeController [main] Info
2024-04-24 21:23:28,446 WARN c.e.x.c.HomeController [main] Warn
2024-04-24 21:23:28,446 ERROR c.e.x.c.HomeController [main] Error
2024-04-24 21:23:28,446 INFO c.e.x.c.HomeController [main] Info
2024-04-24 21:23:28,447 WARN c.e.x.c.HomeController [main] Warn
2024-04-24 21:23:28,447 ERROR c.e.x.c.HomeController [main] Error
2024-04-24 21:23:28,447 INFO c.e.x.c.HomeController [main] Info
2024-04-24 21:23:28,447 WARN c.e.x.c.HomeController [main] Warn
2024-04-24 21:23:28,447 ERROR c.e.x.c.HomeController [main] Error
2024-04-24 21:23:28,447 INFO c.e.x.c.HomeController [main] Info
2024-04-24 21:23:28,447 WARN c.e.x.c.HomeController [main] Warn
2024-04-24 21:23:28,447 ERROR c.e.x.c.HomeController [main] Error
2024-04-24 21:23:28,448 INFO c.e.x.c.HomeController [main] Info
2024-04-24 21:23:28,448 WARN c.e.x.c.HomeController [main] Warn
2024-04-24 21:23:28,448 ERROR c.e.x.c.HomeController [main] Error
2024-04-24 21:23:28,448 INFO c.e.x.c.HomeController [main] Info
2024-04-24 21:23:28,448 WARN c.e.x.c.HomeController [main] Warn
2024-04-24 21:23:28,449 ERROR c.e.x.c.HomeController [main] Error
2024-04-24 21:23:28,449 INFO c.e.x.c.HomeController [main] Info
2024-04-24 21:23:28,449 WARN c.e.x.c.HomeController [main] Warn
2024-04-24 21:23:28,449 ERROR c.e.x.c.HomeController [main] Error
2024-04-24 21:23:28,450 INFO c.e.x.c.HomeController [main] Info
2024-04-24 21:23:28,450 WARN c.e.x.c.HomeController [main] Warn
2024-04-24 21:23:28,450 ERROR c.e.x.c.HomeController [main] Error
2024-04-24 21:23:28,451 INFO c.e.x.c.HomeController [main] Info
2024-04-24 21:23:28,452 WARN c.e.x.c.HomeController [main] Warn
2024-04-24 21:23:28,452 ERROR c.e.x.c.HomeController [main] Error
2024-04-24 21:23:28,453 INFO c.e.x.c.HomeController [main] Info
2024-04-24 21:23:28,453 WARN c.e.x.c.HomeController [main] Warn
2024-04-24 21:23:28,454 ERROR c.e.x.c.HomeController [main] Error
2024-04-24 21:23:28,454 INFO c.e.x.c.HomeController [main] Info
2024-04-24 21:23:28,454 WARN c.e.x.c.HomeController [main] Warn
2024-04-24 21:23:28,454 ERROR c.e.x.c.HomeController [main] Error
2024-04-24 21:23:28,455 INFO c.e.x.c.HomeController [main] Info
2024-04-24 21:23:28,455 WARN c.e.x.c.HomeController [main] Warn
2024-04-24 21:23:28,455 ERROR c.e.x.c.HomeController [main] Error
2024-04-24 21:23:28,455 INFO c.e.x.c.HomeController [main] Info
2024-04-24 21:23:28,456 WARN c.e.x.c.HomeController [main] Warn
2024-04-24 21:23:28,456 ERROR c.e.x.c.HomeController [main] Error
2024-04-24 21:23:28,456 INFO c.e.x.c.HomeController [main] Info
2024-04-24 21:23:28,456 WARN c.e.x.c.HomeController [main] Warn
2024-04-24 21:23:28,456 ERROR c.e.x.c.HomeController [main] Error
2024-04-24 21:23:28,456 INFO c.e.x.c.HomeController [main] Info
2024-04-24 21:23:28,457 WARN c.e.x.c.HomeController [main] Warn
2024-04-24 21:23:28,457 ERROR c.e.x.c.HomeController [main] Error
2024-04-24 21:23:28,457 INFO c.e.x.c.HomeController [main] Info
2024-04-24 21:23:28,458 WARN c.e.x.c.HomeController [main] Warn
2024-04-24 21:23:28,458 ERROR c.e.x.c.HomeController [main] Error
2024-04-24 21:23:28,458 INFO c.e.x.c.HomeController [main] Info
2024-04-24 21:23:28,458 WARN c.e.x.c.HomeController [main] Warn
2024-04-24 21:23:28,458 ERROR c.e.x.c.HomeController [main] Error
2024-04-24 21:23:28,458 INFO c.e.x.c.HomeController [main] Info
2024-04-24 21:23:28,458 WARN c.e.x.c.HomeController [main] Warn
2024-04-24 21:23:28,458 ERROR c.e.x.c.HomeController [main] Error
2024-04-24 21:23:28,458 INFO c.e.x.c.HomeController [main] Info
2024-04-24 21:23:28,458 WARN c.e.x.c.HomeController [main] Warn
2024-04-24 21:23:28,458 ERROR c.e.x.c.HomeController [main] Error
2024-04-24 21:23:28,458 INFO c.e.x.c.HomeController [main] Info
2024-04-24 21:23:28,459 WARN c.e.x.c.HomeController [main] Warn
2024-04-24 21:23:28,459 ERROR c.e.x.c.HomeController [main] Error
2024-04-24 21:23:28,459 INFO c.e.x.c.HomeController [main] Info
2024-04-24 21:23:28,459 WARN c.e.x.c.HomeController [main] Warn
2024-04-24 21:23:28,459 ERROR c.e.x.c.HomeController [main] Error
2024-04-24 21:23:28,459 INFO c.e.x.c.HomeController [main] Info
2024-04-24 21:23:28,459 WARN c.e.x.c.HomeController [main] Warn
2024-04-24 21:23:28,459 ERROR c.e.x.c.HomeController [main] Error
2024-04-24 21:23:28,459 INFO c.e.x.c.HomeController [main] Info
2024-04-24 21:23:28,459 WARN c.e.x.c.HomeController [main] Warn
2024-04-24 21:23:28,459 ERROR c.e.x.c.HomeController [main] Error
2024-04-24 21:23:28,459 INFO c.e.x.c.HomeController [main] Info
2024-04-24 21:23:28,459 WARN c.e.x.c.HomeController [main] Warn
2024-04-24 21:23:28,460 ERROR c.e.x.c.HomeController [main] Error
2024-04-24 21:23:28,460 INFO c.e.x.c.HomeController [main] Info
2024-04-24 21:23:28,460 WARN c.e.x.c.HomeController [main] Warn
2024-04-24 21:23:28,460 ERROR c.e.x.c.HomeController [main] Error
2024-04-24 21:23:28,460 INFO c.e.x.c.HomeController [main] Info
2024-04-24 21:23:28,460 WARN c.e.x.c.HomeController [main] Warn
2024-04-24 21:23:28,460 ERROR c.e.x.c.HomeController [main] Error
2024-04-24 21:23:28,460 INFO c.e.x.c.HomeController [main] Info
2024-04-24 21:23:28,460 WARN c.e.x.c.HomeController [main] Warn
2024-04-24 21:23:28,460 ERROR c.e.x.c.HomeController [main] Error
2024-04-24 21:23:28,460 INFO c.e.x.c.HomeController [main] Info
2024-04-24 21:23:28,460 WARN c.e.x.c.HomeController [main] Warn
2024-04-24 21:23:28,461 ERROR c.e.x.c.HomeController [main] Error
2024-04-24 21:23:28,461 INFO c.e.x.c.HomeController [main] Info
2024-04-24 21:23:28,461 WARN c.e.x.c.HomeController [main] Warn
2024-04-24 21:23:28,461 ERROR c.e.x.c.HomeController [main] Error
2024-04-24 21:23:28,461 INFO c.e.x.c.HomeController [main] Info
2024-04-24 21:23:28,461 WARN c.e.x.c.HomeController [main] Warn
2024-04-24 21:23:28,461 ERROR c.e.x.c.HomeController [main] Error
2024-04-24 21:23:28,461 INFO c.e.x.c.HomeController [main] Info
2024-04-24 21:23:28,461 WARN c.e.x.c.HomeController [main] Warn
2024-04-24 21:23:28,461 ERROR c.e.x.c.HomeController [main] Error
2024-04-24 21:23:28,461 INFO c.e.x.c.HomeController [main] Info
2024-04-24 21:23:28,461 WARN c.e.x.c.HomeController [main] Warn
2024-04-24 21:23:28,461 ERROR c.e.x.c.HomeController [main] Error
2024-04-24 21:23:28,462 INFO c.e.x.c.HomeController [main] Info
2024-04-24 21:23:28,462 WARN c.e.x.c.HomeController [main] Warn
2024-04-24 21:23:28,462 ERROR c.e.x.c.HomeController [main] Error
2024-04-24 21:23:28,462 INFO c.e.x.c.HomeController [main] Info
2024-04-24 21:23:28,462 WARN c.e.x.c.HomeController [main] Warn
2024-04-24 21:23:28,462 ERROR c.e.x.c.HomeController [main] Error
2024-04-24 21:23:28,462 INFO c.e.x.c.HomeController [main] Info
2024-04-24 21:23:28,462 WARN c.e.x.c.HomeController [main] Warn
2024-04-24 21:23:28,462 ERROR c.e.x.c.HomeController [main] Error
2024-04-24 21:23:28,462 INFO c.e.x.c.HomeController [main] Info
2024-04-24 21:23:28,462 WARN c.e.x.c.HomeController [main] Warn
2024-04-24 21:23:28,463 ERROR c.e.x.c.HomeController [main] Error
2024-04-24 21:23:28,463 INFO c.e.x.c.HomeController [main] Info
2024-04-24 21:23:28,463 WARN c.e.x.c.HomeController [main] Warn
2024-04-24 21:23:28,463 ERROR c.e.x.c.HomeController [main] Error
2024-04-24 21:23:28,463 INFO c.e.x.c.HomeController [main] Info
2024-04-24 21:23:28,463 WARN c.e.x.c.HomeController [main] Warn
2024-04-24 21:23:28,463 ERROR c.e.x.c.HomeController [main] Error
2024-04-24 21:23:28,463 INFO c.e.x.c.HomeController [main] Info
2024-04-24 21:23:28,463 WARN c.e.x.c.HomeController [main] Warn
2024-04-24 21:23:28,463 ERROR c.e.x.c.HomeController [main] Error
2024-04-24 21:23:28,463 INFO c.e.x.c.HomeController [main] Info
2024-04-24 21:23:28,463 WARN c.e.x.c.HomeController [main] Warn
2024-04-24 21:23:28,463 ERROR c.e.x.c.HomeController [main] Error
2024-04-24 21:23:28,464 INFO c.e.x.c.HomeController [main] Info
2024-04-24 21:23:28,464 WARN c.e.x.c.HomeController [main] Warn
2024-04-24 21:23:28,464 ERROR c.e.x.c.HomeController [main] Error
2024-04-24 21:23:28,464 INFO c.e.x.c.HomeController [main] Info
2024-04-24 21:23:28,464 WARN c.e.x.c.HomeController [main] Warn
2024-04-24 21:23:28,464 ERROR c.e.x.c.HomeController [main] Error
2024-04-24 21:23:28,464 INFO c.e.x.c.HomeController [main] Info
2024-04-24 21:23:28,464 WARN c.e.x.c.HomeController [main] Warn
2024-04-24 21:23:28,464 ERROR c.e.x.c.HomeController [main] Error
2024-04-24 21:23:28,464 INFO c.e.x.c.HomeController [main] Info
2024-04-24 21:23:28,464 WARN c.e.x.c.HomeController [main] Warn
2024-04-24 21:23:28,464 ERROR c.e.x.c.HomeController [main] Error
2024-04-24 21:23:28,464 INFO c.e.x.c.HomeController [main] Info
2024-04-24 21:23:28,465 WARN c.e.x.c.HomeController [main] Warn
2024-04-24 21:23:28,465 ERROR c.e.x.c.HomeController [main] Error
2024-04-24 21:23:28,465 INFO c.e.x.c.HomeController [main] Info
2024-04-24 21:23:28,465 WARN c.e.x.c.HomeController [main] Warn
2024-04-24 21:23:28,465 ERROR c.e.x.c.HomeController [main] Error
2024-04-24 21:23:28,465 INFO c.e.x.c.HomeController [main] Info
2024-04-24 21:23:28,465 WARN c.e.x.c.HomeController [main] Warn
2024-04-24 21:23:28,465 ERROR c.e.x.c.HomeController [main] Error
2024-04-24 21:23:28,465 INFO c.e.x.c.HomeController [main] Info
2024-04-24 21:23:28,465 WARN c.e.x.c.HomeController [main] Warn
2024-04-24 21:23:28,465 ERROR c.e.x.c.HomeController [main] Error
2024-04-24 21:23:28,465 INFO c.e.x.c.HomeController [main] Info
2024-04-24 21:23:28,465 WARN c.e.x.c.HomeController [main] Warn
2024-04-24 21:23:28,465 ERROR c.e.x.c.HomeController [main] Error
2024-04-24 21:23:28,465 INFO c.e.x.c.HomeController [main] Info
2024-04-24 21:23:28,466 WARN c.e.x.c.HomeController [main] Warn
2024-04-24 21:23:28,466 ERROR c.e.x.c.HomeController [main] Error
2024-04-24 21:23:28,466 INFO c.e.x.c.HomeController [main] Info
2024-04-24 21:23:28,466 WARN c.e.x.c.HomeController [main] Warn
2024-04-24 21:23:28,466 ERROR c.e.x.c.HomeController [main] Error
2024-04-24 21:23:28,466 INFO c.e.x.c.HomeController [main] Info
2024-04-24 21:23:28,466 WARN c.e.x.c.HomeController [main] Warn
2024-04-24 21:23:28,466 ERROR c.e.x.c.HomeController [main] Error
2024-04-24 21:23:28,466 INFO c.e.x.c.HomeController [main] Info
2024-04-24 21:23:28,466 WARN c.e.x.c.HomeController [main] Warn
2024-04-24 21:23:28,466 ERROR c.e.x.c.HomeController [main] Error
2024-04-24 22:08:19,128 INFO o.a.j.l.DirectJDKLog [SpringApplicationShutdownHook] Stopping ProtocolHandler ["http-nio-8081"]
2024-04-24 22:08:19,134 INFO o.s.o.j.AbstractEntityManagerFactoryBean [SpringApplicationShutdownHook] Closing JPA EntityManagerFactory for persistence unit 'default'
2024-04-24 22:08:19,136 INFO c.z.h.HikariDataSource [SpringApplicationShutdownHook] HikariPool-1 - Shutdown initiated...
2024-04-24 22:08:19,137 INFO c.z.h.HikariDataSource [SpringApplicationShutdownHook] HikariPool-1 - Shutdown completed.
