2024-05-07 18:47:14,615 INFO o.s.b.StartupInfoLogger [main] Starting Xx2Application using Java 21.0.2 with PID 34962 (/home/birruby/Documents/work/binar/sinergy7/git/Chapter5/xx2/target/classes started by birruby in /home/birruby/Documents/work/binar/sinergy7/git/Chapter5/xx2)
2024-05-07 18:47:14,619 INFO o.s.b.SpringApplication [main] No active profile set, falling back to 1 default profile: "default"
2024-05-07 18:47:15,510 INFO o.s.d.r.c.RepositoryConfigurationDelegate [main] Bootstrapping Spring Data JPA repositories in DEFAULT mode.
2024-05-07 18:47:15,583 INFO o.s.d.r.c.RepositoryConfigurationDelegate [main] Finished Spring Data repository scanning in 62 ms. Found 3 JPA repository interfaces.
2024-05-07 18:47:16,197 INFO o.s.b.w.e.t.TomcatWebServer [main] Tomcat initialized with port 8080 (http)
2024-05-07 18:47:16,211 INFO o.a.j.l.DirectJDKLog [main] Initializing ProtocolHandler ["http-nio-8080"]
2024-05-07 18:47:16,213 INFO o.a.j.l.DirectJDKLog [main] Starting service [Tomcat]
2024-05-07 18:47:16,214 INFO o.a.j.l.DirectJDKLog [main] Starting Servlet engine: [Apache Tomcat/10.1.20]
2024-05-07 18:47:16,262 INFO o.a.j.l.DirectJDKLog [main] Initializing Spring embedded WebApplicationContext
2024-05-07 18:47:16,263 INFO o.s.b.w.s.c.ServletWebServerApplicationContext [main] Root WebApplicationContext: initialization completed in 1592 ms
2024-05-07 18:47:16,435 INFO o.h.j.i.u.LogHelper [main] HHH000204: Processing PersistenceUnitInfo [name: default]
2024-05-07 18:47:16,499 INFO o.h.Version [main] HHH000412: Hibernate ORM core version 6.4.4.Final
2024-05-07 18:47:16,544 INFO o.h.c.i.RegionFactoryInitiator [main] HHH000026: Second-level cache disabled
2024-05-07 18:47:16,833 INFO o.s.o.j.p.SpringPersistenceUnitInfo [main] No LoadTimeWeaver setup: ignoring JPA class transformer
2024-05-07 18:47:16,864 INFO c.z.h.HikariDataSource [main] HikariPool-1 - Starting...
2024-05-07 18:47:16,967 INFO c.z.h.p.HikariPool [main] HikariPool-1 - Added connection org.postgresql.jdbc.PgConnection@21e484b
2024-05-07 18:47:16,970 INFO c.z.h.HikariDataSource [main] HikariPool-1 - Start completed.
2024-05-07 18:47:17,005 WARN o.h.e.j.d.i.DialectFactoryImpl [main] HHH90000025: PostgreSQLDialect does not need to be specified explicitly using 'hibernate.dialect' (remove the property setting and it will be selected by default)
2024-05-07 18:47:18,103 INFO o.h.e.t.j.p.i.JtaPlatformInitiator [main] HHH000489: No JTA platform available (set 'hibernate.transaction.jta.platform' to enable JTA platform integration)
2024-05-07 18:47:18,209 INFO o.s.o.j.AbstractEntityManagerFactoryBean [main] Initialized JPA EntityManagerFactory for persistence unit 'default'
2024-05-07 18:47:18,606 INFO o.s.d.j.r.q.QueryEnhancerFactory [main] Hibernate is in classpath; If applicable, HQL parser will be used.
2024-05-07 18:47:18,678 WARN o.s.b.a.o.j.JpaBaseConfiguration$JpaWebConfiguration [main] spring.jpa.open-in-view is enabled by default. Therefore, database queries may be performed during view rendering. Explicitly configure spring.jpa.open-in-view to disable this warning
2024-05-07 18:47:19,055 INFO o.a.j.l.DirectJDKLog [main] Starting ProtocolHandler ["http-nio-8080"]
2024-05-07 18:47:19,078 INFO o.s.b.w.e.t.TomcatWebServer [main] Tomcat started on port 8080 (http) with context path ''
2024-05-07 18:47:19,097 INFO o.s.b.StartupInfoLogger [main] Started Xx2Application in 5.213 seconds (process running for 6.911)
2024-05-07 18:47:22,298 INFO o.a.j.l.DirectJDKLog [http-nio-8080-exec-2] Initializing Spring DispatcherServlet 'dispatcherServlet'
2024-05-07 18:47:22,298 INFO o.s.w.s.FrameworkServlet [http-nio-8080-exec-2] Initializing Servlet 'dispatcherServlet'
2024-05-07 18:47:22,300 INFO o.s.w.s.FrameworkServlet [http-nio-8080-exec-2] Completed initialization in 1 ms
2024-05-07 18:48:24,703 INFO o.s.o.j.AbstractEntityManagerFactoryBean [SpringApplicationShutdownHook] Closing JPA EntityManagerFactory for persistence unit 'default'
2024-05-07 18:48:24,707 INFO c.z.h.HikariDataSource [SpringApplicationShutdownHook] HikariPool-1 - Shutdown initiated...
2024-05-07 18:48:24,713 INFO c.z.h.HikariDataSource [SpringApplicationShutdownHook] HikariPool-1 - Shutdown completed.
2024-05-07 18:48:30,732 INFO o.s.b.StartupInfoLogger [main] Starting Xx2Application using Java 21.0.2 with PID 35330 (/home/birruby/Documents/work/binar/sinergy7/git/Chapter5/xx2/target/classes started by birruby in /home/birruby/Documents/work/binar/sinergy7/git/Chapter5/xx2)
2024-05-07 18:48:30,735 INFO o.s.b.SpringApplication [main] No active profile set, falling back to 1 default profile: "default"
2024-05-07 18:48:31,660 INFO o.s.d.r.c.RepositoryConfigurationDelegate [main] Bootstrapping Spring Data JPA repositories in DEFAULT mode.
2024-05-07 18:48:31,724 INFO o.s.d.r.c.RepositoryConfigurationDelegate [main] Finished Spring Data repository scanning in 56 ms. Found 3 JPA repository interfaces.
2024-05-07 18:48:32,260 INFO o.s.b.w.e.t.TomcatWebServer [main] Tomcat initialized with port 8080 (http)
2024-05-07 18:48:32,274 INFO o.a.j.l.DirectJDKLog [main] Initializing ProtocolHandler ["http-nio-8080"]
2024-05-07 18:48:32,276 INFO o.a.j.l.DirectJDKLog [main] Starting service [Tomcat]
2024-05-07 18:48:32,276 INFO o.a.j.l.DirectJDKLog [main] Starting Servlet engine: [Apache Tomcat/10.1.20]
2024-05-07 18:48:32,328 INFO o.a.j.l.DirectJDKLog [main] Initializing Spring embedded WebApplicationContext
2024-05-07 18:48:32,329 INFO o.s.b.w.s.c.ServletWebServerApplicationContext [main] Root WebApplicationContext: initialization completed in 1543 ms
2024-05-07 18:48:32,555 INFO o.h.j.i.u.LogHelper [main] HHH000204: Processing PersistenceUnitInfo [name: default]
2024-05-07 18:48:32,643 INFO o.h.Version [main] HHH000412: Hibernate ORM core version 6.4.4.Final
2024-05-07 18:48:32,687 INFO o.h.c.i.RegionFactoryInitiator [main] HHH000026: Second-level cache disabled
2024-05-07 18:48:32,920 INFO o.s.o.j.p.SpringPersistenceUnitInfo [main] No LoadTimeWeaver setup: ignoring JPA class transformer
2024-05-07 18:48:32,944 INFO c.z.h.HikariDataSource [main] HikariPool-1 - Starting...
2024-05-07 18:48:33,040 INFO c.z.h.p.HikariPool [main] HikariPool-1 - Added connection org.postgresql.jdbc.PgConnection@5b3518e1
2024-05-07 18:48:33,042 INFO c.z.h.HikariDataSource [main] HikariPool-1 - Start completed.
2024-05-07 18:48:33,077 WARN o.h.e.j.d.i.DialectFactoryImpl [main] HHH90000025: PostgreSQLDialect does not need to be specified explicitly using 'hibernate.dialect' (remove the property setting and it will be selected by default)
2024-05-07 18:48:34,110 INFO o.h.e.t.j.p.i.JtaPlatformInitiator [main] HHH000489: No JTA platform available (set 'hibernate.transaction.jta.platform' to enable JTA platform integration)
2024-05-07 18:48:34,188 INFO o.s.o.j.AbstractEntityManagerFactoryBean [main] Initialized JPA EntityManagerFactory for persistence unit 'default'
2024-05-07 18:48:34,527 INFO o.s.d.j.r.q.QueryEnhancerFactory [main] Hibernate is in classpath; If applicable, HQL parser will be used.
2024-05-07 18:48:34,604 WARN o.s.b.a.o.j.JpaBaseConfiguration$JpaWebConfiguration [main] spring.jpa.open-in-view is enabled by default. Therefore, database queries may be performed during view rendering. Explicitly configure spring.jpa.open-in-view to disable this warning
2024-05-07 18:48:34,950 INFO o.a.j.l.DirectJDKLog [main] Starting ProtocolHandler ["http-nio-8080"]
2024-05-07 18:48:34,962 INFO o.s.b.w.e.t.TomcatWebServer [main] Tomcat started on port 8080 (http) with context path ''
2024-05-07 18:48:34,973 INFO o.s.b.StartupInfoLogger [main] Started Xx2Application in 4.949 seconds (process running for 5.967)
2024-05-07 18:49:16,812 INFO o.a.j.l.DirectJDKLog [http-nio-8080-exec-1] Initializing Spring DispatcherServlet 'dispatcherServlet'
2024-05-07 18:49:16,812 INFO o.s.w.s.FrameworkServlet [http-nio-8080-exec-1] Initializing Servlet 'dispatcherServlet'
2024-05-07 18:49:16,815 INFO o.s.w.s.FrameworkServlet [http-nio-8080-exec-1] Completed initialization in 2 ms
2024-05-07 19:35:47,284 INFO o.s.o.j.AbstractEntityManagerFactoryBean [SpringApplicationShutdownHook] Closing JPA EntityManagerFactory for persistence unit 'default'
2024-05-07 19:35:47,288 INFO c.z.h.HikariDataSource [SpringApplicationShutdownHook] HikariPool-1 - Shutdown initiated...
2024-05-07 19:35:47,293 INFO c.z.h.HikariDataSource [SpringApplicationShutdownHook] HikariPool-1 - Shutdown completed.
2024-05-07 19:35:52,107 INFO o.s.b.StartupInfoLogger [main] Starting Xx2Application using Java 21.0.2 with PID 39325 (/home/birruby/Documents/work/binar/sinergy7/git/Chapter5/xx2/target/classes started by birruby in /home/birruby/Documents/work/binar/sinergy7/git/Chapter5/xx2)
2024-05-07 19:35:52,112 INFO o.s.b.SpringApplication [main] No active profile set, falling back to 1 default profile: "default"
2024-05-07 19:35:53,392 INFO o.s.d.r.c.RepositoryConfigurationDelegate [main] Bootstrapping Spring Data JPA repositories in DEFAULT mode.
2024-05-07 19:35:53,482 INFO o.s.d.r.c.RepositoryConfigurationDelegate [main] Finished Spring Data repository scanning in 80 ms. Found 3 JPA repository interfaces.
2024-05-07 19:35:54,600 INFO o.s.b.w.e.t.TomcatWebServer [main] Tomcat initialized with port 8080 (http)
2024-05-07 19:35:54,643 INFO o.a.j.l.DirectJDKLog [main] Initializing ProtocolHandler ["http-nio-8080"]
2024-05-07 19:35:54,650 INFO o.a.j.l.DirectJDKLog [main] Starting service [Tomcat]
2024-05-07 19:35:54,653 INFO o.a.j.l.DirectJDKLog [main] Starting Servlet engine: [Apache Tomcat/10.1.20]
2024-05-07 19:35:54,780 INFO o.a.j.l.DirectJDKLog [main] Initializing Spring embedded WebApplicationContext
2024-05-07 19:35:54,782 INFO o.s.b.w.s.c.ServletWebServerApplicationContext [main] Root WebApplicationContext: initialization completed in 2568 ms
2024-05-07 19:35:55,179 INFO o.h.j.i.u.LogHelper [main] HHH000204: Processing PersistenceUnitInfo [name: default]
2024-05-07 19:35:55,295 INFO o.h.Version [main] HHH000412: Hibernate ORM core version 6.4.4.Final
2024-05-07 19:35:55,360 INFO o.h.c.i.RegionFactoryInitiator [main] HHH000026: Second-level cache disabled
2024-05-07 19:35:55,844 INFO o.s.o.j.p.SpringPersistenceUnitInfo [main] No LoadTimeWeaver setup: ignoring JPA class transformer
2024-05-07 19:35:55,901 INFO c.z.h.HikariDataSource [main] HikariPool-1 - Starting...
2024-05-07 19:35:56,103 INFO c.z.h.p.HikariPool [main] HikariPool-1 - Added connection org.postgresql.jdbc.PgConnection@5f45bc8e
2024-05-07 19:35:56,106 INFO c.z.h.HikariDataSource [main] HikariPool-1 - Start completed.
2024-05-07 19:35:56,173 WARN o.h.e.j.d.i.DialectFactoryImpl [main] HHH90000025: PostgreSQLDialect does not need to be specified explicitly using 'hibernate.dialect' (remove the property setting and it will be selected by default)
2024-05-07 19:35:58,284 INFO o.h.e.t.j.p.i.JtaPlatformInitiator [main] HHH000489: No JTA platform available (set 'hibernate.transaction.jta.platform' to enable JTA platform integration)
2024-05-07 19:35:58,439 INFO o.s.o.j.AbstractEntityManagerFactoryBean [main] Initialized JPA EntityManagerFactory for persistence unit 'default'
2024-05-07 19:35:59,214 INFO o.s.d.j.r.q.QueryEnhancerFactory [main] Hibernate is in classpath; If applicable, HQL parser will be used.
2024-05-07 19:35:59,374 WARN o.s.b.a.o.j.JpaBaseConfiguration$JpaWebConfiguration [main] spring.jpa.open-in-view is enabled by default. Therefore, database queries may be performed during view rendering. Explicitly configure spring.jpa.open-in-view to disable this warning
2024-05-07 19:36:00,051 INFO o.a.j.l.DirectJDKLog [main] Starting ProtocolHandler ["http-nio-8080"]
2024-05-07 19:36:00,081 INFO o.s.b.w.e.t.TomcatWebServer [main] Tomcat started on port 8080 (http) with context path ''
2024-05-07 19:36:00,100 INFO o.s.b.StartupInfoLogger [main] Started Xx2Application in 8.996 seconds (process running for 10.706)
2024-05-07 19:37:26,337 INFO o.a.j.l.DirectJDKLog [http-nio-8080-exec-1] Initializing Spring DispatcherServlet 'dispatcherServlet'
2024-05-07 19:37:26,338 INFO o.s.w.s.FrameworkServlet [http-nio-8080-exec-1] Initializing Servlet 'dispatcherServlet'
2024-05-07 19:37:26,342 INFO o.s.w.s.FrameworkServlet [http-nio-8080-exec-1] Completed initialization in 2 ms
2024-05-07 19:45:55,062 WARN c.z.h.p.HikariPool$HouseKeeper [HikariPool-1 housekeeper] HikariPool-1 - Thread starvation or clock leap detected (housekeeper delta=3m58s842ms598µs678ns).
2024-05-07 20:25:29,942 WARN o.h.e.j.s.SqlExceptionHelper$StandardWarningHandler [http-nio-8080-exec-8] SQL Warning Code: 0, SQLState: 01000
2024-05-07 20:25:29,945 WARN o.h.e.j.s.SqlExceptionHelper$StandardWarningHandler [http-nio-8080-exec-8] database "binarfud" has a collation version mismatch
2024-05-07 20:46:51,076 INFO o.s.o.j.AbstractEntityManagerFactoryBean [SpringApplicationShutdownHook] Closing JPA EntityManagerFactory for persistence unit 'default'
2024-05-07 20:46:51,079 INFO c.z.h.HikariDataSource [SpringApplicationShutdownHook] HikariPool-1 - Shutdown initiated...
2024-05-07 20:46:51,086 INFO c.z.h.HikariDataSource [SpringApplicationShutdownHook] HikariPool-1 - Shutdown completed.
2024-05-07 20:47:02,143 INFO o.s.b.StartupInfoLogger [main] Starting Xx2Application using Java 21.0.2 with PID 44575 (/home/birruby/Documents/work/binar/sinergy7/git/Chapter5/xx2/target/classes started by birruby in /home/birruby/Documents/work/binar/sinergy7/git/Chapter5/xx2)
2024-05-07 20:47:02,150 INFO o.s.b.SpringApplication [main] No active profile set, falling back to 1 default profile: "default"
2024-05-07 20:47:03,756 INFO o.s.d.r.c.RepositoryConfigurationDelegate [main] Bootstrapping Spring Data JPA repositories in DEFAULT mode.
2024-05-07 20:47:03,936 INFO o.s.d.r.c.RepositoryConfigurationDelegate [main] Finished Spring Data repository scanning in 164 ms. Found 3 JPA repository interfaces.
2024-05-07 20:47:05,385 INFO o.s.b.w.e.t.TomcatWebServer [main] Tomcat initialized with port 8080 (http)
2024-05-07 20:47:05,404 INFO o.a.j.l.DirectJDKLog [main] Initializing ProtocolHandler ["http-nio-8080"]
2024-05-07 20:47:05,409 INFO o.a.j.l.DirectJDKLog [main] Starting service [Tomcat]
2024-05-07 20:47:05,409 INFO o.a.j.l.DirectJDKLog [main] Starting Servlet engine: [Apache Tomcat/10.1.20]
2024-05-07 20:47:05,482 INFO o.a.j.l.DirectJDKLog [main] Initializing Spring embedded WebApplicationContext
2024-05-07 20:47:05,483 INFO o.s.b.w.s.c.ServletWebServerApplicationContext [main] Root WebApplicationContext: initialization completed in 3230 ms
2024-05-07 20:47:05,759 INFO o.h.j.i.u.LogHelper [main] HHH000204: Processing PersistenceUnitInfo [name: default]
2024-05-07 20:47:05,850 INFO o.h.Version [main] HHH000412: Hibernate ORM core version 6.4.4.Final
2024-05-07 20:47:05,902 INFO o.h.c.i.RegionFactoryInitiator [main] HHH000026: Second-level cache disabled
2024-05-07 20:47:06,287 INFO o.s.o.j.p.SpringPersistenceUnitInfo [main] No LoadTimeWeaver setup: ignoring JPA class transformer
2024-05-07 20:47:06,327 INFO c.z.h.HikariDataSource [main] HikariPool-1 - Starting...
2024-05-07 20:47:06,471 INFO c.z.h.p.HikariPool [main] HikariPool-1 - Added connection org.postgresql.jdbc.PgConnection@bfe47a8
2024-05-07 20:47:06,474 INFO c.z.h.HikariDataSource [main] HikariPool-1 - Start completed.
2024-05-07 20:47:06,529 WARN o.h.e.j.d.i.DialectFactoryImpl [main] HHH90000025: PostgreSQLDialect does not need to be specified explicitly using 'hibernate.dialect' (remove the property setting and it will be selected by default)
2024-05-07 20:47:07,931 INFO o.h.e.t.j.p.i.JtaPlatformInitiator [main] HHH000489: No JTA platform available (set 'hibernate.transaction.jta.platform' to enable JTA platform integration)
2024-05-07 20:47:08,065 INFO o.s.o.j.AbstractEntityManagerFactoryBean [main] Initialized JPA EntityManagerFactory for persistence unit 'default'
2024-05-07 20:47:16,793 INFO o.s.d.j.r.q.QueryEnhancerFactory [main] Hibernate is in classpath; If applicable, HQL parser will be used.
2024-05-07 20:47:16,897 WARN o.s.b.a.o.j.JpaBaseConfiguration$JpaWebConfiguration [main] spring.jpa.open-in-view is enabled by default. Therefore, database queries may be performed during view rendering. Explicitly configure spring.jpa.open-in-view to disable this warning
2024-05-07 20:47:17,445 INFO o.a.j.l.DirectJDKLog [main] Starting ProtocolHandler ["http-nio-8080"]
2024-05-07 20:47:17,462 INFO o.s.b.w.e.t.TomcatWebServer [main] Tomcat started on port 8080 (http) with context path ''
2024-05-07 20:47:17,475 INFO o.s.b.StartupInfoLogger [main] Started Xx2Application in 16.588 seconds (process running for 18.653)
2024-05-07 20:47:24,076 INFO o.a.j.l.DirectJDKLog [http-nio-8080-exec-1] Initializing Spring DispatcherServlet 'dispatcherServlet'
2024-05-07 20:47:24,080 INFO o.s.w.s.FrameworkServlet [http-nio-8080-exec-1] Initializing Servlet 'dispatcherServlet'
2024-05-07 20:47:24,083 INFO o.s.w.s.FrameworkServlet [http-nio-8080-exec-1] Completed initialization in 3 ms
2024-05-07 20:48:05,315 WARN c.z.h.p.HikariPool$HouseKeeper [HikariPool-1 housekeeper] HikariPool-1 - Thread starvation or clock leap detected (housekeeper delta=58s740ms729µs577ns).
2024-05-07 20:53:20,311 INFO o.s.o.j.AbstractEntityManagerFactoryBean [SpringApplicationShutdownHook] Closing JPA EntityManagerFactory for persistence unit 'default'
2024-05-07 20:53:20,314 INFO c.z.h.HikariDataSource [SpringApplicationShutdownHook] HikariPool-1 - Shutdown initiated...
2024-05-07 20:53:20,320 INFO c.z.h.HikariDataSource [SpringApplicationShutdownHook] HikariPool-1 - Shutdown completed.
2024-05-07 20:53:27,166 INFO o.s.b.StartupInfoLogger [main] Starting Xx2Application using Java 21.0.2 with PID 45099 (/home/birruby/Documents/work/binar/sinergy7/git/Chapter5/xx2/target/classes started by birruby in /home/birruby/Documents/work/binar/sinergy7/git/Chapter5/xx2)
2024-05-07 20:53:27,170 INFO o.s.b.SpringApplication [main] No active profile set, falling back to 1 default profile: "default"
2024-05-07 20:53:28,123 INFO o.s.d.r.c.RepositoryConfigurationDelegate [main] Bootstrapping Spring Data JPA repositories in DEFAULT mode.
2024-05-07 20:53:28,204 INFO o.s.d.r.c.RepositoryConfigurationDelegate [main] Finished Spring Data repository scanning in 70 ms. Found 3 JPA repository interfaces.
2024-05-07 20:53:28,891 INFO o.s.b.w.e.t.TomcatWebServer [main] Tomcat initialized with port 8080 (http)
2024-05-07 20:53:28,909 INFO o.a.j.l.DirectJDKLog [main] Initializing ProtocolHandler ["http-nio-8080"]
2024-05-07 20:53:28,912 INFO o.a.j.l.DirectJDKLog [main] Starting service [Tomcat]
2024-05-07 20:53:28,912 INFO o.a.j.l.DirectJDKLog [main] Starting Servlet engine: [Apache Tomcat/10.1.20]
2024-05-07 20:53:28,971 INFO o.a.j.l.DirectJDKLog [main] Initializing Spring embedded WebApplicationContext
2024-05-07 20:53:28,972 INFO o.s.b.w.s.c.ServletWebServerApplicationContext [main] Root WebApplicationContext: initialization completed in 1740 ms
2024-05-07 20:53:29,226 INFO o.h.j.i.u.LogHelper [main] HHH000204: Processing PersistenceUnitInfo [name: default]
2024-05-07 20:53:29,290 INFO o.h.Version [main] HHH000412: Hibernate ORM core version 6.4.4.Final
2024-05-07 20:53:29,327 INFO o.h.c.i.RegionFactoryInitiator [main] HHH000026: Second-level cache disabled
2024-05-07 20:53:29,607 INFO o.s.o.j.p.SpringPersistenceUnitInfo [main] No LoadTimeWeaver setup: ignoring JPA class transformer
2024-05-07 20:53:29,639 INFO c.z.h.HikariDataSource [main] HikariPool-1 - Starting...
2024-05-07 20:53:29,751 INFO c.z.h.p.HikariPool [main] HikariPool-1 - Added connection org.postgresql.jdbc.PgConnection@5c8ab9de
2024-05-07 20:53:29,753 INFO c.z.h.HikariDataSource [main] HikariPool-1 - Start completed.
2024-05-07 20:53:29,785 WARN o.h.e.j.d.i.DialectFactoryImpl [main] HHH90000025: PostgreSQLDialect does not need to be specified explicitly using 'hibernate.dialect' (remove the property setting and it will be selected by default)
2024-05-07 20:53:31,175 INFO o.h.e.t.j.p.i.JtaPlatformInitiator [main] HHH000489: No JTA platform available (set 'hibernate.transaction.jta.platform' to enable JTA platform integration)
2024-05-07 20:53:31,289 INFO o.s.o.j.AbstractEntityManagerFactoryBean [main] Initialized JPA EntityManagerFactory for persistence unit 'default'
2024-05-07 20:53:31,869 INFO o.s.d.j.r.q.QueryEnhancerFactory [main] Hibernate is in classpath; If applicable, HQL parser will be used.
2024-05-07 20:53:31,965 WARN o.s.b.a.o.j.JpaBaseConfiguration$JpaWebConfiguration [main] spring.jpa.open-in-view is enabled by default. Therefore, database queries may be performed during view rendering. Explicitly configure spring.jpa.open-in-view to disable this warning
2024-05-07 20:53:32,525 INFO o.a.j.l.DirectJDKLog [main] Starting ProtocolHandler ["http-nio-8080"]
2024-05-07 20:53:32,543 INFO o.s.b.w.e.t.TomcatWebServer [main] Tomcat started on port 8080 (http) with context path ''
2024-05-07 20:53:32,561 INFO o.s.b.StartupInfoLogger [main] Started Xx2Application in 6.285 seconds (process running for 7.493)
2024-05-07 20:53:51,935 INFO o.a.j.l.DirectJDKLog [http-nio-8080-exec-2] Initializing Spring DispatcherServlet 'dispatcherServlet'
2024-05-07 20:53:51,936 INFO o.s.w.s.FrameworkServlet [http-nio-8080-exec-2] Initializing Servlet 'dispatcherServlet'
2024-05-07 20:53:51,938 INFO o.s.w.s.FrameworkServlet [http-nio-8080-exec-2] Completed initialization in 2 ms
2024-05-07 20:54:21,782 WARN c.z.h.p.HikariPool$HouseKeeper [HikariPool-1 housekeeper] HikariPool-1 - Thread starvation or clock leap detected (housekeeper delta=51s928ms899µs919ns).
2024-05-07 20:57:57,871 INFO o.s.o.j.AbstractEntityManagerFactoryBean [SpringApplicationShutdownHook] Closing JPA EntityManagerFactory for persistence unit 'default'
2024-05-07 20:57:57,878 INFO c.z.h.HikariDataSource [SpringApplicationShutdownHook] HikariPool-1 - Shutdown initiated...
2024-05-07 20:57:57,890 INFO c.z.h.HikariDataSource [SpringApplicationShutdownHook] HikariPool-1 - Shutdown completed.
2024-05-07 20:58:04,486 INFO o.s.b.StartupInfoLogger [main] Starting Xx2Application using Java 21.0.2 with PID 45510 (/home/birruby/Documents/work/binar/sinergy7/git/Chapter5/xx2/target/classes started by birruby in /home/birruby/Documents/work/binar/sinergy7/git/Chapter5/xx2)
2024-05-07 20:58:04,489 INFO o.s.b.SpringApplication [main] No active profile set, falling back to 1 default profile: "default"
2024-05-07 20:58:05,794 INFO o.s.d.r.c.RepositoryConfigurationDelegate [main] Bootstrapping Spring Data JPA repositories in DEFAULT mode.
2024-05-07 20:58:05,901 INFO o.s.d.r.c.RepositoryConfigurationDelegate [main] Finished Spring Data repository scanning in 96 ms. Found 3 JPA repository interfaces.
2024-05-07 20:58:06,792 INFO o.s.b.w.e.t.TomcatWebServer [main] Tomcat initialized with port 8080 (http)
2024-05-07 20:58:06,811 INFO o.a.j.l.DirectJDKLog [main] Initializing ProtocolHandler ["http-nio-8080"]
2024-05-07 20:58:06,816 INFO o.a.j.l.DirectJDKLog [main] Starting service [Tomcat]
2024-05-07 20:58:06,818 INFO o.a.j.l.DirectJDKLog [main] Starting Servlet engine: [Apache Tomcat/10.1.20]
2024-05-07 20:58:06,885 INFO o.a.j.l.DirectJDKLog [main] Initializing Spring embedded WebApplicationContext
2024-05-07 20:58:06,886 INFO o.s.b.w.s.c.ServletWebServerApplicationContext [main] Root WebApplicationContext: initialization completed in 2298 ms
2024-05-07 20:58:07,161 INFO o.h.j.i.u.LogHelper [main] HHH000204: Processing PersistenceUnitInfo [name: default]
2024-05-07 20:58:07,262 INFO o.h.Version [main] HHH000412: Hibernate ORM core version 6.4.4.Final
2024-05-07 20:58:07,313 INFO o.h.c.i.RegionFactoryInitiator [main] HHH000026: Second-level cache disabled
2024-05-07 20:58:07,666 INFO o.s.o.j.p.SpringPersistenceUnitInfo [main] No LoadTimeWeaver setup: ignoring JPA class transformer
2024-05-07 20:58:07,705 INFO c.z.h.HikariDataSource [main] HikariPool-1 - Starting...
2024-05-07 20:58:07,851 INFO c.z.h.p.HikariPool [main] HikariPool-1 - Added connection org.postgresql.jdbc.PgConnection@138a85d3
2024-05-07 20:58:07,855 INFO c.z.h.HikariDataSource [main] HikariPool-1 - Start completed.
2024-05-07 20:58:07,898 WARN o.h.e.j.d.i.DialectFactoryImpl [main] HHH90000025: PostgreSQLDialect does not need to be specified explicitly using 'hibernate.dialect' (remove the property setting and it will be selected by default)
2024-05-07 20:58:09,449 INFO o.h.e.t.j.p.i.JtaPlatformInitiator [main] HHH000489: No JTA platform available (set 'hibernate.transaction.jta.platform' to enable JTA platform integration)
2024-05-07 20:58:09,606 INFO o.s.o.j.AbstractEntityManagerFactoryBean [main] Initialized JPA EntityManagerFactory for persistence unit 'default'
2024-05-07 20:58:10,210 INFO o.s.d.j.r.q.QueryEnhancerFactory [main] Hibernate is in classpath; If applicable, HQL parser will be used.
2024-05-07 20:58:10,300 WARN o.s.b.a.o.j.JpaBaseConfiguration$JpaWebConfiguration [main] spring.jpa.open-in-view is enabled by default. Therefore, database queries may be performed during view rendering. Explicitly configure spring.jpa.open-in-view to disable this warning
2024-05-07 20:58:10,795 INFO o.a.j.l.DirectJDKLog [main] Starting ProtocolHandler ["http-nio-8080"]
2024-05-07 20:58:10,814 INFO o.s.b.w.e.t.TomcatWebServer [main] Tomcat started on port 8080 (http) with context path ''
2024-05-07 20:58:10,828 INFO o.s.b.StartupInfoLogger [main] Started Xx2Application in 7.399 seconds (process running for 8.652)
2024-05-07 20:58:19,385 INFO o.a.j.l.DirectJDKLog [http-nio-8080-exec-2] Initializing Spring DispatcherServlet 'dispatcherServlet'
2024-05-07 20:58:19,386 INFO o.s.w.s.FrameworkServlet [http-nio-8080-exec-2] Initializing Servlet 'dispatcherServlet'
2024-05-07 20:58:19,387 INFO o.s.w.s.FrameworkServlet [http-nio-8080-exec-2] Completed initialization in 1 ms
2024-05-07 21:29:42,532 INFO o.s.o.j.AbstractEntityManagerFactoryBean [SpringApplicationShutdownHook] Closing JPA EntityManagerFactory for persistence unit 'default'
2024-05-07 21:29:42,535 INFO c.z.h.HikariDataSource [SpringApplicationShutdownHook] HikariPool-1 - Shutdown initiated...
2024-05-07 21:29:42,540 INFO c.z.h.HikariDataSource [SpringApplicationShutdownHook] HikariPool-1 - Shutdown completed.
2024-05-07 21:36:00,706 INFO o.s.b.StartupInfoLogger [main] Starting Xx2Application using Java 21.0.2 with PID 48265 (/home/birruby/Documents/work/binar/sinergy7/git/Chapter5/xx2/target/classes started by birruby in /home/birruby/Documents/work/binar/sinergy7/git/Chapter5/xx2)
2024-05-07 21:36:00,712 INFO o.s.b.SpringApplication [main] No active profile set, falling back to 1 default profile: "default"
2024-05-07 21:36:01,850 INFO o.s.d.r.c.RepositoryConfigurationDelegate [main] Bootstrapping Spring Data JPA repositories in DEFAULT mode.
2024-05-07 21:36:01,946 INFO o.s.d.r.c.RepositoryConfigurationDelegate [main] Finished Spring Data repository scanning in 86 ms. Found 3 JPA repository interfaces.
2024-05-07 21:36:02,677 INFO o.s.b.w.e.t.TomcatWebServer [main] Tomcat initialized with port 8080 (http)
2024-05-07 21:36:02,701 INFO o.a.j.l.DirectJDKLog [main] Initializing ProtocolHandler ["http-nio-8080"]
2024-05-07 21:36:02,706 INFO o.a.j.l.DirectJDKLog [main] Starting service [Tomcat]
2024-05-07 21:36:02,707 INFO o.a.j.l.DirectJDKLog [main] Starting Servlet engine: [Apache Tomcat/10.1.20]
2024-05-07 21:36:02,792 INFO o.a.j.l.DirectJDKLog [main] Initializing Spring embedded WebApplicationContext
2024-05-07 21:36:02,793 INFO o.s.b.w.s.c.ServletWebServerApplicationContext [main] Root WebApplicationContext: initialization completed in 1975 ms
2024-05-07 21:36:03,032 INFO o.h.j.i.u.LogHelper [main] HHH000204: Processing PersistenceUnitInfo [name: default]
2024-05-07 21:36:03,096 INFO o.h.Version [main] HHH000412: Hibernate ORM core version 6.4.4.Final
2024-05-07 21:36:03,136 INFO o.h.c.i.RegionFactoryInitiator [main] HHH000026: Second-level cache disabled
2024-05-07 21:36:03,456 INFO o.s.o.j.p.SpringPersistenceUnitInfo [main] No LoadTimeWeaver setup: ignoring JPA class transformer
2024-05-07 21:36:03,484 INFO c.z.h.HikariDataSource [main] HikariPool-1 - Starting...
2024-05-07 21:36:03,601 INFO c.z.h.p.HikariPool [main] HikariPool-1 - Added connection org.postgresql.jdbc.PgConnection@7ab33ca8
2024-05-07 21:36:03,604 INFO c.z.h.HikariDataSource [main] HikariPool-1 - Start completed.
2024-05-07 21:36:03,636 WARN o.h.e.j.d.i.DialectFactoryImpl [main] HHH90000025: PostgreSQLDialect does not need to be specified explicitly using 'hibernate.dialect' (remove the property setting and it will be selected by default)
2024-05-07 21:36:04,973 INFO o.h.e.t.j.p.i.JtaPlatformInitiator [main] HHH000489: No JTA platform available (set 'hibernate.transaction.jta.platform' to enable JTA platform integration)
2024-05-07 21:36:05,087 INFO o.s.o.j.AbstractEntityManagerFactoryBean [main] Initialized JPA EntityManagerFactory for persistence unit 'default'
2024-05-07 21:36:05,587 INFO o.s.d.j.r.q.QueryEnhancerFactory [main] Hibernate is in classpath; If applicable, HQL parser will be used.
2024-05-07 21:36:05,659 WARN o.s.b.a.o.j.JpaBaseConfiguration$JpaWebConfiguration [main] spring.jpa.open-in-view is enabled by default. Therefore, database queries may be performed during view rendering. Explicitly configure spring.jpa.open-in-view to disable this warning
2024-05-07 21:36:06,480 INFO o.a.j.l.DirectJDKLog [main] Starting ProtocolHandler ["http-nio-8080"]
2024-05-07 21:36:06,502 INFO o.s.b.w.e.t.TomcatWebServer [main] Tomcat started on port 8080 (http) with context path ''
2024-05-07 21:36:06,516 INFO o.s.b.StartupInfoLogger [main] Started Xx2Application in 6.781 seconds (process running for 8.064)
2024-05-07 22:01:15,998 INFO o.s.o.j.AbstractEntityManagerFactoryBean [SpringApplicationShutdownHook] Closing JPA EntityManagerFactory for persistence unit 'default'
2024-05-07 22:01:16,000 INFO c.z.h.HikariDataSource [SpringApplicationShutdownHook] HikariPool-1 - Shutdown initiated...
2024-05-07 22:01:16,003 INFO c.z.h.HikariDataSource [SpringApplicationShutdownHook] HikariPool-1 - Shutdown completed.
